{"/Users/theenukabandara/Desktop/Final_Project/Hotel Reservation/hotel-booking-frontend/src/App.tsx": {"path":"/Users/theenukabandara/Desktop/Final_Project/Hotel Reservation/hotel-booking-frontend/src/App.tsx","statementMap":{"0":{"start":{"line":29,"column":12},"end":{"line":195,"column":null}},"1":{"start":{"line":30,"column":33},"end":{"line":30,"column":null}},"2":{"start":{"line":31,"column":18},"end":{"line":31,"column":null}},"3":{"start":{"line":32,"column":26},"end":{"line":32,"column":null}},"4":{"start":{"line":33,"column":27},"end":{"line":33,"column":null}},"5":{"start":{"line":34,"column":18},"end":{"line":34,"column":null}}},"fnMap":{"0":{"name":"(anonymous_0)","decl":{"start":{"line":29,"column":12},"end":{"line":29,"column":null}},"loc":{"start":{"line":29,"column":12},"end":{"line":195,"column":null}},"line":29}},"branchMap":{"0":{"loc":{"start":{"line":32,"column":26},"end":{"line":32,"column":null}},"type":"binary-expr","locations":[{"start":{"line":32,"column":26},"end":{"line":32,"column":56}},{"start":{"line":32,"column":56},"end":{"line":32,"column":null}}],"line":32},"1":{"loc":{"start":{"line":33,"column":27},"end":{"line":33,"column":null}},"type":"binary-expr","locations":[{"start":{"line":33,"column":27},"end":{"line":33,"column":46}},{"start":{"line":33,"column":46},"end":{"line":33,"column":null}}],"line":33},"2":{"loc":{"start":{"line":34,"column":18},"end":{"line":34,"column":null}},"type":"binary-expr","locations":[{"start":{"line":34,"column":18},"end":{"line":34,"column":42}},{"start":{"line":34,"column":42},"end":{"line":34,"column":66}},{"start":{"line":34,"column":66},"end":{"line":34,"column":null}}],"line":34},"3":{"loc":{"start":{"line":83,"column":12},"end":{"line":83,"column":null}},"type":"binary-expr","locations":[{"start":{"line":83,"column":12},"end":{"line":83,"column":26}},{"start":{"line":83,"column":26},"end":{"line":83,"column":null}}],"line":83}},"s":{"0":1,"1":2,"2":2,"3":2,"4":2,"5":2},"f":{"0":2},"b":{"0":[2,2],"1":[2,2],"2":[2,2,2],"3":[2,0]},"meta":{"lastBranch":4,"lastFunction":1,"lastStatement":6,"seen":{"s:29:12:195:Infinity":0,"f:29:12:29:Infinity":0,"s:30:33:30:Infinity":1,"s:31:18:31:Infinity":2,"s:32:26:32:Infinity":3,"b:32:26:32:56:32:56:32:Infinity":0,"s:33:27:33:Infinity":4,"b:33:27:33:46:33:46:33:Infinity":1,"s:34:18:34:Infinity":5,"b:34:18:34:42:34:42:34:66:34:66:34:Infinity":2,"b:83:12:83:26:83:26:83:Infinity":3}}}
,"/Users/theenukabandara/Desktop/Final_Project/Hotel Reservation/hotel-booking-frontend/src/api-client.ts": {"path":"/Users/theenukabandara/Desktop/Final_Project/Hotel Reservation/hotel-booking-frontend/src/api-client.ts","statementMap":{"0":{"start":{"line":16,"column":32},"end":{"line":19,"column":null}},"1":{"start":{"line":17,"column":19},"end":{"line":17,"column":null}},"2":{"start":{"line":18,"column":2},"end":{"line":18,"column":null}},"3":{"start":{"line":22,"column":31},"end":{"line":30,"column":null}},"4":{"start":{"line":23,"column":2},"end":{"line":23,"column":null}},"5":{"start":{"line":24,"column":2},"end":{"line":24,"column":null}},"6":{"start":{"line":25,"column":2},"end":{"line":29,"column":null}},"7":{"start":{"line":26,"column":4},"end":{"line":28,"column":null}},"8":{"start":{"line":32,"column":26},"end":{"line":39,"column":null}},"9":{"start":{"line":33,"column":19},"end":{"line":37,"column":null}},"10":{"start":{"line":38,"column":2},"end":{"line":38,"column":null}},"11":{"start":{"line":41,"column":29},"end":{"line":44,"column":null}},"12":{"start":{"line":42,"column":19},"end":{"line":42,"column":null}},"13":{"start":{"line":43,"column":2},"end":{"line":43,"column":null}},"14":{"start":{"line":46,"column":32},"end":{"line":49,"column":null}},"15":{"start":{"line":47,"column":19},"end":{"line":47,"column":null}},"16":{"start":{"line":48,"column":2},"end":{"line":48,"column":null}},"17":{"start":{"line":51,"column":33},"end":{"line":63,"column":null}},"18":{"start":{"line":52,"column":18},"end":{"line":52,"column":null}},"19":{"start":{"line":53,"column":19},"end":{"line":60,"column":null}},"20":{"start":{"line":62,"column":2},"end":{"line":62,"column":null}},"21":{"start":{"line":65,"column":33},"end":{"line":68,"column":null}},"22":{"start":{"line":66,"column":19},"end":{"line":66,"column":null}},"23":{"start":{"line":67,"column":2},"end":{"line":67,"column":null}},"24":{"start":{"line":70,"column":28},"end":{"line":73,"column":null}},"25":{"start":{"line":71,"column":19},"end":{"line":71,"column":null}},"26":{"start":{"line":72,"column":2},"end":{"line":72,"column":null}},"27":{"start":{"line":75,"column":30},"end":{"line":82,"column":null}},"28":{"start":{"line":76,"column":19},"end":{"line":80,"column":null}},"29":{"start":{"line":81,"column":2},"end":{"line":81,"column":null}},"30":{"start":{"line":84,"column":30},"end":{"line":91,"column":null}},"31":{"start":{"line":85,"column":19},"end":{"line":89,"column":null}},"32":{"start":{"line":90,"column":2},"end":{"line":90,"column":null}},"33":{"start":{"line":93,"column":30},"end":{"line":96,"column":null}},"34":{"start":{"line":94,"column":19},"end":{"line":94,"column":null}},"35":{"start":{"line":95,"column":2},"end":{"line":95,"column":null}},"36":{"start":{"line":98,"column":24},"end":{"line":103,"column":null}},"37":{"start":{"line":99,"column":19},"end":{"line":101,"column":null}},"38":{"start":{"line":102,"column":2},"end":{"line":102,"column":null}},"39":{"start":{"line":105,"column":26},"end":{"line":108,"column":null}},"40":{"start":{"line":106,"column":19},"end":{"line":106,"column":null}},"41":{"start":{"line":107,"column":2},"end":{"line":107,"column":null}},"42":{"start":{"line":110,"column":26},"end":{"line":113,"column":null}},"43":{"start":{"line":111,"column":19},"end":{"line":111,"column":null}},"44":{"start":{"line":112,"column":2},"end":{"line":112,"column":null}},"45":{"start":{"line":115,"column":26},"end":{"line":118,"column":null}},"46":{"start":{"line":116,"column":19},"end":{"line":116,"column":null}},"47":{"start":{"line":117,"column":2},"end":{"line":117,"column":null}},"48":{"start":{"line":120,"column":31},"end":{"line":123,"column":null}},"49":{"start":{"line":121,"column":19},"end":{"line":121,"column":null}},"50":{"start":{"line":122,"column":2},"end":{"line":122,"column":null}},"51":{"start":{"line":142,"column":28},"end":{"line":169,"column":null}},"52":{"start":{"line":145,"column":22},"end":{"line":145,"column":null}},"53":{"start":{"line":147,"column":2},"end":{"line":149,"column":null}},"54":{"start":{"line":148,"column":4},"end":{"line":148,"column":null}},"55":{"start":{"line":151,"column":2},"end":{"line":151,"column":null}},"56":{"start":{"line":151,"column":28},"end":{"line":151,"column":null}},"57":{"start":{"line":152,"column":2},"end":{"line":152,"column":null}},"58":{"start":{"line":152,"column":29},"end":{"line":152,"column":null}},"59":{"start":{"line":153,"column":2},"end":{"line":153,"column":null}},"60":{"start":{"line":153,"column":31},"end":{"line":153,"column":null}},"61":{"start":{"line":154,"column":2},"end":{"line":154,"column":null}},"62":{"start":{"line":154,"column":31},"end":{"line":154,"column":null}},"63":{"start":{"line":155,"column":2},"end":{"line":155,"column":null}},"64":{"start":{"line":155,"column":25},"end":{"line":155,"column":null}},"65":{"start":{"line":156,"column":2},"end":{"line":156,"column":null}},"66":{"start":{"line":156,"column":29},"end":{"line":156,"column":null}},"67":{"start":{"line":157,"column":2},"end":{"line":157,"column":null}},"68":{"start":{"line":157,"column":31},"end":{"line":157,"column":null}},"69":{"start":{"line":158,"column":2},"end":{"line":158,"column":null}},"70":{"start":{"line":158,"column":31},"end":{"line":158,"column":null}},"71":{"start":{"line":160,"column":2},"end":{"line":161,"column":null}},"72":{"start":{"line":161,"column":4},"end":{"line":161,"column":null}},"73":{"start":{"line":164,"column":2},"end":{"line":164,"column":null}},"74":{"start":{"line":164,"column":40},"end":{"line":164,"column":null}},"75":{"start":{"line":165,"column":2},"end":{"line":165,"column":null}},"76":{"start":{"line":165,"column":40},"end":{"line":165,"column":null}},"77":{"start":{"line":167,"column":19},"end":{"line":167,"column":null}},"78":{"start":{"line":168,"column":2},"end":{"line":168,"column":null}},"79":{"start":{"line":171,"column":27},"end":{"line":174,"column":null}},"80":{"start":{"line":172,"column":19},"end":{"line":172,"column":null}},"81":{"start":{"line":173,"column":2},"end":{"line":173,"column":null}},"82":{"start":{"line":176,"column":30},"end":{"line":179,"column":null}},"83":{"start":{"line":177,"column":19},"end":{"line":177,"column":null}},"84":{"start":{"line":178,"column":2},"end":{"line":178,"column":null}},"85":{"start":{"line":181,"column":35},"end":{"line":192,"column":null}},"86":{"start":{"line":187,"column":19},"end":{"line":189,"column":null}},"87":{"start":{"line":191,"column":2},"end":{"line":191,"column":null}},"88":{"start":{"line":194,"column":33},"end":{"line":200,"column":null}},"89":{"start":{"line":195,"column":19},"end":{"line":197,"column":null}},"90":{"start":{"line":199,"column":2},"end":{"line":199,"column":null}},"91":{"start":{"line":202,"column":31},"end":{"line":205,"column":null}},"92":{"start":{"line":203,"column":19},"end":{"line":203,"column":null}},"93":{"start":{"line":204,"column":2},"end":{"line":204,"column":null}},"94":{"start":{"line":207,"column":34},"end":{"line":212,"column":null}},"95":{"start":{"line":210,"column":19},"end":{"line":210,"column":null}},"96":{"start":{"line":211,"column":2},"end":{"line":211,"column":null}},"97":{"start":{"line":215,"column":46},"end":{"line":218,"column":null}},"98":{"start":{"line":216,"column":19},"end":{"line":216,"column":null}},"99":{"start":{"line":217,"column":2},"end":{"line":217,"column":null}},"100":{"start":{"line":220,"column":45},"end":{"line":223,"column":null}},"101":{"start":{"line":221,"column":19},"end":{"line":221,"column":null}},"102":{"start":{"line":222,"column":2},"end":{"line":222,"column":null}},"103":{"start":{"line":225,"column":48},"end":{"line":230,"column":null}},"104":{"start":{"line":226,"column":19},"end":{"line":227,"column":null}},"105":{"start":{"line":229,"column":2},"end":{"line":229,"column":null}},"106":{"start":{"line":233,"column":29},"end":{"line":236,"column":null}},"107":{"start":{"line":234,"column":19},"end":{"line":234,"column":null}},"108":{"start":{"line":235,"column":2},"end":{"line":235,"column":null}},"109":{"start":{"line":252,"column":33},"end":{"line":255,"column":null}},"110":{"start":{"line":253,"column":19},"end":{"line":253,"column":null}},"111":{"start":{"line":254,"column":2},"end":{"line":254,"column":null}},"112":{"start":{"line":267,"column":45},"end":{"line":272,"column":null}},"113":{"start":{"line":270,"column":19},"end":{"line":270,"column":null}},"114":{"start":{"line":271,"column":2},"end":{"line":271,"column":null}},"115":{"start":{"line":274,"column":42},"end":{"line":277,"column":null}},"116":{"start":{"line":275,"column":19},"end":{"line":275,"column":null}},"117":{"start":{"line":276,"column":2},"end":{"line":276,"column":null}},"118":{"start":{"line":289,"column":30},"end":{"line":292,"column":null}},"119":{"start":{"line":290,"column":19},"end":{"line":290,"column":null}},"120":{"start":{"line":291,"column":2},"end":{"line":291,"column":null}},"121":{"start":{"line":295,"column":29},"end":{"line":303,"column":null}},"122":{"start":{"line":299,"column":19},"end":{"line":301,"column":null}},"123":{"start":{"line":302,"column":2},"end":{"line":302,"column":null}},"124":{"start":{"line":316,"column":32},"end":{"line":319,"column":null}},"125":{"start":{"line":317,"column":19},"end":{"line":317,"column":null}},"126":{"start":{"line":318,"column":2},"end":{"line":318,"column":null}},"127":{"start":{"line":321,"column":36},"end":{"line":323,"column":null}},"128":{"start":{"line":322,"column":2},"end":{"line":322,"column":null}},"129":{"start":{"line":325,"column":40},"end":{"line":327,"column":null}},"130":{"start":{"line":326,"column":2},"end":{"line":326,"column":null}},"131":{"start":{"line":329,"column":42},"end":{"line":332,"column":null}},"132":{"start":{"line":330,"column":19},"end":{"line":330,"column":null}},"133":{"start":{"line":331,"column":2},"end":{"line":331,"column":null}},"134":{"start":{"line":388,"column":39},"end":{"line":398,"column":null}},"135":{"start":{"line":393,"column":19},"end":{"line":395,"column":null}},"136":{"start":{"line":397,"column":2},"end":{"line":397,"column":null}},"137":{"start":{"line":401,"column":28},"end":{"line":410,"column":null}},"138":{"start":{"line":405,"column":19},"end":{"line":407,"column":null}},"139":{"start":{"line":409,"column":2},"end":{"line":409,"column":null}},"140":{"start":{"line":413,"column":37},"end":{"line":416,"column":null}},"141":{"start":{"line":414,"column":19},"end":{"line":414,"column":null}},"142":{"start":{"line":415,"column":2},"end":{"line":415,"column":null}},"143":{"start":{"line":419,"column":40},"end":{"line":432,"column":null}},"144":{"start":{"line":427,"column":19},"end":{"line":429,"column":null}},"145":{"start":{"line":431,"column":2},"end":{"line":431,"column":null}},"146":{"start":{"line":435,"column":37},"end":{"line":444,"column":null}},"147":{"start":{"line":439,"column":19},"end":{"line":441,"column":null}},"148":{"start":{"line":443,"column":2},"end":{"line":443,"column":null}},"149":{"start":{"line":447,"column":37},"end":{"line":462,"column":null}},"150":{"start":{"line":457,"column":19},"end":{"line":459,"column":null}},"151":{"start":{"line":461,"column":2},"end":{"line":461,"column":null}}},"fnMap":{"0":{"name":"(anonymous_0)","decl":{"start":{"line":16,"column":32},"end":{"line":16,"column":null}},"loc":{"start":{"line":16,"column":32},"end":{"line":19,"column":null}},"line":16},"1":{"name":"(anonymous_1)","decl":{"start":{"line":22,"column":31},"end":{"line":22,"column":null}},"loc":{"start":{"line":22,"column":31},"end":{"line":30,"column":null}},"line":22},"2":{"name":"(anonymous_2)","decl":{"start":{"line":25,"column":37},"end":{"line":25,"column":38}},"loc":{"start":{"line":25,"column":38},"end":{"line":29,"column":null}},"line":25},"3":{"name":"(anonymous_3)","decl":{"start":{"line":32,"column":26},"end":{"line":32,"column":33}},"loc":{"start":{"line":32,"column":33},"end":{"line":39,"column":null}},"line":32},"4":{"name":"(anonymous_4)","decl":{"start":{"line":41,"column":29},"end":{"line":41,"column":null}},"loc":{"start":{"line":41,"column":29},"end":{"line":44,"column":null}},"line":41},"5":{"name":"(anonymous_5)","decl":{"start":{"line":46,"column":32},"end":{"line":46,"column":39}},"loc":{"start":{"line":46,"column":39},"end":{"line":49,"column":null}},"line":46},"6":{"name":"(anonymous_6)","decl":{"start":{"line":51,"column":33},"end":{"line":51,"column":40}},"loc":{"start":{"line":51,"column":40},"end":{"line":63,"column":null}},"line":51},"7":{"name":"(anonymous_7)","decl":{"start":{"line":65,"column":33},"end":{"line":65,"column":40}},"loc":{"start":{"line":65,"column":40},"end":{"line":68,"column":null}},"line":65},"8":{"name":"(anonymous_8)","decl":{"start":{"line":70,"column":28},"end":{"line":70,"column":35}},"loc":{"start":{"line":70,"column":35},"end":{"line":73,"column":null}},"line":70},"9":{"name":"(anonymous_9)","decl":{"start":{"line":75,"column":30},"end":{"line":75,"column":37}},"loc":{"start":{"line":75,"column":54},"end":{"line":82,"column":null}},"line":75},"10":{"name":"(anonymous_10)","decl":{"start":{"line":84,"column":30},"end":{"line":84,"column":37}},"loc":{"start":{"line":84,"column":74},"end":{"line":91,"column":null}},"line":84},"11":{"name":"(anonymous_11)","decl":{"start":{"line":93,"column":30},"end":{"line":93,"column":37}},"loc":{"start":{"line":93,"column":54},"end":{"line":96,"column":null}},"line":93},"12":{"name":"(anonymous_12)","decl":{"start":{"line":98,"column":24},"end":{"line":98,"column":31}},"loc":{"start":{"line":98,"column":48},"end":{"line":103,"column":null}},"line":98},"13":{"name":"(anonymous_13)","decl":{"start":{"line":105,"column":26},"end":{"line":105,"column":33}},"loc":{"start":{"line":105,"column":50},"end":{"line":108,"column":null}},"line":105},"14":{"name":"(anonymous_14)","decl":{"start":{"line":110,"column":26},"end":{"line":110,"column":33}},"loc":{"start":{"line":110,"column":66},"end":{"line":113,"column":null}},"line":110},"15":{"name":"(anonymous_15)","decl":{"start":{"line":115,"column":26},"end":{"line":115,"column":33}},"loc":{"start":{"line":115,"column":50},"end":{"line":118,"column":null}},"line":115},"16":{"name":"(anonymous_16)","decl":{"start":{"line":120,"column":31},"end":{"line":120,"column":null}},"loc":{"start":{"line":120,"column":31},"end":{"line":123,"column":null}},"line":120},"17":{"name":"(anonymous_17)","decl":{"start":{"line":142,"column":28},"end":{"line":142,"column":null}},"loc":{"start":{"line":143,"column":2},"end":{"line":169,"column":null}},"line":143},"18":{"name":"(anonymous_18)","decl":{"start":{"line":160,"column":35},"end":{"line":160,"column":36}},"loc":{"start":{"line":161,"column":4},"end":{"line":161,"column":null}},"line":161},"19":{"name":"(anonymous_19)","decl":{"start":{"line":164,"column":30},"end":{"line":164,"column":31}},"loc":{"start":{"line":164,"column":40},"end":{"line":164,"column":null}},"line":164},"20":{"name":"(anonymous_20)","decl":{"start":{"line":165,"column":30},"end":{"line":165,"column":31}},"loc":{"start":{"line":165,"column":40},"end":{"line":165,"column":null}},"line":165},"21":{"name":"(anonymous_21)","decl":{"start":{"line":171,"column":27},"end":{"line":171,"column":null}},"loc":{"start":{"line":171,"column":27},"end":{"line":174,"column":null}},"line":171},"22":{"name":"(anonymous_22)","decl":{"start":{"line":176,"column":30},"end":{"line":176,"column":37}},"loc":{"start":{"line":176,"column":37},"end":{"line":179,"column":null}},"line":176},"23":{"name":"(anonymous_23)","decl":{"start":{"line":181,"column":35},"end":{"line":181,"column":null}},"loc":{"start":{"line":185,"column":2},"end":{"line":192,"column":null}},"line":185},"24":{"name":"(anonymous_24)","decl":{"start":{"line":194,"column":33},"end":{"line":194,"column":40}},"loc":{"start":{"line":194,"column":40},"end":{"line":200,"column":null}},"line":194},"25":{"name":"(anonymous_25)","decl":{"start":{"line":202,"column":31},"end":{"line":202,"column":null}},"loc":{"start":{"line":202,"column":31},"end":{"line":205,"column":null}},"line":202},"26":{"name":"(anonymous_26)","decl":{"start":{"line":207,"column":34},"end":{"line":207,"column":null}},"loc":{"start":{"line":208,"column":2},"end":{"line":212,"column":null}},"line":208},"27":{"name":"(anonymous_27)","decl":{"start":{"line":215,"column":46},"end":{"line":215,"column":null}},"loc":{"start":{"line":215,"column":46},"end":{"line":218,"column":null}},"line":215},"28":{"name":"(anonymous_28)","decl":{"start":{"line":220,"column":45},"end":{"line":220,"column":null}},"loc":{"start":{"line":220,"column":45},"end":{"line":223,"column":null}},"line":220},"29":{"name":"(anonymous_29)","decl":{"start":{"line":225,"column":48},"end":{"line":225,"column":null}},"loc":{"start":{"line":225,"column":48},"end":{"line":230,"column":null}},"line":225},"30":{"name":"(anonymous_30)","decl":{"start":{"line":233,"column":29},"end":{"line":233,"column":null}},"loc":{"start":{"line":233,"column":29},"end":{"line":236,"column":null}},"line":233},"31":{"name":"(anonymous_31)","decl":{"start":{"line":252,"column":33},"end":{"line":252,"column":40}},"loc":{"start":{"line":252,"column":40},"end":{"line":255,"column":null}},"line":252},"32":{"name":"(anonymous_32)","decl":{"start":{"line":267,"column":45},"end":{"line":267,"column":null}},"loc":{"start":{"line":268,"column":2},"end":{"line":272,"column":null}},"line":268},"33":{"name":"(anonymous_33)","decl":{"start":{"line":274,"column":42},"end":{"line":274,"column":null}},"loc":{"start":{"line":274,"column":42},"end":{"line":277,"column":null}},"line":274},"34":{"name":"(anonymous_34)","decl":{"start":{"line":289,"column":30},"end":{"line":289,"column":null}},"loc":{"start":{"line":289,"column":30},"end":{"line":292,"column":null}},"line":289},"35":{"name":"(anonymous_35)","decl":{"start":{"line":295,"column":29},"end":{"line":295,"column":null}},"loc":{"start":{"line":297,"column":2},"end":{"line":303,"column":null}},"line":297},"36":{"name":"(anonymous_36)","decl":{"start":{"line":316,"column":32},"end":{"line":316,"column":null}},"loc":{"start":{"line":316,"column":32},"end":{"line":319,"column":null}},"line":316},"37":{"name":"(anonymous_37)","decl":{"start":{"line":321,"column":36},"end":{"line":321,"column":43}},"loc":{"start":{"line":321,"column":43},"end":{"line":323,"column":null}},"line":321},"38":{"name":"(anonymous_38)","decl":{"start":{"line":325,"column":40},"end":{"line":325,"column":null}},"loc":{"start":{"line":325,"column":40},"end":{"line":327,"column":null}},"line":325},"39":{"name":"(anonymous_39)","decl":{"start":{"line":329,"column":42},"end":{"line":329,"column":null}},"loc":{"start":{"line":329,"column":42},"end":{"line":332,"column":null}},"line":329},"40":{"name":"(anonymous_40)","decl":{"start":{"line":388,"column":39},"end":{"line":388,"column":null}},"loc":{"start":{"line":391,"column":2},"end":{"line":398,"column":null}},"line":391},"41":{"name":"(anonymous_41)","decl":{"start":{"line":401,"column":28},"end":{"line":401,"column":null}},"loc":{"start":{"line":403,"column":2},"end":{"line":410,"column":null}},"line":403},"42":{"name":"(anonymous_42)","decl":{"start":{"line":413,"column":37},"end":{"line":413,"column":null}},"loc":{"start":{"line":413,"column":37},"end":{"line":416,"column":null}},"line":413},"43":{"name":"(anonymous_43)","decl":{"start":{"line":419,"column":40},"end":{"line":419,"column":null}},"loc":{"start":{"line":421,"column":2},"end":{"line":432,"column":null}},"line":421},"44":{"name":"(anonymous_44)","decl":{"start":{"line":435,"column":37},"end":{"line":435,"column":null}},"loc":{"start":{"line":437,"column":2},"end":{"line":444,"column":null}},"line":437},"45":{"name":"(anonymous_45)","decl":{"start":{"line":447,"column":37},"end":{"line":447,"column":null}},"loc":{"start":{"line":449,"column":2},"end":{"line":462,"column":null}},"line":449}},"branchMap":{"0":{"loc":{"start":{"line":147,"column":2},"end":{"line":149,"column":null}},"type":"if","locations":[{"start":{"line":147,"column":2},"end":{"line":149,"column":null}},{"start":{},"end":{}}],"line":147},"1":{"loc":{"start":{"line":147,"column":6},"end":{"line":147,"column":74}},"type":"binary-expr","locations":[{"start":{"line":147,"column":6},"end":{"line":147,"column":30}},{"start":{"line":147,"column":34},"end":{"line":147,"column":74}}],"line":147},"2":{"loc":{"start":{"line":151,"column":2},"end":{"line":151,"column":null}},"type":"if","locations":[{"start":{"line":151,"column":2},"end":{"line":151,"column":null}},{"start":{},"end":{}}],"line":151},"3":{"loc":{"start":{"line":152,"column":2},"end":{"line":152,"column":null}},"type":"if","locations":[{"start":{"line":152,"column":2},"end":{"line":152,"column":null}},{"start":{},"end":{}}],"line":152},"4":{"loc":{"start":{"line":153,"column":2},"end":{"line":153,"column":null}},"type":"if","locations":[{"start":{"line":153,"column":2},"end":{"line":153,"column":null}},{"start":{},"end":{}}],"line":153},"5":{"loc":{"start":{"line":154,"column":2},"end":{"line":154,"column":null}},"type":"if","locations":[{"start":{"line":154,"column":2},"end":{"line":154,"column":null}},{"start":{},"end":{}}],"line":154},"6":{"loc":{"start":{"line":155,"column":2},"end":{"line":155,"column":null}},"type":"if","locations":[{"start":{"line":155,"column":2},"end":{"line":155,"column":null}},{"start":{},"end":{}}],"line":155},"7":{"loc":{"start":{"line":156,"column":2},"end":{"line":156,"column":null}},"type":"if","locations":[{"start":{"line":156,"column":2},"end":{"line":156,"column":null}},{"start":{},"end":{}}],"line":156},"8":{"loc":{"start":{"line":157,"column":2},"end":{"line":157,"column":null}},"type":"if","locations":[{"start":{"line":157,"column":2},"end":{"line":157,"column":null}},{"start":{},"end":{}}],"line":157},"9":{"loc":{"start":{"line":158,"column":2},"end":{"line":158,"column":null}},"type":"if","locations":[{"start":{"line":158,"column":2},"end":{"line":158,"column":null}},{"start":{},"end":{}}],"line":158},"10":{"loc":{"start":{"line":184,"column":2},"end":{"line":184,"column":23}},"type":"default-arg","locations":[{"start":{"line":184,"column":22},"end":{"line":184,"column":23}}],"line":184}},"s":{"0":1,"1":0,"2":0,"3":1,"4":0,"5":0,"6":0,"7":0,"8":1,"9":0,"10":0,"11":1,"12":0,"13":0,"14":1,"15":0,"16":0,"17":1,"18":0,"19":0,"20":0,"21":1,"22":0,"23":0,"24":1,"25":0,"26":0,"27":1,"28":0,"29":0,"30":1,"31":0,"32":0,"33":1,"34":0,"35":0,"36":1,"37":0,"38":0,"39":1,"40":0,"41":0,"42":1,"43":0,"44":0,"45":1,"46":0,"47":0,"48":1,"49":0,"50":0,"51":1,"52":0,"53":0,"54":0,"55":0,"56":0,"57":0,"58":0,"59":0,"60":0,"61":0,"62":0,"63":0,"64":0,"65":0,"66":0,"67":0,"68":0,"69":0,"70":0,"71":0,"72":0,"73":0,"74":0,"75":0,"76":0,"77":0,"78":0,"79":1,"80":1,"81":0,"82":1,"83":0,"84":0,"85":1,"86":0,"87":0,"88":1,"89":0,"90":0,"91":1,"92":0,"93":0,"94":1,"95":0,"96":0,"97":1,"98":0,"99":0,"100":1,"101":0,"102":0,"103":1,"104":0,"105":0,"106":1,"107":0,"108":0,"109":1,"110":0,"111":0,"112":1,"113":0,"114":0,"115":1,"116":0,"117":0,"118":1,"119":0,"120":0,"121":1,"122":0,"123":0,"124":1,"125":0,"126":0,"127":1,"128":0,"129":1,"130":0,"131":1,"132":0,"133":0,"134":1,"135":0,"136":0,"137":1,"138":0,"139":0,"140":1,"141":0,"142":0,"143":1,"144":0,"145":0,"146":1,"147":0,"148":0,"149":1,"150":0,"151":0},"f":{"0":0,"1":0,"2":0,"3":0,"4":0,"5":0,"6":0,"7":0,"8":0,"9":0,"10":0,"11":0,"12":0,"13":0,"14":0,"15":0,"16":0,"17":0,"18":0,"19":0,"20":0,"21":1,"22":0,"23":0,"24":0,"25":0,"26":0,"27":0,"28":0,"29":0,"30":0,"31":0,"32":0,"33":0,"34":0,"35":0,"36":0,"37":0,"38":0,"39":0,"40":0,"41":0,"42":0,"43":0,"44":0,"45":0},"b":{"0":[0,0],"1":[0,0],"2":[0,0],"3":[0,0],"4":[0,0],"5":[0,0],"6":[0,0],"7":[0,0],"8":[0,0],"9":[0,0],"10":[0]},"meta":{"lastBranch":11,"lastFunction":46,"lastStatement":152,"seen":{"s:16:32:19:Infinity":0,"f:16:32:16:Infinity":0,"s:17:19:17:Infinity":1,"s:18:2:18:Infinity":2,"s:22:31:30:Infinity":3,"f:22:31:22:Infinity":1,"s:23:2:23:Infinity":4,"s:24:2:24:Infinity":5,"s:25:2:29:Infinity":6,"f:25:37:25:38":2,"s:26:4:28:Infinity":7,"s:32:26:39:Infinity":8,"f:32:26:32:33":3,"s:33:19:37:Infinity":9,"s:38:2:38:Infinity":10,"s:41:29:44:Infinity":11,"f:41:29:41:Infinity":4,"s:42:19:42:Infinity":12,"s:43:2:43:Infinity":13,"s:46:32:49:Infinity":14,"f:46:32:46:39":5,"s:47:19:47:Infinity":15,"s:48:2:48:Infinity":16,"s:51:33:63:Infinity":17,"f:51:33:51:40":6,"s:52:18:52:Infinity":18,"s:53:19:60:Infinity":19,"s:62:2:62:Infinity":20,"s:65:33:68:Infinity":21,"f:65:33:65:40":7,"s:66:19:66:Infinity":22,"s:67:2:67:Infinity":23,"s:70:28:73:Infinity":24,"f:70:28:70:35":8,"s:71:19:71:Infinity":25,"s:72:2:72:Infinity":26,"s:75:30:82:Infinity":27,"f:75:30:75:37":9,"s:76:19:80:Infinity":28,"s:81:2:81:Infinity":29,"s:84:30:91:Infinity":30,"f:84:30:84:37":10,"s:85:19:89:Infinity":31,"s:90:2:90:Infinity":32,"s:93:30:96:Infinity":33,"f:93:30:93:37":11,"s:94:19:94:Infinity":34,"s:95:2:95:Infinity":35,"s:98:24:103:Infinity":36,"f:98:24:98:31":12,"s:99:19:101:Infinity":37,"s:102:2:102:Infinity":38,"s:105:26:108:Infinity":39,"f:105:26:105:33":13,"s:106:19:106:Infinity":40,"s:107:2:107:Infinity":41,"s:110:26:113:Infinity":42,"f:110:26:110:33":14,"s:111:19:111:Infinity":43,"s:112:2:112:Infinity":44,"s:115:26:118:Infinity":45,"f:115:26:115:33":15,"s:116:19:116:Infinity":46,"s:117:2:117:Infinity":47,"s:120:31:123:Infinity":48,"f:120:31:120:Infinity":16,"s:121:19:121:Infinity":49,"s:122:2:122:Infinity":50,"s:142:28:169:Infinity":51,"f:142:28:142:Infinity":17,"s:145:22:145:Infinity":52,"b:147:2:149:Infinity:undefined:undefined:undefined:undefined":0,"s:147:2:149:Infinity":53,"b:147:6:147:30:147:34:147:74":1,"s:148:4:148:Infinity":54,"b:151:2:151:Infinity:undefined:undefined:undefined:undefined":2,"s:151:2:151:Infinity":55,"s:151:28:151:Infinity":56,"b:152:2:152:Infinity:undefined:undefined:undefined:undefined":3,"s:152:2:152:Infinity":57,"s:152:29:152:Infinity":58,"b:153:2:153:Infinity:undefined:undefined:undefined:undefined":4,"s:153:2:153:Infinity":59,"s:153:31:153:Infinity":60,"b:154:2:154:Infinity:undefined:undefined:undefined:undefined":5,"s:154:2:154:Infinity":61,"s:154:31:154:Infinity":62,"b:155:2:155:Infinity:undefined:undefined:undefined:undefined":6,"s:155:2:155:Infinity":63,"s:155:25:155:Infinity":64,"b:156:2:156:Infinity:undefined:undefined:undefined:undefined":7,"s:156:2:156:Infinity":65,"s:156:29:156:Infinity":66,"b:157:2:157:Infinity:undefined:undefined:undefined:undefined":8,"s:157:2:157:Infinity":67,"s:157:31:157:Infinity":68,"b:158:2:158:Infinity:undefined:undefined:undefined:undefined":9,"s:158:2:158:Infinity":69,"s:158:31:158:Infinity":70,"s:160:2:161:Infinity":71,"f:160:35:160:36":18,"s:161:4:161:Infinity":72,"s:164:2:164:Infinity":73,"f:164:30:164:31":19,"s:164:40:164:Infinity":74,"s:165:2:165:Infinity":75,"f:165:30:165:31":20,"s:165:40:165:Infinity":76,"s:167:19:167:Infinity":77,"s:168:2:168:Infinity":78,"s:171:27:174:Infinity":79,"f:171:27:171:Infinity":21,"s:172:19:172:Infinity":80,"s:173:2:173:Infinity":81,"s:176:30:179:Infinity":82,"f:176:30:176:37":22,"s:177:19:177:Infinity":83,"s:178:2:178:Infinity":84,"s:181:35:192:Infinity":85,"f:181:35:181:Infinity":23,"b:184:22:184:23":10,"s:187:19:189:Infinity":86,"s:191:2:191:Infinity":87,"s:194:33:200:Infinity":88,"f:194:33:194:40":24,"s:195:19:197:Infinity":89,"s:199:2:199:Infinity":90,"s:202:31:205:Infinity":91,"f:202:31:202:Infinity":25,"s:203:19:203:Infinity":92,"s:204:2:204:Infinity":93,"s:207:34:212:Infinity":94,"f:207:34:207:Infinity":26,"s:210:19:210:Infinity":95,"s:211:2:211:Infinity":96,"s:215:46:218:Infinity":97,"f:215:46:215:Infinity":27,"s:216:19:216:Infinity":98,"s:217:2:217:Infinity":99,"s:220:45:223:Infinity":100,"f:220:45:220:Infinity":28,"s:221:19:221:Infinity":101,"s:222:2:222:Infinity":102,"s:225:48:230:Infinity":103,"f:225:48:225:Infinity":29,"s:226:19:227:Infinity":104,"s:229:2:229:Infinity":105,"s:233:29:236:Infinity":106,"f:233:29:233:Infinity":30,"s:234:19:234:Infinity":107,"s:235:2:235:Infinity":108,"s:252:33:255:Infinity":109,"f:252:33:252:40":31,"s:253:19:253:Infinity":110,"s:254:2:254:Infinity":111,"s:267:45:272:Infinity":112,"f:267:45:267:Infinity":32,"s:270:19:270:Infinity":113,"s:271:2:271:Infinity":114,"s:274:42:277:Infinity":115,"f:274:42:274:Infinity":33,"s:275:19:275:Infinity":116,"s:276:2:276:Infinity":117,"s:289:30:292:Infinity":118,"f:289:30:289:Infinity":34,"s:290:19:290:Infinity":119,"s:291:2:291:Infinity":120,"s:295:29:303:Infinity":121,"f:295:29:295:Infinity":35,"s:299:19:301:Infinity":122,"s:302:2:302:Infinity":123,"s:316:32:319:Infinity":124,"f:316:32:316:Infinity":36,"s:317:19:317:Infinity":125,"s:318:2:318:Infinity":126,"s:321:36:323:Infinity":127,"f:321:36:321:43":37,"s:322:2:322:Infinity":128,"s:325:40:327:Infinity":129,"f:325:40:325:Infinity":38,"s:326:2:326:Infinity":130,"s:329:42:332:Infinity":131,"f:329:42:329:Infinity":39,"s:330:19:330:Infinity":132,"s:331:2:331:Infinity":133,"s:388:39:398:Infinity":134,"f:388:39:388:Infinity":40,"s:393:19:395:Infinity":135,"s:397:2:397:Infinity":136,"s:401:28:410:Infinity":137,"f:401:28:401:Infinity":41,"s:405:19:407:Infinity":138,"s:409:2:409:Infinity":139,"s:413:37:416:Infinity":140,"f:413:37:413:Infinity":42,"s:414:19:414:Infinity":141,"s:415:2:415:Infinity":142,"s:419:40:432:Infinity":143,"f:419:40:419:Infinity":43,"s:427:19:429:Infinity":144,"s:431:2:431:Infinity":145,"s:435:37:444:Infinity":146,"f:435:37:435:Infinity":44,"s:439:19:441:Infinity":147,"s:443:2:443:Infinity":148,"s:447:37:462:Infinity":149,"f:447:37:447:Infinity":45,"s:457:19:459:Infinity":150,"s:461:2:461:Infinity":151}}}
,"/Users/theenukabandara/Desktop/Final_Project/Hotel Reservation/hotel-booking-frontend/src/components/AdvancedSearch.tsx": {"path":"/Users/theenukabandara/Desktop/Final_Project/Hotel Reservation/hotel-booking-frontend/src/components/AdvancedSearch.tsx","statementMap":{"0":{"start":{"line":41,"column":24},"end":{"line":46,"column":null}},"1":{"start":{"line":42,"column":2},"end":{"line":44,"column":null}},"2":{"start":{"line":43,"column":4},"end":{"line":43,"column":null}},"3":{"start":{"line":45,"column":2},"end":{"line":45,"column":null}},"4":{"start":{"line":48,"column":26},"end":{"line":69,"column":null}},"5":{"start":{"line":48,"column":50},"end":{"line":69,"column":null}},"6":{"start":{"line":71,"column":54},"end":{"line":700,"column":null}},"7":{"start":{"line":75,"column":8},"end":{"line":75,"column":null}},"8":{"start":{"line":76,"column":8},"end":{"line":76,"column":null}},"9":{"start":{"line":77,"column":19},"end":{"line":88,"column":null}},"10":{"start":{"line":89,"column":39},"end":{"line":89,"column":null}},"11":{"start":{"line":90,"column":35},"end":{"line":97,"column":null}},"12":{"start":{"line":100,"column":39},"end":{"line":100,"column":null}},"13":{"start":{"line":101,"column":27},"end":{"line":101,"column":null}},"14":{"start":{"line":102,"column":43},"end":{"line":102,"column":null}},"15":{"start":{"line":103,"column":45},"end":{"line":103,"column":null}},"16":{"start":{"line":104,"column":8},"end":{"line":104,"column":null}},"17":{"start":{"line":107,"column":2},"end":{"line":165,"column":10}},"18":{"start":{"line":109,"column":4},"end":{"line":109,"column":null}},"19":{"start":{"line":109,"column":50},"end":{"line":109,"column":null}},"20":{"start":{"line":111,"column":24},"end":{"line":162,"column":null}},"21":{"start":{"line":112,"column":6},"end":{"line":161,"column":null}},"22":{"start":{"line":113,"column":8},"end":{"line":113,"column":null}},"23":{"start":{"line":114,"column":8},"end":{"line":114,"column":null}},"24":{"start":{"line":117,"column":29},"end":{"line":117,"column":null}},"25":{"start":{"line":118,"column":8},"end":{"line":129,"column":null}},"26":{"start":{"line":119,"column":31},"end":{"line":119,"column":null}},"27":{"start":{"line":120,"column":28},"end":{"line":120,"column":null}},"28":{"start":{"line":121,"column":22},"end":{"line":121,"column":null}},"29":{"start":{"line":124,"column":10},"end":{"line":128,"column":null}},"30":{"start":{"line":125,"column":12},"end":{"line":125,"column":null}},"31":{"start":{"line":126,"column":12},"end":{"line":126,"column":null}},"32":{"start":{"line":127,"column":12},"end":{"line":127,"column":null}},"33":{"start":{"line":131,"column":14},"end":{"line":131,"column":null}},"34":{"start":{"line":132,"column":25},"end":{"line":132,"column":null}},"35":{"start":{"line":134,"column":8},"end":{"line":136,"column":null}},"36":{"start":{"line":135,"column":10},"end":{"line":135,"column":null}},"37":{"start":{"line":139,"column":10},"end":{"line":139,"column":null}},"38":{"start":{"line":140,"column":39},"end":{"line":146,"column":null}},"39":{"start":{"line":143,"column":30},"end":{"line":143,"column":69}},"40":{"start":{"line":146,"column":18},"end":{"line":146,"column":null}},"41":{"start":{"line":152,"column":8},"end":{"line":152,"column":null}},"42":{"start":{"line":153,"column":8},"end":{"line":153,"column":null}},"43":{"start":{"line":155,"column":8},"end":{"line":155,"column":null}},"44":{"start":{"line":157,"column":8},"end":{"line":157,"column":null}},"45":{"start":{"line":158,"column":8},"end":{"line":158,"column":null}},"46":{"start":{"line":160,"column":8},"end":{"line":160,"column":null}},"47":{"start":{"line":164,"column":4},"end":{"line":164,"column":null}},"48":{"start":{"line":168,"column":2},"end":{"line":171,"column":null}},"49":{"start":{"line":169,"column":4},"end":{"line":169,"column":null}},"50":{"start":{"line":170,"column":4},"end":{"line":170,"column":null}},"51":{"start":{"line":174,"column":2},"end":{"line":184,"column":null}},"52":{"start":{"line":175,"column":4},"end":{"line":183,"column":null}},"53":{"start":{"line":176,"column":23},"end":{"line":177,"column":null}},"54":{"start":{"line":177,"column":8},"end":{"line":177,"column":null}},"55":{"start":{"line":179,"column":6},"end":{"line":179,"column":null}},"56":{"start":{"line":180,"column":6},"end":{"line":180,"column":null}},"57":{"start":{"line":182,"column":6},"end":{"line":182,"column":null}},"58":{"start":{"line":186,"column":21},"end":{"line":195,"column":null}},"59":{"start":{"line":197,"column":26},"end":{"line":206,"column":null}},"60":{"start":{"line":208,"column":28},"end":{"line":213,"column":null}},"61":{"start":{"line":209,"column":4},"end":{"line":212,"column":null}},"62":{"start":{"line":209,"column":29},"end":{"line":212,"column":null}},"63":{"start":{"line":215,"column":31},"end":{"line":222,"column":null}},"64":{"start":{"line":216,"column":4},"end":{"line":221,"column":null}},"65":{"start":{"line":216,"column":29},"end":{"line":221,"column":null}},"66":{"start":{"line":219,"column":40},"end":{"line":219,"column":null}},"67":{"start":{"line":224,"column":23},"end":{"line":320,"column":null}},"68":{"start":{"line":226,"column":4},"end":{"line":273,"column":null}},"69":{"start":{"line":228,"column":6},"end":{"line":233,"column":null}},"70":{"start":{"line":237,"column":6},"end":{"line":237,"column":null}},"71":{"start":{"line":238,"column":6},"end":{"line":238,"column":null}},"72":{"start":{"line":241,"column":27},"end":{"line":241,"column":null}},"73":{"start":{"line":242,"column":6},"end":{"line":242,"column":46}},"74":{"start":{"line":243,"column":6},"end":{"line":243,"column":null}},"75":{"start":{"line":244,"column":6},"end":{"line":244,"column":null}},"76":{"start":{"line":245,"column":6},"end":{"line":245,"column":null}},"77":{"start":{"line":246,"column":6},"end":{"line":246,"column":null}},"78":{"start":{"line":249,"column":6},"end":{"line":250,"column":null}},"79":{"start":{"line":250,"column":8},"end":{"line":250,"column":null}},"80":{"start":{"line":251,"column":6},"end":{"line":252,"column":null}},"81":{"start":{"line":252,"column":8},"end":{"line":252,"column":null}},"82":{"start":{"line":253,"column":6},"end":{"line":254,"column":null}},"83":{"start":{"line":254,"column":8},"end":{"line":254,"column":null}},"84":{"start":{"line":255,"column":6},"end":{"line":256,"column":null}},"85":{"start":{"line":256,"column":8},"end":{"line":256,"column":null}},"86":{"start":{"line":257,"column":6},"end":{"line":257,"column":null}},"87":{"start":{"line":257,"column":29},"end":{"line":257,"column":null}},"88":{"start":{"line":258,"column":6},"end":{"line":258,"column":null}},"89":{"start":{"line":258,"column":29},"end":{"line":258,"column":null}},"90":{"start":{"line":259,"column":6},"end":{"line":260,"column":null}},"91":{"start":{"line":260,"column":8},"end":{"line":260,"column":null}},"92":{"start":{"line":263,"column":6},"end":{"line":263,"column":null}},"93":{"start":{"line":264,"column":6},"end":{"line":264,"column":null}},"94":{"start":{"line":268,"column":6},"end":{"line":271,"column":null}},"95":{"start":{"line":269,"column":8},"end":{"line":269,"column":null}},"96":{"start":{"line":272,"column":6},"end":{"line":272,"column":null}},"97":{"start":{"line":276,"column":4},"end":{"line":281,"column":null}},"98":{"start":{"line":285,"column":4},"end":{"line":285,"column":null}},"99":{"start":{"line":286,"column":4},"end":{"line":286,"column":null}},"100":{"start":{"line":289,"column":25},"end":{"line":289,"column":null}},"101":{"start":{"line":290,"column":4},"end":{"line":290,"column":null}},"102":{"start":{"line":291,"column":4},"end":{"line":291,"column":null}},"103":{"start":{"line":292,"column":4},"end":{"line":292,"column":null}},"104":{"start":{"line":293,"column":4},"end":{"line":293,"column":null}},"105":{"start":{"line":294,"column":4},"end":{"line":294,"column":null}},"106":{"start":{"line":297,"column":4},"end":{"line":298,"column":null}},"107":{"start":{"line":298,"column":6},"end":{"line":298,"column":null}},"108":{"start":{"line":299,"column":4},"end":{"line":300,"column":null}},"109":{"start":{"line":300,"column":6},"end":{"line":300,"column":null}},"110":{"start":{"line":301,"column":4},"end":{"line":302,"column":null}},"111":{"start":{"line":302,"column":6},"end":{"line":302,"column":null}},"112":{"start":{"line":303,"column":4},"end":{"line":304,"column":null}},"113":{"start":{"line":304,"column":6},"end":{"line":304,"column":null}},"114":{"start":{"line":305,"column":4},"end":{"line":305,"column":null}},"115":{"start":{"line":305,"column":27},"end":{"line":305,"column":null}},"116":{"start":{"line":306,"column":4},"end":{"line":306,"column":null}},"117":{"start":{"line":306,"column":27},"end":{"line":306,"column":null}},"118":{"start":{"line":307,"column":4},"end":{"line":308,"column":null}},"119":{"start":{"line":308,"column":6},"end":{"line":308,"column":null}},"120":{"start":{"line":311,"column":4},"end":{"line":311,"column":null}},"121":{"start":{"line":312,"column":4},"end":{"line":312,"column":null}},"122":{"start":{"line":316,"column":4},"end":{"line":319,"column":null}},"123":{"start":{"line":317,"column":6},"end":{"line":317,"column":null}},"124":{"start":{"line":322,"column":28},"end":{"line":332,"column":null}},"125":{"start":{"line":323,"column":4},"end":{"line":328,"column":null}},"126":{"start":{"line":325,"column":6},"end":{"line":325,"column":null}},"127":{"start":{"line":325,"column":31},"end":{"line":325,"column":null}},"128":{"start":{"line":326,"column":6},"end":{"line":326,"column":null}},"129":{"start":{"line":326,"column":23},"end":{"line":326,"column":39}},"130":{"start":{"line":327,"column":6},"end":{"line":327,"column":null}},"131":{"start":{"line":330,"column":4},"end":{"line":330,"column":null}},"132":{"start":{"line":330,"column":29},"end":{"line":330,"column":null}},"133":{"start":{"line":331,"column":4},"end":{"line":331,"column":null}},"134":{"start":{"line":331,"column":21},"end":{"line":331,"column":37}},"135":{"start":{"line":360,"column":30},"end":{"line":369,"column":null}},"136":{"start":{"line":372,"column":4},"end":{"line":372,"column":null}},"137":{"start":{"line":374,"column":4},"end":{"line":374,"column":null}},"138":{"start":{"line":405,"column":31},"end":{"line":405,"column":null}},"139":{"start":{"line":406,"column":29},"end":{"line":406,"column":null}},"140":{"start":{"line":407,"column":28},"end":{"line":407,"column":null}},"141":{"start":{"line":417,"column":22},"end":{"line":417,"column":null}},"142":{"start":{"line":418,"column":22},"end":{"line":418,"column":null}},"143":{"start":{"line":445,"column":16},"end":{"line":445,"column":null}},"144":{"start":{"line":468,"column":16},"end":{"line":468,"column":null}},"145":{"start":{"line":490,"column":43},"end":{"line":490,"column":null}},"146":{"start":{"line":491,"column":16},"end":{"line":491,"column":null}},"147":{"start":{"line":492,"column":16},"end":{"line":492,"column":null}},"148":{"start":{"line":511,"column":25},"end":{"line":511,"column":null}},"149":{"start":{"line":544,"column":20},"end":{"line":544,"column":null}},"150":{"start":{"line":555,"column":20},"end":{"line":555,"column":null}},"151":{"start":{"line":574,"column":18},"end":{"line":574,"column":null}},"152":{"start":{"line":597,"column":33},"end":{"line":597,"column":null}},"153":{"start":{"line":624,"column":36},"end":{"line":624,"column":null}},"154":{"start":{"line":647,"column":33},"end":{"line":647,"column":null}},"155":{"start":{"line":668,"column":33},"end":{"line":668,"column":null}},"156":{"start":{"line":689,"column":29},"end":{"line":689,"column":null}}},"fnMap":{"0":{"name":"(anonymous_0)","decl":{"start":{"line":41,"column":24},"end":{"line":41,"column":25}},"loc":{"start":{"line":41,"column":25},"end":{"line":46,"column":null}},"line":41},"1":{"name":"(anonymous_1)","decl":{"start":{"line":48,"column":26},"end":{"line":48,"column":50}},"loc":{"start":{"line":48,"column":50},"end":{"line":69,"column":null}},"line":48},"2":{"name":"(anonymous_2)","decl":{"start":{"line":71,"column":54},"end":{"line":71,"column":55}},"loc":{"start":{"line":74,"column":1},"end":{"line":700,"column":null}},"line":74},"3":{"name":"(anonymous_3)","decl":{"start":{"line":107,"column":12},"end":{"line":107,"column":null}},"loc":{"start":{"line":107,"column":12},"end":{"line":165,"column":5}},"line":107},"4":{"name":"(anonymous_4)","decl":{"start":{"line":111,"column":24},"end":{"line":111,"column":null}},"loc":{"start":{"line":111,"column":24},"end":{"line":162,"column":null}},"line":111},"5":{"name":"(anonymous_5)","decl":{"start":{"line":143,"column":19},"end":{"line":143,"column":20}},"loc":{"start":{"line":143,"column":30},"end":{"line":143,"column":69}},"line":143},"6":{"name":"(anonymous_6)","decl":{"start":{"line":145,"column":16},"end":{"line":145,"column":17}},"loc":{"start":{"line":146,"column":18},"end":{"line":146,"column":null}},"line":146},"7":{"name":"(anonymous_7)","decl":{"start":{"line":168,"column":12},"end":{"line":168,"column":null}},"loc":{"start":{"line":168,"column":12},"end":{"line":171,"column":5}},"line":168},"8":{"name":"(anonymous_8)","decl":{"start":{"line":174,"column":12},"end":{"line":174,"column":null}},"loc":{"start":{"line":174,"column":12},"end":{"line":184,"column":5}},"line":174},"9":{"name":"(anonymous_9)","decl":{"start":{"line":176,"column":37},"end":{"line":176,"column":38}},"loc":{"start":{"line":177,"column":8},"end":{"line":177,"column":null}},"line":177},"10":{"name":"(anonymous_10)","decl":{"start":{"line":208,"column":28},"end":{"line":208,"column":29}},"loc":{"start":{"line":208,"column":44},"end":{"line":213,"column":null}},"line":208},"11":{"name":"(anonymous_11)","decl":{"start":{"line":209,"column":18},"end":{"line":209,"column":19}},"loc":{"start":{"line":209,"column":29},"end":{"line":212,"column":null}},"line":209},"12":{"name":"(anonymous_12)","decl":{"start":{"line":215,"column":31},"end":{"line":215,"column":32}},"loc":{"start":{"line":215,"column":32},"end":{"line":222,"column":null}},"line":215},"13":{"name":"(anonymous_13)","decl":{"start":{"line":216,"column":18},"end":{"line":216,"column":19}},"loc":{"start":{"line":216,"column":29},"end":{"line":221,"column":null}},"line":216},"14":{"name":"(anonymous_14)","decl":{"start":{"line":219,"column":33},"end":{"line":219,"column":34}},"loc":{"start":{"line":219,"column":40},"end":{"line":219,"column":null}},"line":219},"15":{"name":"(anonymous_15)","decl":{"start":{"line":224,"column":23},"end":{"line":224,"column":null}},"loc":{"start":{"line":224,"column":23},"end":{"line":320,"column":null}},"line":224},"16":{"name":"(anonymous_16)","decl":{"start":{"line":259,"column":36},"end":{"line":259,"column":37}},"loc":{"start":{"line":260,"column":8},"end":{"line":260,"column":null}},"line":260},"17":{"name":"(anonymous_17)","decl":{"start":{"line":268,"column":17},"end":{"line":268,"column":null}},"loc":{"start":{"line":268,"column":17},"end":{"line":271,"column":9}},"line":268},"18":{"name":"(anonymous_18)","decl":{"start":{"line":307,"column":34},"end":{"line":307,"column":35}},"loc":{"start":{"line":308,"column":6},"end":{"line":308,"column":null}},"line":308},"19":{"name":"(anonymous_19)","decl":{"start":{"line":316,"column":15},"end":{"line":316,"column":null}},"loc":{"start":{"line":316,"column":15},"end":{"line":319,"column":7}},"line":316},"20":{"name":"(anonymous_20)","decl":{"start":{"line":322,"column":28},"end":{"line":322,"column":29}},"loc":{"start":{"line":322,"column":29},"end":{"line":332,"column":null}},"line":322},"21":{"name":"(anonymous_21)","decl":{"start":{"line":325,"column":20},"end":{"line":325,"column":21}},"loc":{"start":{"line":325,"column":31},"end":{"line":325,"column":null}},"line":325},"22":{"name":"(anonymous_22)","decl":{"start":{"line":326,"column":17},"end":{"line":326,"column":23}},"loc":{"start":{"line":326,"column":23},"end":{"line":326,"column":39}},"line":326},"23":{"name":"(anonymous_23)","decl":{"start":{"line":330,"column":18},"end":{"line":330,"column":19}},"loc":{"start":{"line":330,"column":29},"end":{"line":330,"column":null}},"line":330},"24":{"name":"(anonymous_24)","decl":{"start":{"line":331,"column":15},"end":{"line":331,"column":21}},"loc":{"start":{"line":331,"column":21},"end":{"line":331,"column":37}},"line":331},"25":{"name":"(anonymous_25)","decl":{"start":{"line":405,"column":24},"end":{"line":405,"column":25}},"loc":{"start":{"line":405,"column":31},"end":{"line":405,"column":null}},"line":405},"26":{"name":"(anonymous_26)","decl":{"start":{"line":406,"column":23},"end":{"line":406,"column":29}},"loc":{"start":{"line":406,"column":29},"end":{"line":406,"column":null}},"line":406},"27":{"name":"(anonymous_27)","decl":{"start":{"line":407,"column":22},"end":{"line":407,"column":28}},"loc":{"start":{"line":407,"column":28},"end":{"line":407,"column":null}},"line":407},"28":{"name":"(anonymous_28)","decl":{"start":{"line":416,"column":33},"end":{"line":416,"column":null}},"loc":{"start":{"line":416,"column":33},"end":{"line":419,"column":null}},"line":416},"29":{"name":"(anonymous_29)","decl":{"start":{"line":444,"column":24},"end":{"line":444,"column":25}},"loc":{"start":{"line":445,"column":16},"end":{"line":445,"column":null}},"line":445},"30":{"name":"(anonymous_30)","decl":{"start":{"line":467,"column":24},"end":{"line":467,"column":25}},"loc":{"start":{"line":468,"column":16},"end":{"line":468,"column":null}},"line":468},"31":{"name":"(anonymous_31)","decl":{"start":{"line":489,"column":24},"end":{"line":489,"column":25}},"loc":{"start":{"line":489,"column":25},"end":{"line":493,"column":null}},"line":489},"32":{"name":"(anonymous_32)","decl":{"start":{"line":511,"column":19},"end":{"line":511,"column":25}},"loc":{"start":{"line":511,"column":25},"end":{"line":511,"column":null}},"line":511},"33":{"name":"(anonymous_33)","decl":{"start":{"line":543,"column":28},"end":{"line":543,"column":29}},"loc":{"start":{"line":544,"column":20},"end":{"line":544,"column":null}},"line":544},"34":{"name":"(anonymous_34)","decl":{"start":{"line":554,"column":28},"end":{"line":554,"column":29}},"loc":{"start":{"line":555,"column":20},"end":{"line":555,"column":null}},"line":555},"35":{"name":"(anonymous_35)","decl":{"start":{"line":573,"column":26},"end":{"line":573,"column":27}},"loc":{"start":{"line":574,"column":18},"end":{"line":574,"column":null}},"line":574},"36":{"name":"(anonymous_36)","decl":{"start":{"line":597,"column":26},"end":{"line":597,"column":27}},"loc":{"start":{"line":597,"column":33},"end":{"line":597,"column":null}},"line":597},"37":{"name":"(anonymous_37)","decl":{"start":{"line":624,"column":30},"end":{"line":624,"column":36}},"loc":{"start":{"line":624,"column":36},"end":{"line":624,"column":null}},"line":624},"38":{"name":"(anonymous_38)","decl":{"start":{"line":647,"column":26},"end":{"line":647,"column":27}},"loc":{"start":{"line":647,"column":33},"end":{"line":647,"column":null}},"line":647},"39":{"name":"(anonymous_39)","decl":{"start":{"line":668,"column":26},"end":{"line":668,"column":27}},"loc":{"start":{"line":668,"column":33},"end":{"line":668,"column":null}},"line":668},"40":{"name":"(anonymous_40)","decl":{"start":{"line":689,"column":23},"end":{"line":689,"column":29}},"loc":{"start":{"line":689,"column":29},"end":{"line":689,"column":null}},"line":689}},"branchMap":{"0":{"loc":{"start":{"line":42,"column":2},"end":{"line":44,"column":null}},"type":"if","locations":[{"start":{"line":42,"column":2},"end":{"line":44,"column":null}},{"start":{},"end":{}}],"line":42},"1":{"loc":{"start":{"line":42,"column":6},"end":{"line":42,"column":65}},"type":"binary-expr","locations":[{"start":{"line":42,"column":6},"end":{"line":42,"column":34}},{"start":{"line":42,"column":34},"end":{"line":42,"column":65}}],"line":42},"2":{"loc":{"start":{"line":73,"column":2},"end":{"line":73,"column":20}},"type":"default-arg","locations":[{"start":{"line":73,"column":15},"end":{"line":73,"column":20}}],"line":73},"3":{"loc":{"start":{"line":109,"column":4},"end":{"line":109,"column":null}},"type":"if","locations":[{"start":{"line":109,"column":4},"end":{"line":109,"column":null}},{"start":{},"end":{}}],"line":109},"4":{"loc":{"start":{"line":109,"column":8},"end":{"line":109,"column":48}},"type":"binary-expr","locations":[{"start":{"line":109,"column":8},"end":{"line":109,"column":27}},{"start":{"line":109,"column":27},"end":{"line":109,"column":48}}],"line":109},"5":{"loc":{"start":{"line":118,"column":8},"end":{"line":129,"column":null}},"type":"if","locations":[{"start":{"line":118,"column":8},"end":{"line":129,"column":null}},{"start":{},"end":{}}],"line":118},"6":{"loc":{"start":{"line":124,"column":10},"end":{"line":128,"column":null}},"type":"if","locations":[{"start":{"line":124,"column":10},"end":{"line":128,"column":null}},{"start":{},"end":{}}],"line":124},"7":{"loc":{"start":{"line":124,"column":14},"end":{"line":124,"column":70}},"type":"binary-expr","locations":[{"start":{"line":124,"column":14},"end":{"line":124,"column":27}},{"start":{"line":124,"column":27},"end":{"line":124,"column":70}}],"line":124},"8":{"loc":{"start":{"line":134,"column":8},"end":{"line":136,"column":null}},"type":"if","locations":[{"start":{"line":134,"column":8},"end":{"line":136,"column":null}},{"start":{},"end":{}}],"line":134},"9":{"loc":{"start":{"line":143,"column":30},"end":{"line":143,"column":69}},"type":"binary-expr","locations":[{"start":{"line":143,"column":30},"end":{"line":143,"column":40}},{"start":{"line":143,"column":44},"end":{"line":143,"column":55}},{"start":{"line":143,"column":59},"end":{"line":143,"column":69}}],"line":143},"10":{"loc":{"start":{"line":146,"column":18},"end":{"line":146,"column":null}},"type":"binary-expr","locations":[{"start":{"line":146,"column":18},"end":{"line":146,"column":47}},{"start":{"line":146,"column":47},"end":{"line":146,"column":null}}],"line":146},"11":{"loc":{"start":{"line":175,"column":4},"end":{"line":183,"column":null}},"type":"if","locations":[{"start":{"line":175,"column":4},"end":{"line":183,"column":null}},{"start":{"line":181,"column":11},"end":{"line":183,"column":null}}],"line":175},"12":{"loc":{"start":{"line":226,"column":4},"end":{"line":273,"column":null}},"type":"if","locations":[{"start":{"line":226,"column":4},"end":{"line":273,"column":null}},{"start":{},"end":{}}],"line":226},"13":{"loc":{"start":{"line":226,"column":8},"end":{"line":226,"column":73}},"type":"binary-expr","locations":[{"start":{"line":226,"column":8},"end":{"line":226,"column":31}},{"start":{"line":226,"column":35},"end":{"line":226,"column":73}}],"line":226},"14":{"loc":{"start":{"line":249,"column":6},"end":{"line":250,"column":null}},"type":"if","locations":[{"start":{"line":249,"column":6},"end":{"line":250,"column":null}},{"start":{},"end":{}}],"line":249},"15":{"loc":{"start":{"line":251,"column":6},"end":{"line":252,"column":null}},"type":"if","locations":[{"start":{"line":251,"column":6},"end":{"line":252,"column":null}},{"start":{},"end":{}}],"line":251},"16":{"loc":{"start":{"line":253,"column":6},"end":{"line":254,"column":null}},"type":"if","locations":[{"start":{"line":253,"column":6},"end":{"line":254,"column":null}},{"start":{},"end":{}}],"line":253},"17":{"loc":{"start":{"line":255,"column":6},"end":{"line":256,"column":null}},"type":"if","locations":[{"start":{"line":255,"column":6},"end":{"line":256,"column":null}},{"start":{},"end":{}}],"line":255},"18":{"loc":{"start":{"line":257,"column":6},"end":{"line":257,"column":null}},"type":"if","locations":[{"start":{"line":257,"column":6},"end":{"line":257,"column":null}},{"start":{},"end":{}}],"line":257},"19":{"loc":{"start":{"line":258,"column":6},"end":{"line":258,"column":null}},"type":"if","locations":[{"start":{"line":258,"column":6},"end":{"line":258,"column":null}},{"start":{},"end":{}}],"line":258},"20":{"loc":{"start":{"line":297,"column":4},"end":{"line":298,"column":null}},"type":"if","locations":[{"start":{"line":297,"column":4},"end":{"line":298,"column":null}},{"start":{},"end":{}}],"line":297},"21":{"loc":{"start":{"line":299,"column":4},"end":{"line":300,"column":null}},"type":"if","locations":[{"start":{"line":299,"column":4},"end":{"line":300,"column":null}},{"start":{},"end":{}}],"line":299},"22":{"loc":{"start":{"line":301,"column":4},"end":{"line":302,"column":null}},"type":"if","locations":[{"start":{"line":301,"column":4},"end":{"line":302,"column":null}},{"start":{},"end":{}}],"line":301},"23":{"loc":{"start":{"line":303,"column":4},"end":{"line":304,"column":null}},"type":"if","locations":[{"start":{"line":303,"column":4},"end":{"line":304,"column":null}},{"start":{},"end":{}}],"line":303},"24":{"loc":{"start":{"line":305,"column":4},"end":{"line":305,"column":null}},"type":"if","locations":[{"start":{"line":305,"column":4},"end":{"line":305,"column":null}},{"start":{},"end":{}}],"line":305},"25":{"loc":{"start":{"line":306,"column":4},"end":{"line":306,"column":null}},"type":"if","locations":[{"start":{"line":306,"column":4},"end":{"line":306,"column":null}},{"start":{},"end":{}}],"line":306},"26":{"loc":{"start":{"line":323,"column":4},"end":{"line":328,"column":null}},"type":"if","locations":[{"start":{"line":323,"column":4},"end":{"line":328,"column":null}},{"start":{},"end":{}}],"line":323},"27":{"loc":{"start":{"line":323,"column":8},"end":{"line":323,"column":51}},"type":"binary-expr","locations":[{"start":{"line":323,"column":8},"end":{"line":323,"column":24}},{"start":{"line":323,"column":24},"end":{"line":323,"column":51}}],"line":323},"28":{"loc":{"start":{"line":515,"column":11},"end":{"line":515,"column":42}},"type":"cond-expr","locations":[{"start":{"line":515,"column":26},"end":{"line":515,"column":35}},{"start":{"line":515,"column":35},"end":{"line":515,"column":42}}],"line":515}},"s":{"0":1,"1":4,"2":0,"3":4,"4":1,"5":2,"6":1,"7":3,"8":3,"9":3,"10":3,"11":3,"12":3,"13":3,"14":3,"15":3,"16":3,"17":3,"18":1,"19":0,"20":1,"21":1,"22":1,"23":1,"24":1,"25":1,"26":0,"27":0,"28":0,"29":0,"30":0,"31":0,"32":0,"33":1,"34":1,"35":1,"36":0,"37":1,"38":1,"39":0,"40":0,"41":1,"42":1,"43":1,"44":0,"45":0,"46":1,"47":1,"48":3,"49":1,"50":1,"51":3,"52":1,"53":0,"54":0,"55":0,"56":0,"57":1,"58":3,"59":3,"60":3,"61":0,"62":0,"63":3,"64":0,"65":0,"66":0,"67":3,"68":0,"69":0,"70":0,"71":0,"72":0,"73":0,"74":0,"75":0,"76":0,"77":0,"78":0,"79":0,"80":0,"81":0,"82":0,"83":0,"84":0,"85":0,"86":0,"87":0,"88":0,"89":0,"90":0,"91":0,"92":0,"93":0,"94":0,"95":0,"96":0,"97":0,"98":0,"99":0,"100":0,"101":0,"102":0,"103":0,"104":0,"105":0,"106":0,"107":0,"108":0,"109":0,"110":0,"111":0,"112":0,"113":0,"114":0,"115":0,"116":0,"117":0,"118":0,"119":0,"120":0,"121":0,"122":0,"123":0,"124":3,"125":0,"126":0,"127":0,"128":0,"129":0,"130":0,"131":0,"132":0,"133":0,"134":0,"135":3,"136":3,"137":3,"138":0,"139":0,"140":0,"141":0,"142":0,"143":0,"144":0,"145":0,"146":0,"147":0,"148":0,"149":0,"150":0,"151":0,"152":0,"153":0,"154":0,"155":0,"156":0},"f":{"0":4,"1":2,"2":3,"3":1,"4":1,"5":0,"6":0,"7":1,"8":1,"9":0,"10":0,"11":0,"12":0,"13":0,"14":0,"15":0,"16":0,"17":0,"18":0,"19":0,"20":0,"21":0,"22":0,"23":0,"24":0,"25":0,"26":0,"27":0,"28":0,"29":0,"30":0,"31":0,"32":0,"33":0,"34":0,"35":0,"36":0,"37":0,"38":0,"39":0,"40":0},"b":{"0":[0,4],"1":[4,4],"2":[3],"3":[0,1],"4":[1,1],"5":[0,1],"6":[0,0],"7":[0,0],"8":[0,1],"9":[0,0,0],"10":[0,0],"11":[0,1],"12":[0,0],"13":[0,0],"14":[0,0],"15":[0,0],"16":[0,0],"17":[0,0],"18":[0,0],"19":[0,0],"20":[0,0],"21":[0,0],"22":[0,0],"23":[0,0],"24":[0,0],"25":[0,0],"26":[0,0],"27":[0,0],"28":[0,2]},"meta":{"lastBranch":29,"lastFunction":41,"lastStatement":157,"seen":{"s:41:24:46:Infinity":0,"f:41:24:41:25":0,"b:42:2:44:Infinity:undefined:undefined:undefined:undefined":0,"s:42:2:44:Infinity":1,"b:42:6:42:34:42:34:42:65":1,"s:43:4:43:Infinity":2,"s:45:2:45:Infinity":3,"s:48:26:69:Infinity":4,"f:48:26:48:50":1,"s:48:50:69:Infinity":5,"s:71:54:700:Infinity":6,"f:71:54:71:55":2,"b:73:15:73:20":2,"s:75:8:75:Infinity":7,"s:76:8:76:Infinity":8,"s:77:19:88:Infinity":9,"s:89:39:89:Infinity":10,"s:90:35:97:Infinity":11,"s:100:39:100:Infinity":12,"s:101:27:101:Infinity":13,"s:102:43:102:Infinity":14,"s:103:45:103:Infinity":15,"s:104:8:104:Infinity":16,"s:107:2:165:10":17,"f:107:12:107:Infinity":3,"b:109:4:109:Infinity:undefined:undefined:undefined:undefined":3,"s:109:4:109:Infinity":18,"b:109:8:109:27:109:27:109:48":4,"s:109:50:109:Infinity":19,"s:111:24:162:Infinity":20,"f:111:24:111:Infinity":4,"s:112:6:161:Infinity":21,"s:113:8:113:Infinity":22,"s:114:8:114:Infinity":23,"s:117:29:117:Infinity":24,"b:118:8:129:Infinity:undefined:undefined:undefined:undefined":5,"s:118:8:129:Infinity":25,"s:119:31:119:Infinity":26,"s:120:28:120:Infinity":27,"s:121:22:121:Infinity":28,"b:124:10:128:Infinity:undefined:undefined:undefined:undefined":6,"s:124:10:128:Infinity":29,"b:124:14:124:27:124:27:124:70":7,"s:125:12:125:Infinity":30,"s:126:12:126:Infinity":31,"s:127:12:127:Infinity":32,"s:131:14:131:Infinity":33,"s:132:25:132:Infinity":34,"b:134:8:136:Infinity:undefined:undefined:undefined:undefined":8,"s:134:8:136:Infinity":35,"s:135:10:135:Infinity":36,"s:139:10:139:Infinity":37,"s:140:39:146:Infinity":38,"f:143:19:143:20":5,"s:143:30:143:69":39,"b:143:30:143:40:143:44:143:55:143:59:143:69":9,"f:145:16:145:17":6,"s:146:18:146:Infinity":40,"b:146:18:146:47:146:47:146:Infinity":10,"s:152:8:152:Infinity":41,"s:153:8:153:Infinity":42,"s:155:8:155:Infinity":43,"s:157:8:157:Infinity":44,"s:158:8:158:Infinity":45,"s:160:8:160:Infinity":46,"s:164:4:164:Infinity":47,"s:168:2:171:Infinity":48,"f:168:12:168:Infinity":7,"s:169:4:169:Infinity":49,"s:170:4:170:Infinity":50,"s:174:2:184:Infinity":51,"f:174:12:174:Infinity":8,"b:175:4:183:Infinity:181:11:183:Infinity":11,"s:175:4:183:Infinity":52,"s:176:23:177:Infinity":53,"f:176:37:176:38":9,"s:177:8:177:Infinity":54,"s:179:6:179:Infinity":55,"s:180:6:180:Infinity":56,"s:182:6:182:Infinity":57,"s:186:21:195:Infinity":58,"s:197:26:206:Infinity":59,"s:208:28:213:Infinity":60,"f:208:28:208:29":10,"s:209:4:212:Infinity":61,"f:209:18:209:19":11,"s:209:29:212:Infinity":62,"s:215:31:222:Infinity":63,"f:215:31:215:32":12,"s:216:4:221:Infinity":64,"f:216:18:216:19":13,"s:216:29:221:Infinity":65,"f:219:33:219:34":14,"s:219:40:219:Infinity":66,"s:224:23:320:Infinity":67,"f:224:23:224:Infinity":15,"b:226:4:273:Infinity:undefined:undefined:undefined:undefined":12,"s:226:4:273:Infinity":68,"b:226:8:226:31:226:35:226:73":13,"s:228:6:233:Infinity":69,"s:237:6:237:Infinity":70,"s:238:6:238:Infinity":71,"s:241:27:241:Infinity":72,"s:242:6:242:46":73,"s:243:6:243:Infinity":74,"s:244:6:244:Infinity":75,"s:245:6:245:Infinity":76,"s:246:6:246:Infinity":77,"b:249:6:250:Infinity:undefined:undefined:undefined:undefined":14,"s:249:6:250:Infinity":78,"s:250:8:250:Infinity":79,"b:251:6:252:Infinity:undefined:undefined:undefined:undefined":15,"s:251:6:252:Infinity":80,"s:252:8:252:Infinity":81,"b:253:6:254:Infinity:undefined:undefined:undefined:undefined":16,"s:253:6:254:Infinity":82,"s:254:8:254:Infinity":83,"b:255:6:256:Infinity:undefined:undefined:undefined:undefined":17,"s:255:6:256:Infinity":84,"s:256:8:256:Infinity":85,"b:257:6:257:Infinity:undefined:undefined:undefined:undefined":18,"s:257:6:257:Infinity":86,"s:257:29:257:Infinity":87,"b:258:6:258:Infinity:undefined:undefined:undefined:undefined":19,"s:258:6:258:Infinity":88,"s:258:29:258:Infinity":89,"s:259:6:260:Infinity":90,"f:259:36:259:37":16,"s:260:8:260:Infinity":91,"s:263:6:263:Infinity":92,"s:264:6:264:Infinity":93,"s:268:6:271:Infinity":94,"f:268:17:268:Infinity":17,"s:269:8:269:Infinity":95,"s:272:6:272:Infinity":96,"s:276:4:281:Infinity":97,"s:285:4:285:Infinity":98,"s:286:4:286:Infinity":99,"s:289:25:289:Infinity":100,"s:290:4:290:Infinity":101,"s:291:4:291:Infinity":102,"s:292:4:292:Infinity":103,"s:293:4:293:Infinity":104,"s:294:4:294:Infinity":105,"b:297:4:298:Infinity:undefined:undefined:undefined:undefined":20,"s:297:4:298:Infinity":106,"s:298:6:298:Infinity":107,"b:299:4:300:Infinity:undefined:undefined:undefined:undefined":21,"s:299:4:300:Infinity":108,"s:300:6:300:Infinity":109,"b:301:4:302:Infinity:undefined:undefined:undefined:undefined":22,"s:301:4:302:Infinity":110,"s:302:6:302:Infinity":111,"b:303:4:304:Infinity:undefined:undefined:undefined:undefined":23,"s:303:4:304:Infinity":112,"s:304:6:304:Infinity":113,"b:305:4:305:Infinity:undefined:undefined:undefined:undefined":24,"s:305:4:305:Infinity":114,"s:305:27:305:Infinity":115,"b:306:4:306:Infinity:undefined:undefined:undefined:undefined":25,"s:306:4:306:Infinity":116,"s:306:27:306:Infinity":117,"s:307:4:308:Infinity":118,"f:307:34:307:35":18,"s:308:6:308:Infinity":119,"s:311:4:311:Infinity":120,"s:312:4:312:Infinity":121,"s:316:4:319:Infinity":122,"f:316:15:316:Infinity":19,"s:317:6:317:Infinity":123,"s:322:28:332:Infinity":124,"f:322:28:322:29":20,"b:323:4:328:Infinity:undefined:undefined:undefined:undefined":26,"s:323:4:328:Infinity":125,"b:323:8:323:24:323:24:323:51":27,"s:325:6:325:Infinity":126,"f:325:20:325:21":21,"s:325:31:325:Infinity":127,"s:326:6:326:Infinity":128,"f:326:17:326:23":22,"s:326:23:326:39":129,"s:327:6:327:Infinity":130,"s:330:4:330:Infinity":131,"f:330:18:330:19":23,"s:330:29:330:Infinity":132,"s:331:4:331:Infinity":133,"f:331:15:331:21":24,"s:331:21:331:37":134,"s:360:30:369:Infinity":135,"s:372:4:372:Infinity":136,"s:374:4:374:Infinity":137,"f:405:24:405:25":25,"s:405:31:405:Infinity":138,"f:406:23:406:29":26,"s:406:29:406:Infinity":139,"f:407:22:407:28":27,"s:407:28:407:Infinity":140,"f:416:33:416:Infinity":28,"s:417:22:417:Infinity":141,"s:418:22:418:Infinity":142,"f:444:24:444:25":29,"s:445:16:445:Infinity":143,"f:467:24:467:25":30,"s:468:16:468:Infinity":144,"f:489:24:489:25":31,"s:490:43:490:Infinity":145,"s:491:16:491:Infinity":146,"s:492:16:492:Infinity":147,"f:511:19:511:25":32,"s:511:25:511:Infinity":148,"b:515:26:515:35:515:35:515:42":28,"f:543:28:543:29":33,"s:544:20:544:Infinity":149,"f:554:28:554:29":34,"s:555:20:555:Infinity":150,"f:573:26:573:27":35,"s:574:18:574:Infinity":151,"f:597:26:597:27":36,"s:597:33:597:Infinity":152,"f:624:30:624:36":37,"s:624:36:624:Infinity":153,"f:647:26:647:27":38,"s:647:33:647:Infinity":154,"f:668:26:668:27":39,"s:668:33:668:Infinity":155,"f:689:23:689:29":40,"s:689:29:689:Infinity":156}}}
,"/Users/theenukabandara/Desktop/Final_Project/Hotel Reservation/hotel-booking-frontend/src/components/BookingDetailsSummary.tsx": {"path":"/Users/theenukabandara/Desktop/Final_Project/Hotel Reservation/hotel-booking-frontend/src/components/BookingDetailsSummary.tsx","statementMap":{"0":{"start":{"line":14,"column":30},"end":{"line":76,"column":null}}},"fnMap":{"0":{"name":"(anonymous_0)","decl":{"start":{"line":14,"column":30},"end":{"line":14,"column":31}},"loc":{"start":{"line":22,"column":8},"end":{"line":76,"column":null}},"line":22}},"branchMap":{"0":{"loc":{"start":{"line":20,"column":2},"end":{"line":20,"column":15}},"type":"default-arg","locations":[{"start":{"line":20,"column":14},"end":{"line":20,"column":15}}],"line":20},"1":{"loc":{"start":{"line":58,"column":14},"end":{"line":58,"column":null}},"type":"binary-expr","locations":[{"start":{"line":58,"column":14},"end":{"line":58,"column":53}},{"start":{"line":58,"column":53},"end":{"line":58,"column":null}}],"line":58}},"s":{"0":1},"f":{"0":0},"b":{"0":[0],"1":[0,0]},"meta":{"lastBranch":2,"lastFunction":1,"lastStatement":1,"seen":{"s:14:30:76:Infinity":0,"f:14:30:14:31":0,"b:20:14:20:15":0,"b:58:14:58:53:58:53:58:Infinity":1}}}
,"/Users/theenukabandara/Desktop/Final_Project/Hotel Reservation/hotel-booking-frontend/src/components/BookingLogModal.tsx": {"path":"/Users/theenukabandara/Desktop/Final_Project/Hotel Reservation/hotel-booking-frontend/src/components/BookingLogModal.tsx","statementMap":{"0":{"start":{"line":30,"column":56},"end":{"line":510,"column":null}},"1":{"start":{"line":36,"column":39},"end":{"line":36,"column":null}},"2":{"start":{"line":37,"column":35},"end":{"line":37,"column":null}},"3":{"start":{"line":39,"column":37},"end":{"line":45,"column":null}},"4":{"start":{"line":41,"column":10},"end":{"line":41,"column":null}},"5":{"start":{"line":48,"column":25},"end":{"line":63,"column":null}},"6":{"start":{"line":49,"column":4},"end":{"line":62,"column":null}},"7":{"start":{"line":51,"column":8},"end":{"line":51,"column":null}},"8":{"start":{"line":53,"column":8},"end":{"line":53,"column":null}},"9":{"start":{"line":55,"column":8},"end":{"line":55,"column":null}},"10":{"start":{"line":57,"column":8},"end":{"line":57,"column":null}},"11":{"start":{"line":59,"column":8},"end":{"line":59,"column":null}},"12":{"start":{"line":61,"column":8},"end":{"line":61,"column":null}},"13":{"start":{"line":65,"column":32},"end":{"line":78,"column":null}},"14":{"start":{"line":66,"column":4},"end":{"line":77,"column":null}},"15":{"start":{"line":68,"column":8},"end":{"line":68,"column":null}},"16":{"start":{"line":70,"column":8},"end":{"line":70,"column":null}},"17":{"start":{"line":72,"column":8},"end":{"line":72,"column":null}},"18":{"start":{"line":74,"column":8},"end":{"line":74,"column":null}},"19":{"start":{"line":76,"column":8},"end":{"line":76,"column":null}},"20":{"start":{"line":80,"column":26},"end":{"line":93,"column":null}},"21":{"start":{"line":81,"column":18},"end":{"line":81,"column":null}},"22":{"start":{"line":82,"column":24},"end":{"line":82,"column":null}},"23":{"start":{"line":83,"column":21},"end":{"line":83,"column":null}},"24":{"start":{"line":84,"column":21},"end":{"line":84,"column":null}},"25":{"start":{"line":86,"column":4},"end":{"line":92,"column":null}},"26":{"start":{"line":87,"column":6},"end":{"line":87,"column":null}},"27":{"start":{"line":88,"column":11},"end":{"line":92,"column":null}},"28":{"start":{"line":89,"column":6},"end":{"line":89,"column":null}},"29":{"start":{"line":91,"column":6},"end":{"line":91,"column":null}},"30":{"start":{"line":95,"column":27},"end":{"line":101,"column":null}},"31":{"start":{"line":97,"column":6},"end":{"line":97,"column":null}},"32":{"start":{"line":99,"column":6},"end":{"line":99,"column":null}},"33":{"start":{"line":100,"column":4},"end":{"line":100,"column":null}},"34":{"start":{"line":103,"column":26},"end":{"line":112,"column":null}},"35":{"start":{"line":105,"column":23},"end":{"line":105,"column":null}},"36":{"start":{"line":106,"column":6},"end":{"line":108,"column":null}},"37":{"start":{"line":107,"column":8},"end":{"line":107,"column":null}},"38":{"start":{"line":109,"column":6},"end":{"line":109,"column":null}},"39":{"start":{"line":110,"column":6},"end":{"line":110,"column":null}},"40":{"start":{"line":115,"column":27},"end":{"line":126,"column":null}},"41":{"start":{"line":116,"column":4},"end":{"line":125,"column":null}},"42":{"start":{"line":118,"column":8},"end":{"line":118,"column":null}},"43":{"start":{"line":120,"column":8},"end":{"line":120,"column":null}},"44":{"start":{"line":122,"column":8},"end":{"line":122,"column":null}},"45":{"start":{"line":124,"column":8},"end":{"line":124,"column":null}},"46":{"start":{"line":128,"column":26},"end":{"line":139,"column":null}},"47":{"start":{"line":129,"column":4},"end":{"line":138,"column":null}},"48":{"start":{"line":177,"column":29},"end":{"line":177,"column":null}},"49":{"start":{"line":192,"column":29},"end":{"line":192,"column":null}},"50":{"start":{"line":235,"column":46},"end":{"line":235,"column":null}},"51":{"start":{"line":257,"column":52},"end":{"line":257,"column":null}},"52":{"start":{"line":260,"column":28},"end":{"line":260,"column":null}},"53":{"start":{"line":281,"column":46},"end":{"line":281,"column":null}}},"fnMap":{"0":{"name":"(anonymous_0)","decl":{"start":{"line":30,"column":56},"end":{"line":30,"column":57}},"loc":{"start":{"line":35,"column":1},"end":{"line":510,"column":null}},"line":35},"1":{"name":"(anonymous_1)","decl":{"start":{"line":41,"column":4},"end":{"line":41,"column":10}},"loc":{"start":{"line":41,"column":10},"end":{"line":41,"column":null}},"line":41},"2":{"name":"(anonymous_2)","decl":{"start":{"line":48,"column":25},"end":{"line":48,"column":26}},"loc":{"start":{"line":48,"column":26},"end":{"line":63,"column":null}},"line":48},"3":{"name":"(anonymous_3)","decl":{"start":{"line":65,"column":32},"end":{"line":65,"column":33}},"loc":{"start":{"line":65,"column":33},"end":{"line":78,"column":null}},"line":65},"4":{"name":"(anonymous_4)","decl":{"start":{"line":80,"column":26},"end":{"line":80,"column":27}},"loc":{"start":{"line":80,"column":27},"end":{"line":93,"column":null}},"line":80},"5":{"name":"(anonymous_5)","decl":{"start":{"line":95,"column":44},"end":{"line":95,"column":45}},"loc":{"start":{"line":95,"column":45},"end":{"line":101,"column":null}},"line":95},"6":{"name":"(anonymous_6)","decl":{"start":{"line":104,"column":4},"end":{"line":104,"column":5}},"loc":{"start":{"line":104,"column":18},"end":{"line":111,"column":null}},"line":104},"7":{"name":"(anonymous_7)","decl":{"start":{"line":115,"column":27},"end":{"line":115,"column":28}},"loc":{"start":{"line":115,"column":28},"end":{"line":126,"column":null}},"line":115},"8":{"name":"(anonymous_8)","decl":{"start":{"line":128,"column":26},"end":{"line":128,"column":27}},"loc":{"start":{"line":128,"column":27},"end":{"line":139,"column":null}},"line":128},"9":{"name":"(anonymous_9)","decl":{"start":{"line":177,"column":22},"end":{"line":177,"column":23}},"loc":{"start":{"line":177,"column":29},"end":{"line":177,"column":null}},"line":177},"10":{"name":"(anonymous_10)","decl":{"start":{"line":192,"column":22},"end":{"line":192,"column":23}},"loc":{"start":{"line":192,"column":29},"end":{"line":192,"column":null}},"line":192},"11":{"name":"(anonymous_11)","decl":{"start":{"line":235,"column":26},"end":{"line":235,"column":27}},"loc":{"start":{"line":235,"column":46},"end":{"line":235,"column":null}},"line":235},"12":{"name":"(anonymous_12)","decl":{"start":{"line":257,"column":32},"end":{"line":257,"column":33}},"loc":{"start":{"line":257,"column":52},"end":{"line":257,"column":null}},"line":257},"13":{"name":"(anonymous_13)","decl":{"start":{"line":259,"column":26},"end":{"line":259,"column":27}},"loc":{"start":{"line":260,"column":28},"end":{"line":260,"column":null}},"line":260},"14":{"name":"(anonymous_14)","decl":{"start":{"line":281,"column":26},"end":{"line":281,"column":27}},"loc":{"start":{"line":281,"column":46},"end":{"line":281,"column":null}},"line":281}},"branchMap":{"0":{"loc":{"start":{"line":43,"column":15},"end":{"line":43,"column":null}},"type":"binary-expr","locations":[{"start":{"line":43,"column":15},"end":{"line":43,"column":25}},{"start":{"line":43,"column":25},"end":{"line":43,"column":null}}],"line":43},"1":{"loc":{"start":{"line":49,"column":4},"end":{"line":62,"column":null}},"type":"switch","locations":[{"start":{"line":50,"column":6},"end":{"line":51,"column":null}},{"start":{"line":52,"column":6},"end":{"line":53,"column":null}},{"start":{"line":54,"column":6},"end":{"line":55,"column":null}},{"start":{"line":56,"column":6},"end":{"line":57,"column":null}},{"start":{"line":58,"column":6},"end":{"line":59,"column":null}},{"start":{"line":60,"column":6},"end":{"line":61,"column":null}}],"line":49},"2":{"loc":{"start":{"line":66,"column":4},"end":{"line":77,"column":null}},"type":"switch","locations":[{"start":{"line":67,"column":6},"end":{"line":68,"column":null}},{"start":{"line":69,"column":6},"end":{"line":70,"column":null}},{"start":{"line":71,"column":6},"end":{"line":72,"column":null}},{"start":{"line":73,"column":6},"end":{"line":74,"column":null}},{"start":{"line":75,"column":6},"end":{"line":76,"column":null}}],"line":66},"3":{"loc":{"start":{"line":86,"column":4},"end":{"line":92,"column":null}},"type":"if","locations":[{"start":{"line":86,"column":4},"end":{"line":92,"column":null}},{"start":{"line":88,"column":11},"end":{"line":92,"column":null}}],"line":86},"4":{"loc":{"start":{"line":88,"column":11},"end":{"line":92,"column":null}},"type":"if","locations":[{"start":{"line":88,"column":11},"end":{"line":92,"column":null}},{"start":{"line":90,"column":11},"end":{"line":92,"column":null}}],"line":88},"5":{"loc":{"start":{"line":97,"column":6},"end":{"line":97,"column":null}},"type":"binary-expr","locations":[{"start":{"line":97,"column":6},"end":{"line":97,"column":32}},{"start":{"line":97,"column":32},"end":{"line":97,"column":null}}],"line":97},"6":{"loc":{"start":{"line":99,"column":6},"end":{"line":99,"column":null}},"type":"binary-expr","locations":[{"start":{"line":99,"column":6},"end":{"line":99,"column":30}},{"start":{"line":99,"column":30},"end":{"line":99,"column":null}}],"line":99},"7":{"loc":{"start":{"line":100,"column":11},"end":{"line":100,"column":null}},"type":"binary-expr","locations":[{"start":{"line":100,"column":11},"end":{"line":100,"column":26}},{"start":{"line":100,"column":26},"end":{"line":100,"column":null}}],"line":100},"8":{"loc":{"start":{"line":106,"column":6},"end":{"line":108,"column":null}},"type":"if","locations":[{"start":{"line":106,"column":6},"end":{"line":108,"column":null}},{"start":{},"end":{}}],"line":106},"9":{"loc":{"start":{"line":116,"column":4},"end":{"line":125,"column":null}},"type":"switch","locations":[{"start":{"line":117,"column":6},"end":{"line":118,"column":null}},{"start":{"line":119,"column":6},"end":{"line":120,"column":null}},{"start":{"line":121,"column":6},"end":{"line":122,"column":null}},{"start":{"line":123,"column":6},"end":{"line":124,"column":null}}],"line":116},"10":{"loc":{"start":{"line":260,"column":35},"end":{"line":260,"column":null}},"type":"binary-expr","locations":[{"start":{"line":260,"column":35},"end":{"line":260,"column":46}},{"start":{"line":260,"column":50},"end":{"line":260,"column":null}}],"line":260},"11":{"loc":{"start":{"line":304,"column":16},"end":{"line":304,"column":null}},"type":"binary-expr","locations":[{"start":{"line":304,"column":16},"end":{"line":304,"column":29}},{"start":{"line":304,"column":29},"end":{"line":304,"column":null}}],"line":304},"12":{"loc":{"start":{"line":321,"column":16},"end":{"line":321,"column":null}},"type":"binary-expr","locations":[{"start":{"line":321,"column":16},"end":{"line":321,"column":37}},{"start":{"line":321,"column":37},"end":{"line":321,"column":null}}],"line":321},"13":{"loc":{"start":{"line":348,"column":29},"end":{"line":348,"column":52}},"type":"binary-expr","locations":[{"start":{"line":348,"column":29},"end":{"line":348,"column":48}},{"start":{"line":348,"column":48},"end":{"line":348,"column":52}}],"line":348},"14":{"loc":{"start":{"line":358,"column":25},"end":{"line":358,"column":null}},"type":"cond-expr","locations":[{"start":{"line":358,"column":57},"end":{"line":358,"column":63}},{"start":{"line":358,"column":63},"end":{"line":358,"column":null}}],"line":358},"15":{"loc":{"start":{"line":450,"column":37},"end":{"line":454,"column":null}},"type":"cond-expr","locations":[{"start":{"line":451,"column":40},"end":{"line":453,"column":null}},{"start":{"line":454,"column":40},"end":{"line":454,"column":null}}],"line":450}},"s":{"0":1,"1":0,"2":0,"3":0,"4":0,"5":0,"6":0,"7":0,"8":0,"9":0,"10":0,"11":0,"12":0,"13":0,"14":0,"15":0,"16":0,"17":0,"18":0,"19":0,"20":0,"21":0,"22":0,"23":0,"24":0,"25":0,"26":0,"27":0,"28":0,"29":0,"30":0,"31":0,"32":0,"33":0,"34":0,"35":0,"36":0,"37":0,"38":0,"39":0,"40":0,"41":0,"42":0,"43":0,"44":0,"45":0,"46":0,"47":0,"48":0,"49":0,"50":0,"51":0,"52":0,"53":0},"f":{"0":0,"1":0,"2":0,"3":0,"4":0,"5":0,"6":0,"7":0,"8":0,"9":0,"10":0,"11":0,"12":0,"13":0,"14":0},"b":{"0":[0,0],"1":[0,0,0,0,0,0],"2":[0,0,0,0,0],"3":[0,0],"4":[0,0],"5":[0,0],"6":[0,0],"7":[0,0],"8":[0,0],"9":[0,0,0,0],"10":[0,0],"11":[0,0],"12":[0,0],"13":[0,0],"14":[0,0],"15":[0,0]},"meta":{"lastBranch":16,"lastFunction":15,"lastStatement":54,"seen":{"s:30:56:510:Infinity":0,"f:30:56:30:57":0,"s:36:39:36:Infinity":1,"s:37:35:37:Infinity":2,"s:39:37:45:Infinity":3,"f:41:4:41:10":1,"s:41:10:41:Infinity":4,"b:43:15:43:25:43:25:43:Infinity":0,"s:48:25:63:Infinity":5,"f:48:25:48:26":2,"b:50:6:51
[...]
inity":9,"s:201:4:213:Infinity":47,"s:203:8:203:Infinity":48,"b:203:15:203:35:203:35:203:Infinity":10,"s:205:8:205:Infinity":49,"s:207:8:207:Infinity":50,"s:209:8:209:Infinity":51,"s:212:8:212:Infinity":52,"s:217:16:232:Infinity":53,"b:218:20:218:35:218:35:218:36":11,"f:218:46:218:47":10,"s:219:6:219:Infinity":54,"b:221:21:221:36:221:36:221:37":12,"f:221:47:221:48":11,"s:222:6:222:Infinity":55,"b:224:20:224:35:224:35:224:36":13,"f:224:46:224:47":12,"s:225:17:225:Infinity":56,"s:226:17:226:Infinity":57,"s:227:6:227:Infinity":58,"b:227:13:227:28:227:28:227:42:227:42:227:Infinity":14,"b:229:22:229:37:229:37:229:38":15,"f:229:48:229:49":13,"s:230:6:230:Infinity":59,"s:234:25:243:Infinity":60,"f:234:25:234:26":14,"s:235:43:241:Infinity":61,"s:242:4:242:Infinity":62,"b:242:11:242:25:242:29:242:43":16,"s:245:24:248:Infinity":63,"f:245:24:245:25":15,"s:246:4:246:Infinity":64,"s:247:4:247:Infinity":65,"s:250:25:253:Infinity":66,"f:250:25:250:26":16,"s:251:4:251:Infinity":67,"s:252:4:252:Infinity":68,"s:255:25:264:Infinity":69,"f:255:25:255:Infinity":17,"b:256:4:263:Infinity:undefined:undefined:undefined:undefined":17,"s:256:4:263:Infinity":70,"s:257:6:260:Infinity":71,"s:261:6:261:Infinity":72,"s:262:6:262:Infinity":73,"s:266:26:275:Infinity":74,"f:266:26:266:Infinity":18,"b:267:4:274:Infinity:undefined:undefined:undefined:undefined":18,"s:267:4:274:Infinity":75,"s:268:6:271:Infinity":76,"s:272:6:272:Infinity":77,"s:273:6:273:Infinity":78,"f:294:23:294:29":19,"s:294:29:294:Infinity":79,"f:301:23:301:29":20,"s:301:29:301:Infinity":80,"f:381:30:381:31":21,"s:381:37:381:Infinity":81,"f:388:28:388:29":22,"s:388:35:388:Infinity":82,"f:444:42:444:43":23,"s:445:38:445:Infinity":83,"s:446:39:446:Infinity":84,"s:447:45:447:Infinity":85,"s:448:46:448:Infinity":86,"f:509:45:509:51":24,"s:509:51:509:Infinity":87,"f:521:45:521:51":25,"s:521:51:521:Infinity":88,"b:563:68:563:87:563:87:563:Infinity":19,"f:570:23:570:29":26,"s:570:29:570:Infinity":89,"b:611:70:611:89:611:89:611:Infinity":20,"f:618:23:618:29":27,"s:618:29:618:Infinity":90,"f:659:26:659:27":28,"s:659:33:659:Infinity":91,"f:668:26:668:27":29,"s:668:33:668:Infinity":92,"f:678:28:678:29":30,"s:678:35:678:Infinity":93,"f:687:28:687:29":31,"s:687:35:687:Infinity":94,"f:696:26:696:27":32,"s:696:33:696:Infinity":95,"f:711:23:711:29":33,"s:711:29:711:Infinity":96,"f:717:23:717:29":34,"s:717:29:717:Infinity":97}}}
,"/Users/theenukabandara/Desktop/Final_Project/Hotel Reservation/hotel-booking-frontend/src/pages/UserProfile.tsx": {"path":"/Users/theenukabandara/Desktop/Final_Project/Hotel Reservation/hotel-booking-frontend/src/pages/UserProfile.tsx","statementMap":{"0":{"start":{"line":37,"column":22},"end":{"line":42,"column":null}},"1":{"start":{"line":45,"column":33},"end":{"line":160,"column":null}},"2":{"start":{"line":55,"column":3},"end":{"line":55,"column":null}},"3":{"start":{"line":56,"column":21},"end":{"line":56,"column":null}},"4":{"start":{"line":58,"column":23},"end":{"line":82,"column":null}},"5":{"start":{"line":59,"column":4},"end":{"line":81,"column":null}},"6":{"start":{"line":60,"column":6},"end":{"line":74,"column":null}},"7":{"start":{"line":61,"column":8},"end":{"line":61,"column":null}},"8":{"start":{"line":62,"column":8},"end":{"line":66,"column":null}},"9":{"start":{"line":68,"column":8},"end":{"line":68,"column":null}},"10":{"start":{"line":69,"column":8},"end":{"line":73,"column":null}},"11":{"start":{"line":76,"column":6},"end":{"line":80,"column":null}},"12":{"start":{"line":84,"column":33},"end":{"line":99,"column":null}},"13":{"start":{"line":85,"column":20},"end":{"line":85,"column":null}},"14":{"start":{"line":86,"column":4},"end":{"line":98,"column":null}},"15":{"start":{"line":87,"column":6},"end":{"line":91,"column":null}},"16":{"start":{"line":93,"column":6},"end":{"line":97,"column":null}},"17":{"start":{"line":101,"column":2},"end":{"line":115,"column":null}},"18":{"start":{"line":162,"column":20},"end":{"line":756,"column":null}},"19":{"start":{"line":163,"column":19},"end":{"line":163,"column":null}},"20":{"start":{"line":164,"column":21},"end":{"line":164,"column":null}},"21":{"start":{"line":165,"column":8},"end":{"line":165,"column":null}},"22":{"start":{"line":167,"column":33},"end":{"line":167,"column":null}},"23":{"start":{"line":168,"column":31},"end":{"line":172,"column":null}},"24":{"start":{"line":174,"column":49},"end":{"line":180,"column":null}},"25":{"start":{"line":182,"column":33},"end":{"line":193,"column":null}},"26":{"start":{"line":187,"column":8},"end":{"line":191,"column":null}},"27":{"start":{"line":196,"column":8},"end":{"line":213,"column":null}},"28":{"start":{"line":198,"column":6},"end":{"line":198,"column":null}},"29":{"start":{"line":199,"column":6},"end":{"line":203,"column":null}},"30":{"start":{"line":204,"column":6},"end":{"line":204,"column":null}},"31":{"start":{"line":207,"column":6},"end":{"line":211,"column":null}},"32":{"start":{"line":215,"column":28},"end":{"line":217,"column":null}},"33":{"start":{"line":216,"column":4},"end":{"line":216,"column":null}},"34":{"start":{"line":219,"column":25},"end":{"line":226,"column":null}},"35":{"start":{"line":220,"column":4},"end":{"line":224,"column":null}},"36":{"start":{"line":220,"column":17},"end":{"line":220,"column":43}},"37":{"start":{"line":221,"column":6},"end":{"line":223,"column":null}},"38":{"start":{"line":222,"column":8},"end":{"line":222,"column":null}},"39":{"start":{"line":225,"column":4},"end":{"line":225,"column":null}},"40":{"start":{"line":228,"column":22},"end":{"line":235,"column":null}},"41":{"start":{"line":229,"column":4},"end":{"line":233,"column":null}},"42":{"start":{"line":230,"column":6},"end":{"line":232,"column":null}},"43":{"start":{"line":231,"column":8},"end":{"line":231,"column":null}},"44":{"start":{"line":234,"column":4},"end":{"line":234,"column":null}},"45":{"start":{"line":238,"column":24},"end":{"line":238,"column":null}},"46":{"start":{"line":239,"column":22},"end":{"line":239,"column":null}},"47":{"start":{"line":240,"column":19},"end":{"line":240,"column":null}},"48":{"start":{"line":241,"column":29},"end":{"line":243,"column":null}},"49":{"start":{"line":245,"column":8},"end":{"line":245,"column":null}},"50":{"start":{"line":247,"column":2},"end":{"line":251,"column":null}},"51":{"start":{"line":248,"column":4},"end":{"line":250,"column":null}},"52":{"start":{"line":249,"column":6},"end":{"line":249,"column":null}},"53":{"start":{"line":253,"column":2},"end":{"line":262,"column":null}},"54":{"start":{"line":352,"column":35},"end":{"line":352,"column":null}},"55":{"start":{"line":362,"column":37},"end":{"line":362,"column":null}},"56":{"start":{"line":390,"column":39},"end":{"line":390,"column":null}},"57":{"start":{"line":405,"column":39},"end":{"line":405,"column":null}},"58":{"start":{"line":428,"column":39},"end":{"line":428,"column":null}},"59":{"start":{"line":629,"column":26},"end":{"line":629,"column":null}},"60":{"start":{"line":669,"column":26},"end":{"line":669,"column":null}},"61":{"start":{"line":742,"column":33},"end":{"line":742,"column":null}}},"fnMap":{"0":{"name":"(anonymous_0)","decl":{"start":{"line":45,"column":33},"end":{"line":45,"column":null}},"loc":{"start":{"line":45,"column":33},"end":{"line":160,"column":null}},"line":45},"1":{"name":"(anonymous_1)","decl":{"start":{"line":58,"column":23},"end":{"line":58,"column":null}},"loc":{"start":{"line":58,"column":23},"end":{"line":82,"column":null}},"line":58},"2":{"name":"(anonymous_2)","decl":{"start":{"line":84,"column":33},"end":{"line":84,"column":null}},"loc":{"start":{"line":84,"column":33},"end":{"line":99,"column":null}},"line":84},"3":{"name":"(anonymous_3)","decl":{"start":{"line":162,"column":20},"end":{"line":162,"column":null}},"loc":{"start":{"line":162,"column":20},"end":{"line":756,"column":null}},"line":162},"4":{"name":"(anonymous_4)","decl":{"start":{"line":186,"column":17},"end":{"line":186,"column":18}},"loc":{"start":{"line":186,"column":18},"end":{"line":192,"column":null}},"line":186},"5":{"name":"(anonymous_5)","decl":{"start":{"line":197,"column":15},"end":{"line":197,"column":null}},"loc":{"start":{"line":197,"column":15},"end":{"line":205,"column":null}},"line":197},"6":{"name":"(anonymous_6)","decl":{"start":{"line":206,"column":13},"end":{"line":206,"column":null}},"loc":{"start":{"line":206,"column":13},"end":{"line":212,"column":null}},"line":206},"7":{"name":"(anonymous_7)","decl":{"start":{"line":215,"column":28},"end":{"line":215,"column":null}},"loc":{"start":{"line":215,"column":28},"end":{"line":217,"column":null}},"line":215},"8":{"name":"(anonymous_8)","decl":{"start":{"line":219,"column":25},"end":{"line":219,"column":26}},"loc":{"start":{"line":219,"column":26},"end":{"line":226,"column":null}},"line":219},"9":{"name":"(anonymous_9)","decl":{"start":{"line":228,"column":22},"end":{"line":228,"column":23}},"loc":{"start":{"line":228,"column":23},"end":{"line":235,"column":null}},"line":228},"10":{"name":"(anonymous_10)","decl":{"start":{"line":247,"column":12},"end":{"line":247,"column":null}},"loc":{"start":{"line":247,"column":12},"end":{"line":251,"column":5}},"line":247},"11":{"name":"(anonymous_11)","decl":{"start":{"line":352,"column":29},"end":{"line":352,"column":35}},"loc":{"start":{"line":352,"column":35},"end":{"line":352,"column":null}},"line":352},"12":{"name":"(anonymous_12)","decl":{"start":{"line":362,"column":31},"end":{"line":362,"column":37}},"loc":{"start":{"line":362,"column":37},"end":{"line":362,"column":null}},"line":362},"13":{"name":"(anonymous_13)","decl":{"start":{"line":390,"column":32},"end":{"line":390,"column":33}},"loc":{"start":{"line":390,"column":39},"end":{"line":390,"column":null}},"line":390},"14":{"name":"(anonymous_14)","decl":{"start":{"line":405,"column":32},"end":{"line":405,"column":33}},"loc":{"start":{"line":405,"column":39},"end":{"line":405,"column":null}},"line":405},"15":{"name":"(anonymous_15)","decl":{"start":{"line":428,"column":32},"end":{"line":428,"column":33}},"loc":{"start":{"line":428,"column":39},"end":{"line":428,"column":null}},"line":428},"16":{"name":"(anonymous_16)","decl":{"start":{"line":628,"column":41},"end":{"line":628,"column":42}},"loc":{"start":{"line":629,"column":26},"end":{"line":629,"column":null}},"line":629},"17":{"name":"(anonymous_17)","decl":{"start":{"line":668,"column":41},"end":{"line":668,"column":42}},"loc":{"start":{"line":669,"column":26},"end":{"line":669,"column":null}},"line":669},"18":{"name":"(anonymous_18)","decl":{"start":{"line":742,"column":27},"end":{"line":742,"column":33}},"loc":{"start":{"line":742,"column":33},"end":{"line":742,"column":null}},"line":742}},"branchMap":{"0":{"loc":{"start":{"line":60,"column":6},"end":{"line":74,"column":null}},"type":"if","locations":[{"start":{"line":60,"column":6},"end":{"line":74,"column":null}},{"start":{"line":67,"column":13},"end":{"line":74,"column":null}}],"line":60},"1":{"loc":{"start":{"line":78,"column":21},"end":{"line":78,"column":null}},"type":"binary-expr","locations":[{"start":{"line":78,"column":21},"end":{"line":78,"column":32}},{"start":{"line":78,"column":36},"end":{"line":78,"column":null}}],"line":78},"2":{"loc":{"start":{"line":86,"column":4},"end":{"line":98,"column":null}},"type":"if","locations":[{"start":{"line":86,"column":4},"end":{"line":98,"column":null}},{"start":{"line":92,"column":11},"end":{"line":98,"column":null}}],"line":86},"3":{"loc":{"start":{"line":101,"column":2},"end":{"line":115,"column":null}},"type":"if","locations":[{"start":{"line":101,"column":2},"end":{"line":115,"column":null}},{"start":{},"end":{}}],"line":101},"4":{"loc":{"start":{"line":121,"column":46},"end":{"line":121,"column":99}},"type":"cond-expr","locations":[{"start":{"line":121,"column":61},"end":{"line":121,"column":81}},{"start":{"line":121,"column":81},"end":{"line":121,"column":99}}],"line":121},"5":{"loc":{"start":{"line":122,"column":46},"end":{"line":122,"column":null}},"type":"cond-expr","locations":[{"start":{"line":122,"column":61},"end":{"line":122,"column":80}},{"start":{"line":122,"column":80},"end":{"line":122,"column":null}}],"line":122},"6":{"loc":{"start":{"line":141,"column":20},"end":{"line":141,"column":null}},"type":"binary-expr","locations":[{"start":{"line":141,"column":20},"end":{"line":141,"column":31}},{"start":{"line":141,"column":31},"end":{"line":141,"column":null}}],"line":141},"7":{"loc":{"start":{"line":188,"column":21},"end":{"line":188,"column":null}},"type":"binary-expr","locations":[{"start":{"line":188,"column":21},"end":{"line":188,"column":35}},{"start":{"line":188,"column":39},"end":{"line":188,"column":null}}],"line":188},"8":{"loc":{"start":{"line":189,"column":20},"end":{"line":189,"column":null}},"type":"binary-expr","locations":[{"start":{"line":189,"column":20},"end":{"line":189,"column":33}},{"start":{"line":189,"column":37},"end":{"line":189,"column":null}}],"line":189},"9":{"loc":{"start":{"line":190,"column":17},"end":{"line":190,"column":null}},"type":"binary-expr","locations":[{"start":{"line":190,"column":17},"end":{"line":190,"column":27}},{"start":{"line":190,"column":31},"end":{"line":190,"column":null}}],"line":190},"10":{"loc":{"start":{"line":221,"column":6},"end":{"line":223,"column":null}},"type":"if","locations":[{"start":{"line":221,"column":6},"end":{"line":223,"column":null}},{"start":{},"end":{}}],"line":221},"11":{"loc":{"start":{"line":230,"column":6},"end":{"line":232,"column":null}},"type":"if","locations":[{"start":{"line":230,"column":6},"end":{"line":232,"column":null}},{"start":{},"end":{}}],"line":230},"12":{"loc":{"start":{"line":238,"column":35},"end":{"line":238,"column":null}},"type":"binary-expr","locations":[{"start":{"line":238,"column":35},"end":{"line":238,"column":55}},{"start":{"line":238,"column":55},"end":{"line":238,"column":null}}],"line":238},"13":{"loc":{"start":{"line":241,"column":29},"end":{"line":243,"column":null}},"type":"cond-expr","locations":[{"start":{"line":242,"column":6},"end":{"line":242,"column":null}},{"start":{"line":243,"column":6},"end":{"line":243,"column":null}}],"line":241},"14":{"loc":{"start":{"line":248,"column":4},"end":{"line":250,"column":null}},"type":"if","locations":[{"start":{"line":248,"column":4},"end":{"line":250,"column":null}},{"start":{},"end":{}}],"line":248},"15":{"loc":{"start":{"line":253,"column":2},"end":{"line":262,"column":null}},"type":"if","locations":[{"start":{"line":253,"column":2},"end":{"line":262,"column":null}},{"start":{},"end":{}}],"line":253},"16":{"loc":{"start":{"line":395,"column":23},"end":{"line":395,"column":null}},"type":"binary-expr","locations":[{"start":{"line":395,"column":23},"end":{"line":395,"column":42}},{"start":{"line":395,"column":42},"end":{"line":395,"column":null}}],"line":395},"17":{"loc":{"start":{"line":410,"column":23},"end":{"line":410,"column":null}},"type":"binary-expr","locations":[{"start":{"line":410,"column":23},"end":{"line":410,"column":41}},{"start":{"line":410,"column":41},"end":{"line":410,"column":null}}],"line":410},"18":{"loc":{"start":{"line":434,"column":23},"end":{"line":434,"column":null}},"type":"binary-expr","locations":[{"start":{"line":434,"column":23},"end":{"line":434,"column":38}},{"start":{"line":434,"column":38},"end":{"line":434,"column":null}}],"line":434},"19":{"loc":{"start":{"line":449,"column":68},"end":{"line":449,"column":null}},"type":"binary-expr","locations":[{"start":{"line":449,"column":68},"end":{"line":449,"column":106}},{"start":{"line":449,"column":106},"end":{"line":449,"column":null}}],"line":449},"20":{"loc":{"start":{"line":459,"column":34},"end":{"line":459,"column":65}},"type":"binary-expr","locations":[{"start":{"line":459,"column":34},"end":{"line":459,"column":53}},{"start":{"line":459,"column":53},"end":{"line":459,"column":65}}],"line":459},"21":{"loc":{"start":{"line":534,"column":24},"end":{"line":536,"column":null}},"type":"cond-expr","locations":[{"start":{"line":535,"column":28},"end":{"line":535,"column":null}},{"start":{"line":536,"column":28},"end":{"line":536,"column":null}}],"line":534}},"s":{"0":1,"1":1,"2":0,"3":0,"4":0,"5":0,"6":0,"7":0,"8":0,"9":0,"10":0,"11":0,"12":0,"13":0,"14":0,"15":0,"16":0,"17":0,"18":1,"19":0,"20":0,"21":0,"22":0,"23":0,"24":0,"25":0,"26":0,"27":0,"28":0,"29":0,"30":0,"31":0,"32":0,"33":0,"34":0,"35":0,"36":0,"37":0,"38":0,"39":0,"40":0,"41":0,"42":0,"43":0,"44":0,"45":0,"46":0,"47":0,"48":0,"49":0,"50":0,"51":0,"52":0,"53":0,"54":0,"55":0,"56":0,"57":0,"58":0,"59":0,"60":0,"61":0},"f":{"0":0,"1":0,"2":0,"3":0,"4":0,"5":0,"6":0,"7":0,"8":0,"9":0,"10":0,"11":0,"12":0,"13":0,"14":0,"15":0,"16":0,"17":0,"18":0},"b":{"0":[0,0],"1":[0,0],"2":[0,0],"3":[0,0],"4":[0,0],"5":[0,0],"6":[0,0],"7":[0,0],"8":[0,0],"9":[0,0],"10":[0,0],"11":[0,0],"12":[0,0],"13":[0,0],"14":[0,0],"15":[0,0],"16":[0,0],"17":[0,0],"18":[0,0],"19":[0,0],"20":[0,0],"21":[0,0]},"meta":{"lastBranch":22,"lastFunction":19,"lastStatement":62,"seen":{"s:37:22:42:Infinity":0,"s:45:33:160:Infinity":1,"f:45:33:45:Infinity":0,"s:55:3:55:Infinity":2,"s:56:21:56:Infinity":3,"s:58:23:82:Infinity":4,"f:58:23:58:Infinity":1,"s:59:4:81:Infinity":5,"b:60:6:74:Infinity:67:13:74:Infinity":0,"s:60:6:74:Infinity":6,"s:61:8:61:Infinity":7,"s:62:8:66:Infinity":8,"s:68:8:68:Infinity":9,"s:69:8:73:Infinity":10,"s:76:6:80:Infinity":11,"b:78:21:78:32:78:36:78:Infinity":1,"s:84:33:99:Infinity":12,"f:84:33:84:Infinity":2,"s:85:20:85:Infinity":13,"b:86:4:98:Infinity:92:11:98:Infinity":2,"s:86:4:98:Infinity":14,"s:87:6:91:Infinity":15,"s:93:6:97:Infinity":16,"b:101:2:115:Infinity:undefined:undefined:undefined:undefined":3,"s:101:2:115:Infinity":17,"b:121:61:121:81:121:81:121:99":4,"b:122:61:122:80:122:80:122:Infinity":5,"b:141:20:141:31:141:31:141:Infinity":6,"s:162:20:756:Infinity":18,"f:162:20:162:Infinity":3,"s:163:19:163:Infinity":19,"s:164:21:164:Infinity":20,"s:165:8:165:Infinity":21,"s:167:33:167:Infinity":22,"s:168:31:172:Infinity":23,"s:174:49:180:Infinity":24,"s:182:33:193:Infinity":25,"f:186:17:186:18":4,"s:187:8:191:Infinity":26,"b:188:21:188:35:188:39:188:Infinity":7,"b:189:20:189:33:189:37:189:Infinity":8,"b:190:17:190:27:190:31:190:Infinity":9,"s:196:8:213:Infinity":27,"f:197:15:197:Infinity":5,"s:198:6:198:Infinity":28,"s:199:6:203:Infinity":29,"s:204:6:204:Infinity":30,"f:206:13:206:Infinity":6,"s:207:6:211:Infinity":31,"s:215:28:217:Infinity":32,"f:215:28:215:Infinity":7,"s:216:4:216:Infinity":33,"s:219:25:226:Infinity":34,"f:219:25:219:26":8,"s:220:4:224:Infinity":35,"s:220:17:220:43":36,"b:221:6:223:Infinity:undefined:undefined:undefined:undefined":10,"s:221:6:223:Infinity":37,"s:222:8:222:Infinity":38,"s:225:4:225:Infinity":39,"s:228:22:235:Infinity":40,"f:228:22:228:23":9,"s:229:4:233:Infinity":41,"b:230:6:232:Infinity:undefined:undefined:undefined:undefined":11,"s:230:6:232:Infinity":42,"s:231:8:231:Infinity":43,"s:234:4:234:Infinity":44,"s:238:24:238:Infinity":45,"b:238:35:238:55:238:55:238:Infinity":12,"s:239:22:239:Infinity":46,"s:240:19:240:Infinity":47,"s:241:29:243:Infinity":48,"b:242:6:242:Infinity:243:6:243:Infinity":13,"s:245:8:245:Infinity":49,"s:247:2:251:Infinity":50,"f:247:12:247:Infinity":10,"b:248:4:250:Infinity:undefined:undefined:undefined:undefined":14,"s:248:4:250:Infinity":51,"s:249:6:249:Infinity":52,"b:253:2:262:Infinity:undefined:undefined:undefined:undefined":15,"s:253:2:262:Infinity":53,"f:352:29:352:35":11,"s:352:35:352:Infinity":54,"f:362:31:362:37":12,"s:362:37:362:Infinity":55,"f:390:32:390:33":13,"s:390:39:390:Infinity":56,"b:395:23:395:42:395:42:395:Infinity":16,"f:405:32:405:33":14,"s:405:39:405:Infinity":57,"b:410:23:410:41:410:41:410:Infinity":17,"f:428:32:428:33":15,"s:428:39:428:Infinity":58,"b:434:23:434:38:434:38:434:Infinity":18,"b:449:68:449:106:449:106:449:Infinity":19,"b:459:34:459:53:459:53:459:65":20,"b:535:28:535:Infinity:536:28:536:Infinity":21,"f:628:41:628:42":16,"s:629:26:629:Infinity":59,"f:668:41:668:42":17,"s:669:26:669:Infinity":60,"f:742:27:742:33":18,"s:742:33:742:Infinity":61}}}
}
