TN:
SF:src/App.tsx
FN:29,(anonymous_0)
FNF:1
FNH:1
FNDA:2,(anonymous_0)
DA:29,1
DA:30,2
DA:31,2
DA:32,2
DA:33,2
DA:34,2
LF:6
LH:6
BRDA:32,0,0,2
BRDA:32,0,1,2
BRDA:33,1,0,2
BRDA:33,1,1,2
BRDA:34,2,0,2
BRDA:34,2,1,2
BRDA:34,2,2,2
BRDA:83,3,0,2
BRDA:83,3,1,0
BRF:9
BRH:8
end_of_record
TN:
SF:src/api-client.ts
FN:16,(anonymous_0)
FN:22,(anonymous_1)
FN:25,(anonymous_2)
FN:32,(anonymous_3)
FN:41,(anonymous_4)
FN:46,(anonymous_5)
FN:51,(anonymous_6)
FN:65,(anonymous_7)
FN:70,(anonymous_8)
FN:75,(anonymous_9)
FN:84,(anonymous_10)
FN:93,(anonymous_11)
FN:98,(anonymous_12)
FN:105,(anonymous_13)
FN:110,(anonymous_14)
FN:115,(anonymous_15)
FN:120,(anonymous_16)
FN:142,(anonymous_17)
FN:160,(anonymous_18)
FN:164,(anonymous_19)
FN:165,(anonymous_20)
FN:171,(anonymous_21)
FN:176,(anonymous_22)
FN:181,(anonymous_23)
FN:194,(anonymous_24)
FN:202,(anonymous_25)
FN:207,(anonymous_26)
FN:215,(anonymous_27)
FN:220,(anonymous_28)
FN:225,(anonymous_29)
FN:233,(anonymous_30)
FN:252,(anonymous_31)
FN:267,(anonymous_32)
FN:274,(anonymous_33)
FN:289,(anonymous_34)
FN:295,(anonymous_35)
FN:316,(anonymous_36)
FN:321,(anonymous_37)
FN:325,(anonymous_38)
FN:329,(anonymous_39)
FN:388,(anonymous_40)
FN:401,(anonymous_41)
FN:413,(anonymous_42)
FN:419,(anonymous_43)
FN:435,(anonymous_44)
FN:447,(anonymous_45)
FNF:46
FNH:1
FNDA:0,(anonymous_0)
FNDA:0,(anonymous_1)
FNDA:0,(anonymous_2)
FNDA:0,(anonymous_3)
FNDA:0,(anonymous_4)
FNDA:0,(anonymous_5)
FNDA:0,(anonymous_6)
FNDA:0,(anonymous_7)
FNDA:0,(anonymous_8)
FNDA:0,(anonymous_9)
FNDA:0,(anonymous_10)
FNDA:0,(anonymous_11)
FNDA:0,(anonymous_12)
FNDA:0,(anonymous_13)
FNDA:0,(anonymous_14)
FNDA:0,(anonymous_15)
FNDA:0,(anonymous_16)
FNDA:0,(anonymous_17)
FNDA:0,(anonymous_18)
FNDA:0,(anonymous_19)
FNDA:0,(anonymous_20)
FNDA:1,(anonymous_21)
FNDA:0,(anonymous_22)
FNDA:0,(anonymous_23)
FNDA:0,(anonymous_24)
FNDA:0,(anonymous_25)
FNDA:0,(anonymous_26)
FNDA:0,(anonymous_27)
FNDA:0,(anonymous_28)
FNDA:0,(anonymous_29)
FNDA:0,(anonymous_30)
FNDA:0,(anonymous_31)
FNDA:0,(anonymous_32)
FNDA:0,(anonymous_33)
FNDA:0,(anonymous_34)
FNDA:0,(anonymous_35)
FNDA:0,(anonymous_36)
FNDA:0,(anonymous_37)
FNDA:0,(anonymous_38)
FNDA:0,(anonymous_39)
FNDA:0,(anonymous_40)
FNDA:0,(anonymous_41)
FNDA:0,(anonymous_42)
FNDA:0,(anonymous_43)
FNDA:0,(anonymous_44)
FNDA:0,(anonymous_45)
DA:16,1
DA:17,0
DA:18,0
DA:22,1
DA:23,0
DA:24,0
DA:25,0
DA:26,0
DA:32,1
DA:33,0
DA:38,0
DA:41,1
DA:42,0
DA:43,0
DA:46,1
DA:47,0
DA:48,0
DA:51,1
DA:52,0
DA:53,0
DA:62,0
DA:65,1
DA:66,0
DA:67,0
DA:70,1
DA:71,0
DA:72,0
DA:75,1
DA:76,0
DA:81,0
DA:84,1
DA:85,0
DA:90,0
DA:93,1
DA:94,0
DA:95,0
DA:98,1
DA:99,0
DA:102,0
DA:105,1
DA:106,0
DA:107,0
DA:110,1
DA:111,0
DA:112,0
DA:115,1
DA:116,0
DA:117,0
DA:120,1
DA:121,0
DA:122,0
DA:142,1
DA:145,0
DA:147,0
DA:148,0
DA:151,0
DA:152,0
DA:153,0
DA:154,0
DA:155,0
DA:156,0
DA:157,0
DA:158,0
DA:160,0
DA:161,0
DA:164,0
DA:165,0
DA:167,0
DA:168,0
DA:171,1
DA:172,1
DA:173,0
DA:176,1
DA:177,0
DA:178,0
DA:181,1
DA:187,0
DA:191,0
DA:194,1
DA:195,0
DA:199,0
DA:202,1
DA:203,0
DA:204,0
DA:207,1
DA:210,0
DA:211,0
DA:215,1
DA:216,0
DA:217,0
DA:220,1
DA:221,0
DA:222,0
DA:225,1
DA:226,0
DA:229,0
DA:233,1
DA:234,0
DA:235,0
DA:252,1
DA:253,0
DA:254,0
DA:267,1
DA:270,0
DA:271,0
DA:274,1
DA:275,0
DA:276,0
DA:289,1
DA:290,0
DA:291,0
DA:295,1
DA:299,0
DA:302,0
DA:316,1
DA:317,0
DA:318,0
DA:321,1
DA:322,0
DA:325,1
DA:326,0
DA:329,1
DA:330,0
DA:331,0
DA:388,1
DA:393,0
DA:397,0
DA:401,1
DA:405,0
DA:409,0
DA:413,1
DA:414,0
DA:415,0
DA:419,1
DA:427,0
DA:431,0
DA:435,1
DA:439,0
DA:443,0
DA:447,1
DA:457,0
DA:461,0
LF:142
LH:43
BRDA:147,0,0,0
BRDA:147,0,1,0
BRDA:147,1,0,0
BRDA:147,1,1,0
BRDA:151,2,0,0
BRDA:151,2,1,0
BRDA:152,3,0,0
BRDA:152,3,1,0
BRDA:153,4,0,0
BRDA:153,4,1,0
BRDA:154,5,0,0
BRDA:154,5,1,0
BRDA:155,6,0,0
BRDA:155,6,1,0
BRDA:156,7,0,0
BRDA:156,7,1,0
BRDA:157,8,0,0
BRDA:157,8,1,0
BRDA:158,9,0,0
BRDA:158,9,1,0
BRDA:184,10,0,0
BRF:21
BRH:0
end_of_record
TN:
SF:src/components/AdvancedSearch.tsx
FN:41,(anonymous_0)
FN:48,(anonymous_1)
FN:71,(anonymous_2)
FN:107,(anonymous_3)
FN:111,(anonymous_4)
FN:143,(anonymous_5)
FN:145,(anonymous_6)
FN:168,(anonymous_7)
FN:174,(anonymous_8)
FN:176,(anonymous_9)
FN:208,(anonymous_10)
FN:209,(anonymous_11)
FN:215,(anonymous_12)
FN:216,(anonymous_13)
FN:219,(anonymous_14)
FN:224,(anonymous_15)
FN:259,(anonymous_16)
FN:268,(anonymous_17)
FN:307,(anonymous_18)
FN:316,(anonymous_19)
FN:322,(anonymous_20)
FN:325,(anonymous_21)
FN:326,(anonymous_22)
FN:330,(anonymous_23)
FN:331,(anonymous_24)
FN:405,(anonymous_25)
FN:406,(anonymous_26)
FN:407,(anonymous_27)
FN:416,(anonymous_28)
FN:444,(anonymous_29)
FN:467,(anonymous_30)
FN:489,(anonymous_31)
FN:511,(anonymous_32)
FN:543,(anonymous_33)
FN:554,(anonymous_34)
FN:573,(anonymous_35)
FN:597,(anonymous_36)
FN:624,(anonymous_37)
FN:647,(anonymous_38)
FN:668,(anonymous_39)
FN:689,(anonymous_40)
FNF:41
FNH:7
FNDA:4,(anonymous_0)
FNDA:2,(anonymous_1)
FNDA:3,(anonymous_2)
FNDA:1,(anonymous_3)
FNDA:1,(anonymous_4)
FNDA:0,(anonymous_5)
FNDA:0,(anonymous_6)
FNDA:1,(anonymous_7)
FNDA:1,(anonymous_8)
FNDA:0,(anonymous_9)
FNDA:0,(anonymous_10)
FNDA:0,(anonymous_11)
FNDA:0,(anonymous_12)
FNDA:0,(anonymous_13)
FNDA:0,(anonymous_14)
FNDA:0,(anonymous_15)
FNDA:0,(anonymous_16)
FNDA:0,(anonymous_17)
FNDA:0,(anonymous_18)
FNDA:0,(anonymous_19)
FNDA:0,(anonymous_20)
FNDA:0,(anonymous_21)
FNDA:0,(anonymous_22)
FNDA:0,(anonymous_23)
FNDA:0,(anonymous_24)
FNDA:0,(anonymous_25)
FNDA:0,(anonymous_26)
FNDA:0,(anonymous_27)
FNDA:0,(anonymous_28)
FNDA:0,(anonymous_29)
FNDA:0,(anonymous_30)
FNDA:0,(anonymous_31)
FNDA:0,(anonymous_32)
FNDA:0,(anonymous_33)
FNDA:0,(anonymous_34)
FNDA:0,(anonymous_35)
FNDA:0,(anonymous_36)
FNDA:0,(anonymous_37)
FNDA:0,(anonymous_38)
FNDA:0,(anonymous_39)
FNDA:0,(anonymous_40)
DA:41,1
DA:42,4
DA:43,0
DA:45,4
DA:48,2
DA:71,1
DA:75,3
DA:76,3
DA:77,3
DA:89,3
DA:90,3
DA:100,3
DA:101,3
DA:102,3
DA:103,3
DA:104,3
DA:107,3
DA:109,1
DA:111,1
DA:112,1
DA:113,1
DA:114,1
DA:117,1
DA:118,1
DA:119,0
DA:120,0
DA:121,0
DA:124,0
DA:125,0
DA:126,0
DA:127,0
DA:131,1
DA:132,1
DA:134,1
DA:135,0
DA:139,1
DA:140,1
DA:143,0
DA:146,0
DA:152,1
DA:153,1
DA:155,1
DA:157,0
DA:158,0
DA:160,1
DA:164,1
DA:168,3
DA:169,1
DA:170,1
DA:174,3
DA:175,1
DA:176,0
DA:177,0
DA:179,0
DA:180,0
DA:182,1
DA:186,3
DA:197,3
DA:208,3
DA:209,0
DA:215,3
DA:216,0
DA:219,0
DA:224,3
DA:226,0
DA:228,0
DA:237,0
DA:238,0
DA:241,0
DA:242,0
DA:243,0
DA:244,0
DA:245,0
DA:246,0
DA:249,0
DA:250,0
DA:251,0
DA:252,0
DA:253,0
DA:254,0
DA:255,0
DA:256,0
DA:257,0
DA:258,0
DA:259,0
DA:260,0
DA:263,0
DA:264,0
DA:268,0
DA:269,0
DA:272,0
DA:276,0
DA:285,0
DA:286,0
DA:289,0
DA:290,0
DA:291,0
DA:292,0
DA:293,0
DA:294,0
DA:297,0
DA:298,0
DA:299,0
DA:300,0
DA:301,0
DA:302,0
DA:303,0
DA:304,0
DA:305,0
DA:306,0
DA:307,0
DA:308,0
DA:311,0
DA:312,0
DA:316,0
DA:317,0
DA:322,3
DA:323,0
DA:325,0
DA:326,0
DA:327,0
DA:330,0
DA:331,0
DA:360,3
DA:372,3
DA:374,3
DA:405,0
DA:406,0
DA:407,0
DA:417,0
DA:418,0
DA:445,0
DA:468,0
DA:490,0
DA:491,0
DA:492,0
DA:511,0
DA:544,0
DA:555,0
DA:574,0
DA:597,0
DA:624,0
DA:647,0
DA:668,0
DA:689,0
LF:145
LH:48
BRDA:42,0,0,0
BRDA:42,0,1,4
BRDA:42,1,0,4
BRDA:42,1,1,4
BRDA:73,2,0,3
BRDA:109,3,0,0
BRDA:109,3,1,1
BRDA:109,4,0,1
BRDA:109,4,1,1
BRDA:118,5,0,0
BRDA:118,5,1,1
BRDA:124,6,0,0
BRDA:124,6,1,0
BRDA:124,7,0,0
BRDA:124,7,1,0
BRDA:134,8,0,0
BRDA:134,8,1,1
BRDA:143,9,0,0
BRDA:143,9,1,0
BRDA:143,9,2,0
BRDA:146,10,0,0
BRDA:146,10,1,0
BRDA:175,11,0,0
BRDA:175,11,1,1
BRDA:226,12,0,0
BRDA:226,12,1,0
BRDA:226,13,0,0
BRDA:226,13,1,0
BRDA:249,14,0,0
BRDA:249,14,1,0
BRDA:251,15,0,0
BRDA:251,15,1,0
BRDA:253,16,0,0
BRDA:253,16,1,0
BRDA:255,17,0,0
BRDA:255,17,1,0
BRDA:257,18,0,0
BRDA:257,18,1,0
BRDA:258,19,0,0
BRDA:258,19,1,0
BRDA:297,20,0,0
BRDA:297,20,1,0
BRDA:299,21,0,0
BRDA:299,21,1,0
BRDA:301,22,0,0
BRDA:301,22,1,0
BRDA:303,23,0,0
BRDA:303,23,1,0
BRDA:305,24,0,0
BRDA:305,24,1,0
BRDA:306,25,0,0
BRDA:306,25,1,0
BRDA:323,26,0,0
BRDA:323,26,1,0
BRDA:323,27,0,0
BRDA:323,27,1,0
BRDA:515,28,0,0
BRDA:515,28,1,2
BRF:58
BRH:11
end_of_record
TN:
SF:src/components/BookingDetailsSummary.tsx
FN:14,(anonymous_0)
FNF:1
FNH:0
FNDA:0,(anonymous_0)
DA:14,1
LF:1
LH:1
BRDA:20,0,0,0
BRDA:58,1,0,0
BRDA:58,1,1,0
BRF:3
BRH:0
end_of_record
TN:
SF:src/components/BookingLogModal.tsx
FN:30,(anonymous_0)
FN:41,(anonymous_1)
FN:48,(anonymous_2)
FN:65,(anonymous_3)
FN:80,(anonymous_4)
FN:95,(anonymous_5)
FN:104,(anonymous_6)
FN:115,(anonymous_7)
FN:128,(anonymous_8)
FN:177,(anonymous_9)
FN:192,(anonymous_10)
FN:235,(anonymous_11)
FN:257,(anonymous_12)
FN:259,(anonymous_13)
FN:281,(anonymous_14)
FNF:15
FNH:0
FNDA:0,(anonymous_0)
FNDA:0,(anonymous_1)
FNDA:0,(anonymous_2)
FNDA:0,(anonymous_3)
FNDA:0,(anonymous_4)
FNDA:0,(anonymous_5)
FNDA:0,(anonymous_6)
FNDA:0,(anonymous_7)
FNDA:0,(anonymous_8)
FNDA:0,(anonymous_9)
FNDA:0,(anonymous_10)
FNDA:0,(anonymous_11)
FNDA:0,(anonymous_12)
FNDA:0,(anonymous_13)
FNDA:0,(anonymous_14)
DA:30,1
DA:36,0
DA:37,0
DA:39,0
DA:41,0
DA:48,0
DA:49,0
DA:51,0
DA:53,0
DA:55,0
DA:57,0
DA:59,0
DA:61,0
DA:65,0
DA:66,0
DA:68,0
DA:70,0
DA:72,0
DA:74,0
DA:76,0
DA:80,0
DA:81,0
DA:82,0
DA:83,0
DA:84,0
DA:86,0
DA:87,0
DA:88,0
DA:89,0
DA:91,0
DA:95,0
DA:97,0
DA:99,0
DA:100,0
DA:103,0
DA:105,0
DA:106,0
DA:107,0
DA:109,0
DA:110,0
DA:115,0
DA:116,0
DA:118,0
DA:120,0
DA:122,0
DA:124,0
DA:128,0
DA:129,0
DA:177,0
DA:192,0
DA:235,0
DA:257,0
DA:260,0
DA:281,0
LF:54
LH:1
BRDA:43,0,0,0
BRDA:43,0,1,0
BRDA:49,1,0,0
BRDA:49,1,1,0
BRDA:49,1,2,0
BRDA:49,1,3,0
BRDA:49,1,4,0
BRDA:49,1,5,0
BRDA:66,2,0,0
BRDA:66,2,1,0
BRDA:66,2,2,0
BRDA:66,2,3,0
BRDA:66,2,4,0
BRDA:86,3,0,0
BRDA:86,3,1,0
BRDA:88,4,0,0
BRDA:88,4,1,0
BRDA:97,5,0,0
BRDA:97,5,1,0
BRDA:99,6,0,0
BRDA:99,6,1,0
BRDA:100,7,0,0
BRDA:100,7,1,0
BRDA:106,8,0,0
BRDA:106,8,1,0
BRDA:116,9,0,0
BRDA:116,9,1,0
BRDA:116,9,2,0
BRDA:116,9,3,0
BRDA:260,10,0,0
BRDA:260,10,1,0
BRDA:304,11,0,0
BRDA:304,11,1,0
BRDA:321,12,0,0
BRDA:321,12,1,0
BRDA:348,13,0,0
BRDA:348,13,1,0
BRDA:358,14,0,0
BRDA:358,14,1,0
BRDA:450,15,0,0
BRDA:450,15,1,0
BRF:41
BRH:0
end_of_record
TN:
SF:src/components/BrandLogo.tsx
FN:11,(anonymous_0)
FNF:1
FNH:1
FNDA:2,(anonymous_0)
DA:11,1
DA:17,2
DA:18,2
DA:19,2
DA:102,2
DA:110,2
LF:6
LH:6
BRDA:13,0,0,2
BRDA:14,1,0,2
BRDA:15,2,0,2
BRDA:104,3,0,1
BRDA:104,3,1,1
BRDA:110,4,0,1
BRDA:110,4,1,1
BRF:7
BRH:7
end_of_record
TN:
SF:src/components/FacilitiesFilter.tsx
FN:8,(anonymous_0)
FNF:1
FNH:1
FNDA:6,(anonymous_0)
DA:8,2
LF:1
LH:1
BRF:0
BRH:0
end_of_record
TN:
SF:src/components/FacilityBooking.tsx
FN:93,(anonymous_0)
FN:123,(anonymous_1)
FN:131,(anonymous_2)
FN:145,(anonymous_3)
FN:149,(anonymous_4)
FN:160,(anonymous_5)
FN:162,(anonymous_6)
FN:167,(anonymous_7)
FN:173,(anonymous_8)
FN:183,(anonymous_9)
FN:207,(anonymous_10)
FN:217,(anonymous_11)
FN:235,(anonymous_12)
FN:325,(anonymous_13)
FN:335,(anonymous_14)
FN:344,(anonymous_15)
FN:365,(anonymous_16)
FN:367,(anonymous_17)
FN:394,(anonymous_18)
FN:595,(anonymous_19)
FNF:20
FNH:0
FNDA:0,(anonymous_0)
FNDA:0,(anonymous_1)
FNDA:0,(anonymous_2)
FNDA:0,(anonymous_3)
FNDA:0,(anonymous_4)
FNDA:0,(anonymous_5)
FNDA:0,(anonymous_6)
FNDA:0,(anonymous_7)
FNDA:0,(anonymous_8)
FNDA:0,(anonymous_9)
FNDA:0,(anonymous_10)
FNDA:0,(anonymous_11)
FNDA:0,(anonymous_12)
FNDA:0,(anonymous_13)
FNDA:0,(anonymous_14)
FNDA:0,(anonymous_15)
FNDA:0,(anonymous_16)
FNDA:0,(anonymous_17)
FNDA:0,(anonymous_18)
FNDA:0,(anonymous_19)
DA:60,1
DA:70,1
DA:87,1
DA:93,1
DA:94,0
DA:95,0
DA:96,0
DA:97,0
DA:100,0
DA:101,0
DA:109,0
DA:117,0
DA:118,0
DA:121,0
DA:124,0
DA:131,0
DA:132,0
DA:133,0
DA:135,0
DA:136,0
DA:137,0
DA:138,0
DA:140,0
DA:141,0
DA:145,0
DA:146,0
DA:147,0
DA:148,0
DA:150,0
DA:156,0
DA:159,0
DA:160,0
DA:163,0
DA:164,0
DA:165,0
DA:166,0
DA:167,0
DA:168,0
DA:169,0
DA:170,0
DA:174,0
DA:183,0
DA:184,0
DA:187,0
DA:189,0
DA:207,0
DA:208,0
DA:209,0
DA:210,0
DA:213,0
DA:214,0
DA:217,0
DA:219,0
DA:220,0
DA:236,0
DA:237,0
DA:238,0
DA:325,0
DA:335,0
DA:344,0
DA:366,0
DA:367,0
DA:394,0
DA:595,0
LF:64
LH:4
BRDA:126,0,0,0
BRDA:126,0,1,0
BRDA:132,1,0,0
BRDA:132,1,1,0
BRDA:132,2,0,0
BRDA:132,2,1,0
BRDA:132,2,2,0
BRDA:138,3,0,0
BRDA:138,3,1,0
BRDA:140,4,0,0
BRDA:140,4,1,0
BRDA:146,5,0,0
BRDA:146,5,1,0
BRDA:147,6,0,0
BRDA:147,6,1,0
BRDA:150,7,0,0
BRDA:150,7,1,0
BRDA:150,7,2,0
BRDA:150,7,3,0
BRDA:150,7,4,0
BRDA:150,7,5,0
BRDA:184,8,0,0
BRDA:184,8,1,0
BRDA:184,9,0,0
BRDA:184,9,1,0
BRDA:187,10,0,0
BRDA:187,10,1,0
BRDA:213,11,0,0
BRDA:213,11,1,0
BRDA:213,12,0,0
BRDA:213,12,1,0
BRDA:219,13,0,0
BRDA:219,13,1,0
BRDA:241,14,0,0
BRDA:241,14,1,0
BRDA:248,15,0,0
BRDA:248,15,1,0
BRDA:280,16,0,0
BRDA:280,16,1,0
BRDA:367,17,0,0
BRDA:367,17,1,0
BRDA:374,18,0,0
BRDA:374,18,1,0
BRDA:489,19,0,0
BRDA:489,19,1,0
BRDA:494,20,0,0
BRDA:494,20,1,0
BRDA:495,21,0,0
BRDA:495,21,1,0
BRDA:561,22,0,0
BRDA:561,22,1,0
BRDA:561,23,0,0
BRDA:561,23,1,0
BRDA:567,24,0,0
BRDA:567,24,1,0
BRDA:603,25,0,0
BRDA:603,25,1,0
BRDA:603,25,2,0
BRDA:609,26,0,0
BRDA:609,26,1,0
BRF:60
BRH:0
end_of_record
TN:
SF:src/components/Footer.tsx
FN:19,(anonymous_0)
FNF:1
FNH:1
FNDA:1,(anonymous_0)
DA:12,1
DA:19,1
LF:2
LH:2
BRF:0
BRH:0
end_of_record
TN:
SF:src/components/Header.tsx
FN:10,(anonymous_0)
FN:13,(anonymous_1)
FN:14,(anonymous_2)
FN:29,(anonymous_3)
FN:33,(anonymous_4)
FN:35,(anonymous_5)
FN:36,(anonymous_6)
FN:41,(anonymous_7)
FN:42,(anonymous_8)
FN:52,(anonymous_9)
FN:55,(anonymous_10)
FN:58,(anonymous_11)
FN:67,(anonymous_12)
FN:68,(anonymous_13)
FN:91,(anonymous_14)
FN:101,(anonymous_15)
FN:129,(anonymous_16)
FN:169,(anonymous_17)
FN:206,(anonymous_18)
FN:226,(anonymous_19)
FN:246,(anonymous_20)
FN:266,(anonymous_21)
FN:274,(anonymous_22)
FN:282,(anonymous_23)
FN:290,(anonymous_24)
FN:299,(anonymous_25)
FN:308,(anonymous_26)
FN:316,(anonymous_27)
FN:341,(anonymous_28)
FNF:29
FNH:4
FNDA:1,(anonymous_0)
FNDA:0,(anonymous_1)
FNDA:0,(anonymous_2)
FNDA:1,(anonymous_3)
FNDA:0,(anonymous_4)
FNDA:0,(anonymous_5)
FNDA:0,(anonymous_6)
FNDA:1,(anonymous_7)
FNDA:0,(anonymous_8)
FNDA:1,(anonymous_9)
FNDA:0,(anonymous_10)
FNDA:0,(anonymous_11)
FNDA:0,(anonymous_12)
FNDA:0,(anonymous_13)
FNDA:0,(anonymous_14)
FNDA:0,(anonymous_15)
FNDA:0,(anonymous_16)
FNDA:0,(anonymous_17)
FNDA:0,(anonymous_18)
FNDA:0,(anonymous_19)
FNDA:0,(anonymous_20)
FNDA:0,(anonymous_21)
FNDA:0,(anonymous_22)
FNDA:0,(anonymous_23)
FNDA:0,(anonymous_24)
FNDA:0,(anonymous_25)
FNDA:0,(anonymous_26)
FNDA:0,(anonymous_27)
FNDA:0,(anonymous_28)
DA:10,1
DA:11,1
DA:12,1
DA:13,1
DA:14,1
DA:16,1
DA:17,1
DA:18,1
DA:19,1
DA:21,1
DA:22,1
DA:24,1
DA:25,1
DA:26,1
DA:29,1
DA:30,1
DA:31,0
DA:33,0
DA:34,0
DA:35,0
DA:36,0
DA:41,1
DA:42,1
DA:43,0
DA:44,0
DA:46,0
DA:47,0
DA:51,1
DA:52,1
DA:55,1
DA:56,0
DA:57,0
DA:58,0
DA:59,0
DA:65,1
DA:67,1
DA:68,0
DA:69,0
DA:70,0
DA:71,0
DA:75,0
DA:76,0
DA:77,0
DA:80,0
DA:83,1
DA:91,1
DA:92,0
DA:93,0
DA:95,0
DA:99,1
DA:101,1
DA:102,0
DA:103,0
DA:129,0
DA:169,0
DA:207,0
DA:208,0
DA:210,0
DA:226,0
DA:246,0
DA:266,0
DA:274,0
DA:282,0
DA:290,0
DA:299,0
DA:308,0
DA:317,0
DA:318,0
DA:341,0
LF:69
LH:27
BRDA:13,0,0,0
BRDA:13,0,1,0
BRDA:14,1,0,0
BRDA:14,1,1,0
BRDA:14,1,2,0
BRDA:30,2,0,0
BRDA:30,2,1,1
BRDA:43,3,0,0
BRDA:43,3,1,0
BRDA:43,4,0,0
BRDA:43,4,1,0
BRDA:46,5,0,0
BRDA:46,5,1,0
BRDA:46,6,0,0
BRDA:46,6,1,0
BRDA:65,7,0,1
BRDA:65,7,1,1
BRDA:65,7,2,1
BRDA:70,8,0,0
BRDA:70,8,1,0
BRDA:75,9,0,0
BRDA:75,9,1,0
BRDA:92,10,0,0
BRDA:92,10,1,0
BRDA:92,11,0,0
BRDA:92,11,1,0
BRDA:99,12,0,0
BRDA:99,12,1,1
BRDA:99,13,0,1
BRDA:99,13,1,0
BRDA:175,14,0,0
BRDA:175,14,1,0
BRDA:204,15,0,0
BRDA:204,15,1,0
BRDA:207,16,0,0
BRDA:207,16,1,0
BRDA:253,17,0,0
BRDA:253,17,1,0
BRF:38
BRH:6
end_of_record
TN:
SF:src/components/Hero.tsx
FN:35,(anonymous_0)
FN:38,(anonymous_1)
FN:39,(anonymous_2)
FNF:3
FNH:1
FNDA:2,(anonymous_0)
FNDA:0,(anonymous_1)
FNDA:0,(anonymous_2)
DA:12,1
DA:18,1
DA:35,1
DA:36,2
DA:38,2
DA:39,2
LF:6
LH:6
BRF:0
BRH:0
end_of_record
TN:
SF:src/components/HotelTypesFilter.tsx
FN:8,(anonymous_0)
FNF:1
FNH:1
FNDA:6,(anonymous_0)
DA:8,2
LF:1
LH:1
BRF:0
BRH:0
end_of_record
TN:
SF:src/components/LastestDestinationCard.tsx
FN:10,(anonymous_0)
FN:64,(anonymous_1)
FNF:2
FNH:0
FNDA:0,(anonymous_0)
FNDA:0,(anonymous_1)
DA:10,1
DA:64,0
LF:2
LH:1
BRDA:18,0,0,0
BRDA:18,0,1,0
BRDA:39,1,0,0
BRDA:39,1,1,0
BRDA:87,2,0,0
BRDA:87,2,1,0
BRDA:89,3,0,0
BRDA:89,3,1,0
BRDA:92,4,0,0
BRDA:92,4,1,0
BRF:10
BRH:0
end_of_record
TN:
SF:src/components/LoadingSpinner.tsx
FN:7,(anonymous_0)
FNF:1
FNH:0
FNDA:0,(anonymous_0)
DA:7,1
LF:1
LH:1
BRDA:8,0,0,0
BRDA:31,1,0,0
BRDA:31,1,1,0
BRDA:33,2,0,0
BRDA:33,2,1,0
BRF:5
BRH:0
end_of_record
TN:
SF:src/components/MemberSpotlightCard.tsx
FN:17,(anonymous_0)
FNF:1
FNH:1
FNDA:1,(anonymous_0)
DA:3,1
DA:17,1
LF:2
LH:2
BRF:0
BRH:0
end_of_record
TN:
SF:src/components/Pagination.tsx
FN:7,(anonymous_0)
FN:18,(anonymous_1)
FNF:2
FNH:1
FNDA:6,(anonymous_0)
FNDA:0,(anonymous_1)
DA:7,2
DA:8,6
DA:9,6
DA:10,6
DA:18,0
LF:5
LH:4
BRDA:17,0,0,6
BRDA:17,0,1,0
BRF:2
BRH:1
end_of_record
TN:
SF:src/components/PriceFilter.tsx
FN:6,(anonymous_0)
FN:16,(anonymous_1)
FNF:2
FNH:1
FNDA:6,(anonymous_0)
FNDA:0,(anonymous_1)
DA:6,2
DA:17,0
LF:2
LH:1
BRDA:18,0,0,0
BRDA:18,0,1,0
BRF:2
BRH:0
end_of_record
TN:
SF:src/components/ScrollToTop.tsx
FN:4,(anonymous_0)
FN:7,(anonymous_1)
FNF:2
FNH:2
FNDA:1,(anonymous_0)
FNDA:1,(anonymous_1)
DA:4,1
DA:5,1
DA:7,1
DA:9,1
DA:16,1
LF:5
LH:5
BRF:0
BRH:0
end_of_record
TN:
SF:src/components/SearchResultsCard.tsx
FN:24,(anonymous_0)
FN:25,(anonymous_1)
FN:42,(anonymous_2)
FN:89,(anonymous_3)
FN:147,(anonymous_4)
FNF:5
FNH:4
FNDA:2,(anonymous_0)
FNDA:2,(anonymous_1)
FNDA:1,(anonymous_2)
FNDA:0,(anonymous_3)
FNDA:2,(anonymous_4)
DA:24,2
DA:25,2
DA:26,2
DA:37,2
DA:41,2
DA:42,2
DA:89,0
DA:148,2
LF:8
LH:7
BRDA:37,0,0,2
BRDA:37,0,1,2
BRDA:42,1,0,2
BRDA:42,1,1,0
BRDA:42,2,0,1
BRDA:42,2,1,1
BRDA:59,3,0,0
BRDA:59,3,1,1
BRDA:72,4,0,2
BRDA:72,4,1,1
BRDA:135,5,0,0
BRDA:135,5,1,1
BRDA:135,6,0,2
BRDA:135,6,1,0
BRF:14
BRH:10
end_of_record
TN:
SF:src/components/StarRatingFilter.tsx
FN:6,(anonymous_0)
FNF:1
FNH:1
FNDA:6,(anonymous_0)
DA:6,2
LF:1
LH:1
BRF:0
BRH:0
end_of_record
TN:
SF:src/components/ui/badge.tsx
FN:9,(anonymous_0)
FNF:1
FNH:1
FNDA:3,(anonymous_0)
DA:9,2
DA:15,3
DA:17,3
DA:22,3
LF:4
LH:4
BRDA:11,0,0,3
BRDA:12,1,0,3
BRF:2
BRH:2
end_of_record
TN:
SF:src/components/ui/button.tsx
FN:42,(anonymous_0)
FNF:1
FNH:0
FNDA:0,(anonymous_0)
DA:6,1
DA:41,1
DA:43,0
DA:53,1
LF:4
LH:3
BRDA:42,0,0,0
BRDA:43,1,0,0
BRDA:43,1,1,0
BRF:3
BRH:0
end_of_record
TN:
SF:src/components/ui/card.tsx
FNF:0
FNH:0
DA:17,1
DA:29,1
DA:44,1
DA:56,1
DA:64,1
DA:76,1
LF:6
LH:6
BRF:0
BRH:0
end_of_record
TN:
SF:src/components/ui/dialog.tsx
FNF:0
FNH:0
DA:1,1
DA:9,1
DA:11,1
DA:13,1
DA:15,1
DA:30,1
DA:54,1
DA:68,1
DA:82,1
DA:97,1
DA:109,1
LF:11
LH:11
BRF:0
BRH:0
end_of_record
TN:
SF:src/components/ui/input.tsx
FN:8,(anonymous_0)
FNF:1
FNH:0
FNDA:0,(anonymous_0)
DA:7,1
DA:22,1
LF:2
LH:2
BRF:0
BRH:0
end_of_record
TN:
SF:src/components/ui/label.tsx
FNF:0
FNH:0
DA:6,1
DA:21,1
LF:2
LH:2
BRF:0
BRH:0
end_of_record
TN:
SF:src/components/ui/switch.tsx
FN:15,(anonymous_0)
FN:30,(anonymous_1)
FNF:2
FNH:0
FNDA:0,(anonymous_0)
FNDA:0,(anonymous_1)
DA:14,1
DA:17,0
DA:30,0
DA:54,1
LF:4
LH:2
BRDA:15,0,0,0
BRDA:28,1,0,0
BRDA:28,1,1,0
BRDA:33,2,0,0
BRDA:33,2,1,0
BRDA:40,3,0,0
BRDA:40,3,1,0
BRDA:47,4,0,0
BRDA:47,4,1,0
BRF:9
BRH:0
end_of_record
TN:
SF:src/components/ui/tabs.tsx
FN:12,useTabsContext
FN:27,(anonymous_1)
FN:31,(anonymous_2)
FN:33,(anonymous_3)
FN:72,(anonymous_4)
FN:89,(anonymous_5)
FN:106,(anonymous_6)
FNF:7
FNH:0
FNDA:0,useTabsContext
FNDA:0,(anonymous_1)
FNDA:0,(anonymous_2)
FNDA:0,(anonymous_3)
FNDA:0,(anonymous_4)
FNDA:0,(anonymous_5)
FNDA:0,(anonymous_6)
DA:10,1
DA:13,0
DA:14,0
DA:15,0
DA:17,0
DA:20,1
DA:28,0
DA:30,0
DA:31,0
DA:34,0
DA:35,0
DA:37,0
DA:51,1
DA:67,1
DA:69,1
DA:73,0
DA:74,0
DA:77,0
DA:89,0
DA:101,1
DA:103,1
DA:107,0
DA:108,0
DA:110,0
DA:124,1
LF:25
LH:8
BRDA:14,0,0,0
BRDA:14,0,1,0
BRDA:28,1,0,0
BRDA:28,1,1,0
BRDA:32,2,0,0
BRDA:32,2,1,0
BRDA:34,3,0,0
BRDA:34,3,1,0
BRDA:87,4,0,0
BRDA:87,4,1,0
BRDA:88,5,0,0
BRDA:88,5,1,0
BRDA:92,6,0,0
BRDA:92,6,1,0
BRDA:110,7,0,0
BRDA:110,7,1,0
BRF:16
BRH:0
end_of_record
TN:
SF:src/components/ui/textarea.tsx
FN:9,(anonymous_0)
FNF:1
FNH:0
FNDA:0,(anonymous_0)
DA:8,1
DA:22,1
LF:2
LH:2
BRF:0
BRH:0
end_of_record
TN:
SF:src/components/ui/toast.tsx
FN:47,(anonymous_0)
FNF:1
FNH:0
FNDA:0,(anonymous_0)
DA:8,1
DA:23,1
DA:25,1
DA:43,1
DA:56,1
DA:71,1
DA:89,1
DA:101,1
DA:113,1
LF:9
LH:9
BRF:0
BRH:0
end_of_record
TN:
SF:src/components/ui/toaster.tsx
FN:12,Toaster
FN:17,(anonymous_1)
FNF:2
FNH:1
FNDA:1,Toaster
FNDA:0,(anonymous_1)
DA:13,1
LF:1
LH:1
BRF:0
BRH:0
end_of_record
TN:
SF:src/config/hotel-options-config.ts
FNF:0
FNH:0
DA:1,2
DA:19,2
LF:2
LH:2
BRF:0
BRH:0
end_of_record
TN:
SF:src/config/room-amenities-config.ts
FNF:0
FNH:0
DA:1,1
LF:1
LH:1
BRF:0
BRH:0
end_of_record
TN:
SF:src/contexts/AppContext.tsx
FN:46,(anonymous_0)
FN:58,(anonymous_1)
FN:59,(anonymous_2)
FN:63,(anonymous_3)
FN:66,(anonymous_4)
FN:83,(anonymous_5)
FN:89,(anonymous_6)
FN:96,(anonymous_7)
FN:101,(anonymous_8)
FN:116,(anonymous_9)
FN:123,(anonymous_10)
FNF:11
FNH:6
FNDA:2,(anonymous_0)
FNDA:1,(anonymous_1)
FNDA:1,(anonymous_2)
FNDA:1,(anonymous_3)
FNDA:1,(anonymous_4)
FNDA:6,(anonymous_5)
FNDA:0,(anonymous_6)
FNDA:0,(anonymous_7)
FNDA:0,(anonymous_8)
FNDA:0,(anonymous_9)
FNDA:0,(anonymous_10)
DA:12,1
DA:14,1
DA:15,0
DA:38,1
DA:42,1
DA:46,1
DA:51,2
DA:52,2
DA:55,2
DA:56,2
DA:58,2
DA:59,1
DA:60,1
DA:61,0
DA:63,1
DA:66,2
DA:67,1
DA:73,1
DA:82,1
DA:84,6
DA:85,0
DA:86,0
DA:87,0
DA:89,0
DA:92,0
DA:96,1
DA:99,2
DA:101,2
DA:103,0
DA:109,0
DA:116,2
DA:117,0
DA:118,0
DA:120,0
DA:123,2
DA:124,0
LF:36
LH:23
BRDA:14,0,0,0
BRDA:14,0,1,1
BRDA:42,1,0,1
BRDA:42,1,1,0
BRDA:60,2,0,1
BRDA:60,2,1,0
BRDA:61,3,0,0
BRDA:61,3,1,0
BRDA:84,4,0,6
BRDA:84,4,1,0
BRDA:85,5,0,0
BRDA:85,5,1,0
BRDA:86,6,0,0
BRDA:86,6,1,0
BRDA:103,7,0,0
BRDA:103,7,1,0
BRDA:105,8,0,0
BRDA:105,8,1,0
BRDA:117,9,0,0
BRDA:117,9,1,0
BRDA:133,10,0,2
BRDA:133,10,1,1
BRDA:133,10,2,1
BRF:23
BRH:7
end_of_record
TN:
SF:src/contexts/SearchContext.tsx
FN:32,(anonymous_0)
FN:36,(anonymous_1)
FN:39,(anonymous_2)
FN:43,(anonymous_3)
FN:46,(anonymous_4)
FN:49,(anonymous_5)
FN:52,(anonymous_6)
FN:56,(anonymous_7)
FN:59,(anonymous_8)
FN:62,(anonymous_9)
FN:104,(anonymous_10)
FNF:11
FNH:10
FNDA:7,(anonymous_0)
FNDA:3,(anonymous_1)
FNDA:3,(anonymous_2)
FNDA:3,(anonymous_3)
FNDA:3,(anonymous_4)
FNDA:3,(anonymous_5)
FNDA:3,(anonymous_6)
FNDA:3,(anonymous_7)
FNDA:3,(anonymous_8)
FNDA:2,(anonymous_9)
FNDA:0,(anonymous_10)
DA:24,2
DA:32,2
DA:35,7
DA:36,3
DA:38,7
DA:40,3
DA:42,7
DA:44,3
DA:46,7
DA:47,3
DA:49,7
DA:50,3
DA:52,7
DA:53,3
DA:55,7
DA:56,3
DA:58,7
DA:59,3
DA:62,7
DA:72,2
DA:73,2
DA:74,2
DA:75,2
DA:76,2
DA:77,2
DA:78,0
DA:80,2
DA:81,0
DA:83,2
DA:84,0
DA:87,2
DA:88,2
DA:89,2
DA:90,2
DA:91,2
DA:92,2
DA:93,0
DA:96,2
DA:97,0
DA:99,2
DA:100,0
DA:104,7
DA:105,0
DA:106,0
DA:107,0
DA:108,0
DA:109,0
DA:110,0
DA:111,0
DA:112,0
DA:114,0
DA:115,0
DA:116,0
DA:117,0
DA:118,0
DA:119,0
DA:120,0
DA:121,0
DA:124,0
DA:125,0
DA:126,0
DA:127,0
DA:128,0
DA:129,0
LF:64
LH:36
BRDA:36,0,0,3
BRDA:36,0,1,2
BRDA:40,1,0,3
BRDA:40,1,1,2
BRDA:44,2,0,3
BRDA:44,2,1,2
BRDA:47,3,0,3
BRDA:47,3,1,2
BRDA:50,4,0,3
BRDA:50,4,1,2
BRDA:53,5,0,3
BRDA:53,5,1,3
BRDA:56,6,0,3
BRDA:56,6,1,3
BRDA:59,7,0,3
BRDA:59,7,1,3
BRDA:77,8,0,0
BRDA:77,8,1,2
BRDA:80,9,0,0
BRDA:80,9,1,2
BRDA:83,10,0,0
BRDA:83,10,1,2
BRDA:92,11,0,0
BRDA:92,11,1,2
BRDA:96,12,0,0
BRDA:96,12,1,2
BRDA:99,13,0,0
BRDA:99,13,1,2
BRDA:125,14,0,0
BRDA:125,14,1,0
BRDA:127,15,0,0
BRDA:127,15,1,0
BRF:32
BRH:22
end_of_record
TN:
SF:src/forms/AddRoomForm.tsx
FN:16,(anonymous_0)
FN:27,(anonymous_1)
FN:30,(anonymous_2)
FN:35,(anonymous_3)
FN:41,(anonymous_4)
FNF:5
FNH:0
FNDA:0,(anonymous_0)
FNDA:0,(anonymous_1)
FNDA:0,(anonymous_2)
FNDA:0,(anonymous_3)
FNDA:0,(anonymous_4)
DA:16,1
DA:17,0
DA:18,0
DA:24,0
DA:26,0
DA:28,0
DA:31,0
DA:32,0
DA:33,0
DA:36,0
DA:41,0
DA:42,0
LF:12
LH:1
BRDA:64,0,0,0
BRDA:64,0,1,0
BRF:2
BRH:0
end_of_record
TN:
SF:src/forms/AddRoomTypeForm.tsx
FN:23,(anonymous_0)
FN:34,(anonymous_1)
FN:36,(anonymous_2)
FN:41,(anonymous_3)
FN:47,(anonymous_4)
FN:54,(anonymous_5)
FN:57,(anonymous_6)
FN:153,(anonymous_7)
FNF:8
FNH:0
FNDA:0,(anonymous_0)
FNDA:0,(anonymous_1)
FNDA:0,(anonymous_2)
FNDA:0,(anonymous_3)
FNDA:0,(anonymous_4)
FNDA:0,(anonymous_5)
FNDA:0,(anonymous_6)
FNDA:0,(anonymous_7)
DA:23,1
DA:24,0
DA:25,0
DA:31,0
DA:33,0
DA:34,0
DA:37,0
DA:38,0
DA:39,0
DA:42,0
DA:47,0
DA:48,0
DA:49,0
DA:50,0
DA:51,0
DA:52,0
DA:53,0
DA:54,0
DA:55,0
DA:57,0
DA:58,0
DA:61,0
DA:154,0
DA:155,0
DA:156,0
DA:158,0
DA:159,0
DA:161,0
LF:28
LH:1
BRDA:155,0,0,0
BRDA:155,0,1,0
BRDA:158,1,0,0
BRDA:158,1,1,0
BRDA:175,2,0,0
BRDA:175,2,1,0
BRF:6
BRH:0
end_of_record
TN:
SF:src/forms/EditRoomForm.tsx
FN:19,(anonymous_0)
FN:30,(anonymous_1)
FN:35,(anonymous_2)
FN:38,(anonymous_3)
FN:43,(anonymous_4)
FN:49,(anonymous_5)
FNF:6
FNH:0
FNDA:0,(anonymous_0)
FNDA:0,(anonymous_1)
FNDA:0,(anonymous_2)
FNDA:0,(anonymous_3)
FNDA:0,(anonymous_4)
FNDA:0,(anonymous_5)
DA:19,1
DA:20,0
DA:21,0
DA:28,0
DA:30,0
DA:31,0
DA:34,0
DA:36,0
DA:39,0
DA:40,0
DA:41,0
DA:44,0
DA:49,0
DA:50,0
LF:14
LH:1
BRDA:79,0,0,0
BRDA:79,0,1,0
BRF:2
BRH:0
end_of_record
TN:
SF:src/forms/EditRoomTypeForm.tsx
FN:25,(anonymous_0)
FN:36,(anonymous_1)
FN:41,(anonymous_2)
FN:44,(anonymous_3)
FN:49,(anonymous_4)
FN:55,(anonymous_5)
FN:62,(anonymous_6)
FN:65,(anonymous_7)
FNF:8
FNH:0
FNDA:0,(anonymous_0)
FNDA:0,(anonymous_1)
FNDA:0,(anonymous_2)
FNDA:0,(anonymous_3)
FNDA:0,(anonymous_4)
FNDA:0,(anonymous_5)
FNDA:0,(anonymous_6)
FNDA:0,(anonymous_7)
DA:25,1
DA:26,0
DA:27,0
DA:34,0
DA:36,0
DA:37,0
DA:40,0
DA:42,0
DA:45,0
DA:46,0
DA:47,0
DA:50,0
DA:55,0
DA:56,0
DA:57,0
DA:58,0
DA:59,0
DA:60,0
DA:61,0
DA:62,0
DA:63,0
DA:65,0
DA:66,0
DA:69,0
LF:24
LH:1
BRDA:169,0,0,0
BRDA:169,0,1,0
BRF:2
BRH:0
end_of_record
TN:
SF:src/forms/BookingForm/BookingForm.tsx
FN:52,(anonymous_0)
FN:70,(anonymous_1)
FN:78,(anonymous_2)
FN:82,(anonymous_3)
FN:112,(anonymous_4)
FN:119,(anonymous_5)
FN:125,(anonymous_6)
FN:222,(anonymous_7)
FN:241,(anonymous_8)
FNF:9
FNH:0
FNDA:0,(anonymous_0)
FNDA:0,(anonymous_1)
FNDA:0,(anonymous_2)
FNDA:0,(anonymous_3)
FNDA:0,(anonymous_4)
FNDA:0,(anonymous_5)
FNDA:0,(anonymous_6)
FNDA:0,(anonymous_7)
FNDA:0,(anonymous_8)
DA:52,1
DA:53,0
DA:54,0
DA:56,0
DA:57,0
DA:58,0
DA:60,0
DA:63,0
DA:64,0
DA:65,0
DA:67,0
DA:71,0
DA:78,0
DA:79,0
DA:83,0
DA:93,0
DA:112,0
DA:113,0
DA:116,0
DA:117,0
DA:118,0
DA:119,0
DA:121,0
DA:125,0
DA:126,0
DA:127,0
DA:131,0
DA:137,0
DA:143,0
DA:144,0
DA:222,0
DA:241,0
LF:32
LH:1
BRDA:100,0,0,0
BRDA:100,0,1,0
BRDA:106,1,0,0
BRDA:106,1,1,0
BRDA:126,2,0,0
BRDA:126,2,1,0
BRDA:126,3,0,0
BRDA:126,3,1,0
BRDA:143,4,0,0
BRDA:143,4,1,0
BRF:10
BRH:0
end_of_record
TN:
SF:src/forms/GuestInfoForm/GuestInfoForm.tsx
FN:34,(anonymous_0)
FN:72,(anonymous_1)
FN:78,(anonymous_2)
FN:90,(anonymous_3)
FN:211,(anonymous_4)
FN:227,(anonymous_5)
FN:304,(anonymous_6)
FN:318,(anonymous_7)
FNF:8
FNH:0
FNDA:0,(anonymous_0)
FNDA:0,(anonymous_1)
FNDA:0,(anonymous_2)
FNDA:0,(anonymous_3)
FNDA:0,(anonymous_4)
FNDA:0,(anonymous_5)
FNDA:0,(anonymous_6)
FNDA:0,(anonymous_7)
DA:34,1
DA:35,0
DA:36,0
DA:37,0
DA:38,0
DA:39,0
DA:47,0
DA:57,0
DA:58,0
DA:61,0
DA:62,0
DA:63,0
DA:64,0
DA:66,0
DA:68,0
DA:69,0
DA:70,0
DA:72,0
DA:73,0
DA:74,0
DA:75,0
DA:78,0
DA:79,0
DA:87,0
DA:90,0
DA:91,0
DA:99,0
DA:211,0
DA:227,0
DA:304,0
DA:318,0
LF:31
LH:1
BRDA:62,0,0,0
BRDA:62,0,1,0
BRDA:62,1,0,0
BRDA:62,1,1,0
BRDA:177,2,0,0
BRDA:177,2,1,0
BRDA:177,3,0,0
BRDA:177,3,1,0
BRDA:195,4,0,0
BRDA:195,4,1,0
BRDA:312,5,0,0
BRDA:312,5,1,0
BRF:12
BRH:0
end_of_record
TN:
SF:src/forms/ManageHotelForm/ContactSection.tsx
FN:6,(anonymous_0)
FNF:1
FNH:0
FNDA:0,(anonymous_0)
DA:6,1
DA:7,0
LF:2
LH:1
BRF:0
BRH:0
end_of_record
TN:
SF:src/forms/ManageHotelForm/DetailsSection.tsx
FN:7,(anonymous_0)
FNF:1
FNH:0
FNDA:0,(anonymous_0)
DA:7,1
DA:11,0
LF:2
LH:1
BRDA:116,0,0,0
BRDA:116,0,1,0
BRF:2
BRH:0
end_of_record
TN:
SF:src/forms/ManageHotelForm/FacilitiesSection.tsx
FN:6,(anonymous_0)
FN:32,(anonymous_1)
FNF:2
FNH:0
FNDA:0,(anonymous_0)
FNDA:0,(anonymous_1)
DA:6,1
DA:10,0
DA:33,0
DA:34,0
DA:36,0
LF:5
LH:1
BRDA:33,0,0,0
BRDA:33,0,1,0
BRDA:33,1,0,0
BRDA:33,1,1,0
BRF:4
BRH:0
end_of_record
TN:
SF:src/forms/ManageHotelForm/GuestsSection.tsx
FN:6,(anonymous_0)
FNF:1
FNH:0
FNDA:0,(anonymous_0)
DA:6,1
DA:10,0
LF:2
LH:1
BRF:0
BRH:0
end_of_record
TN:
SF:src/forms/ManageHotelForm/ImagesSection.tsx
FN:22,(anonymous_0)
FN:36,(anonymous_1)
FN:39,(anonymous_2)
FN:49,(anonymous_3)
FN:54,(anonymous_4)
FN:71,(anonymous_5)
FN:77,(anonymous_6)
FN:78,(anonymous_7)
FN:81,(anonymous_8)
FN:87,(anonymous_9)
FN:93,(anonymous_10)
FN:101,(anonymous_11)
FN:114,(anonymous_12)
FN:122,(anonymous_13)
FN:133,(anonymous_14)
FN:216,(anonymous_15)
FNF:16
FNH:0
FNDA:0,(anonymous_0)
FNDA:0,(anonymous_1)
FNDA:0,(anonymous_2)
FNDA:0,(anonymous_3)
FNDA:0,(anonymous_4)
FNDA:0,(anonymous_5)
FNDA:0,(anonymous_6)
FNDA:0,(anonymous_7)
FNDA:0,(anonymous_8)
FNDA:0,(anonymous_9)
FNDA:0,(anonymous_10)
FNDA:0,(anonymous_11)
FNDA:0,(anonymous_12)
FNDA:0,(anonymous_13)
FNDA:0,(anonymous_14)
FNDA:0,(anonymous_15)
DA:22,1
DA:29,0
DA:31,0
DA:32,0
DA:33,0
DA:36,0
DA:37,0
DA:38,0
DA:39,0
DA:45,0
DA:49,0
DA:50,0
DA:51,0
DA:53,0
DA:54,0
DA:62,0
DA:65,0
DA:66,0
DA:67,0
DA:70,0
DA:71,0
DA:73,0
DA:74,0
DA:77,0
DA:78,0
DA:79,0
DA:81,0
DA:82,0
DA:84,0
DA:86,0
DA:87,0
DA:89,0
DA:92,0
DA:93,0
DA:94,0
DA:95,0
DA:97,0
DA:100,0
DA:101,0
DA:102,0
DA:109,0
DA:110,0
DA:114,0
DA:115,0
DA:116,0
DA:119,0
DA:122,0
DA:123,0
DA:124,0
DA:126,0
DA:127,0
DA:129,0
DA:133,0
DA:134,0
DA:135,0
DA:136,0
DA:138,0
DA:217,0
DA:218,0
LF:59
LH:1
BRDA:33,0,0,0
BRDA:33,0,1,0
BRDA:37,1,0,0
BRDA:37,1,1,0
BRDA:37,2,0,0
BRDA:37,2,1,0
BRDA:51,3,0,0
BRDA:51,3,1,0
BRDA:66,4,0,0
BRDA:66,4,1,0
BRDA:79,5,0,0
BRDA:79,5,1,0
BRDA:84,6,0,0
BRDA:84,6,1,0
BRDA:92,7,0,0
BRDA:92,7,1,0
BRDA:94,8,0,0
BRDA:94,8,1,0
BRDA:104,9,0,0
BRDA:104,9,1,0
BRDA:109,10,0,0
BRDA:109,10,1,0
BRDA:123,11,0,0
BRDA:123,11,1,0
BRDA:126,12,0,0
BRDA:126,12,1,0
BRDA:135,13,0,0
BRDA:135,13,1,0
BRDA:229,14,0,0
BRDA:229,14,1,0
BRDA:232,15,0,0
BRDA:232,15,1,0
BRF:32
BRH:0
end_of_record
TN:
SF:src/forms/ManageHotelForm/ManageHotelForm.tsx
FN:59,(anonymous_0)
FN:80,(anonymous_1)
FN:105,(anonymous_2)
FN:114,(anonymous_3)
FN:122,(anonymous_4)
FN:157,(anonymous_5)
FN:162,(anonymous_6)
FNF:7
FNH:0
FNDA:0,(anonymous_0)
FNDA:0,(anonymous_1)
FNDA:0,(anonymous_2)
FNDA:0,(anonymous_3)
FNDA:0,(anonymous_4)
FNDA:0,(anonymous_5)
FNDA:0,(anonymous_6)
DA:59,1
DA:60,0
DA:78,0
DA:80,0
DA:81,0
DA:83,0
DA:101,0
DA:105,0
DA:106,0
DA:107,0
DA:108,0
DA:110,0
DA:111,0
DA:112,0
DA:113,0
DA:114,0
DA:115,0
DA:117,0
DA:118,0
DA:119,0
DA:120,0
DA:122,0
DA:123,0
DA:127,0
DA:128,0
DA:129,0
DA:130,0
DA:134,0
DA:135,0
DA:139,0
DA:143,0
DA:147,0
DA:151,0
DA:157,0
DA:158,0
DA:161,0
DA:162,0
DA:163,0
DA:167,0
LF:39
LH:1
BRDA:81,0,0,0
BRDA:81,0,1,0
BRDA:85,1,0,0
BRDA:85,1,1,0
BRDA:86,2,0,0
BRDA:86,2,1,0
BRDA:87,3,0,0
BRDA:87,3,1,0
BRDA:88,4,0,0
BRDA:88,4,1,0
BRDA:93,5,0,0
BRDA:93,5,1,0
BRDA:107,6,0,0
BRDA:107,6,1,0
BRDA:127,7,0,0
BRDA:127,7,1,0
BRDA:128,8,0,0
BRDA:128,8,1,0
BRDA:129,9,0,0
BRDA:129,9,1,0
BRDA:130,10,0,0
BRDA:130,10,1,0
BRDA:134,11,0,0
BRDA:134,11,1,0
BRDA:137,12,0,0
BRDA:137,12,1,0
BRDA:141,13,0,0
BRDA:141,13,1,0
BRDA:145,14,0,0
BRDA:145,14,1,0
BRDA:149,15,0,0
BRDA:149,15,1,0
BRDA:153,16,0,0
BRDA:153,16,1,0
BRDA:157,17,0,0
BRDA:157,17,1,0
BRDA:161,18,0,0
BRDA:161,18,1,0
BRDA:161,19,0,0
BRDA:161,19,1,0
BRDA:229,20,0,0
BRDA:229,20,1,0
BRF:42
BRH:0
end_of_record
TN:
SF:src/forms/ManageHotelForm/PoliciesSection.tsx
FN:7,(anonymous_0)
FNF:1
FNH:0
FNDA:0,(anonymous_0)
DA:7,1
DA:8,0
LF:2
LH:1
BRF:0
BRH:0
end_of_record
TN:
SF:src/forms/ManageHotelForm/TypeSection.tsx
FN:7,(anonymous_0)
FN:17,(anonymous_1)
FN:19,(anonymous_2)
FN:24,(anonymous_3)
FN:28,(anonymous_4)
FN:50,(anonymous_5)
FNF:6
FNH:0
FNDA:0,(anonymous_0)
FNDA:0,(anonymous_1)
FNDA:0,(anonymous_2)
FNDA:0,(anonymous_3)
FNDA:0,(anonymous_4)
FNDA:0,(anonymous_5)
DA:7,1
DA:13,0
DA:15,0
DA:17,0
DA:18,0
DA:20,0
DA:24,0
DA:25,0
DA:26,0
DA:27,0
DA:28,0
DA:30,0
DA:50,0
LF:13
LH:1
BRDA:15,0,0,0
BRDA:15,0,1,0
BRDA:20,1,0,0
BRDA:20,1,1,0
BRDA:20,2,0,0
BRDA:20,2,1,0
BRDA:25,3,0,0
BRDA:25,3,1,0
BRDA:27,4,0,0
BRDA:27,4,1,0
BRDA:53,5,0,0
BRDA:53,5,1,0
BRDA:62,6,0,0
BRDA:62,6,1,0
BRF:14
BRH:0
end_of_record
TN:
SF:src/hooks/use-toast.ts
FN:27,genId
FN:58,(anonymous_1)
FN:63,(anonymous_2)
FN:74,(anonymous_3)
FN:85,(anonymous_4)
FN:96,(anonymous_5)
FN:103,(anonymous_6)
FN:122,(anonymous_7)
FN:131,dispatch
FN:133,(anonymous_9)
FN:140,toast
FN:143,(anonymous_11)
FN:148,(anonymous_12)
FN:156,(anonymous_13)
FN:169,useToast
FN:172,(anonymous_15)
FN:174,(anonymous_16)
FN:185,(anonymous_17)
FNF:18
FNH:3
FNDA:0,genId
FNDA:0,(anonymous_1)
FNDA:0,(anonymous_2)
FNDA:0,(anonymous_3)
FNDA:0,(anonymous_4)
FNDA:0,(anonymous_5)
FNDA:0,(anonymous_6)
FNDA:0,(anonymous_7)
FNDA:0,dispatch
FNDA:0,(anonymous_9)
FNDA:0,toast
FNDA:0,(anonymous_11)
FNDA:0,(anonymous_12)
FNDA:0,(anonymous_13)
FNDA:2,useToast
FNDA:2,(anonymous_15)
FNDA:2,(anonymous_16)
FNDA:0,(anonymous_17)
DA:8,1
DA:9,1
DA:18,1
DA:25,1
DA:28,0
DA:29,0
DA:56,1
DA:58,1
DA:59,0
DA:60,0
DA:63,0
DA:64,0
DA:65,0
DA:71,0
DA:74,1
DA:75,0
DA:77,0
DA:83,0
DA:86,0
DA:91,0
DA:93,0
DA:94,0
DA:96,0
DA:97,0
DA:101,0
DA:104,0
DA:114,0
DA:115,0
DA:120,0
DA:122,0
DA:127,1
DA:129,1
DA:132,0
DA:133,0
DA:134,0
DA:141,0
DA:143,0
DA:144,0
DA:148,0
DA:150,0
DA:157,0
DA:162,0
DA:170,2
DA:172,2
DA:173,2
DA:174,2
DA:175,2
DA:176,2
DA:177,2
DA:182,2
DA:185,0
LF:51
LH:17
BRDA:59,0,0,0
BRDA:59,0,1,0
BRDA:75,1,0,0
BRDA:75,1,1,0
BRDA:75,1,2,0
BRDA:75,1,3,0
BRDA:86,2,0,0
BRDA:86,2,1,0
BRDA:93,3,0,0
BRDA:93,3,1,0
BRDA:104,4,0,0
BRDA:104,4,1,0
BRDA:104,5,0,0
BRDA:104,5,1,0
BRDA:114,6,0,0
BRDA:114,6,1,0
BRDA:157,7,0,0
BRDA:157,7,1,0
BRDA:176,8,0,2
BRDA:176,8,1,0
BRF:20
BRH:1
end_of_record
TN:
SF:src/hooks/useLoadingHooks.ts
FN:5,(anonymous_0)
FN:14,(anonymous_1)
FN:18,(anonymous_2)
FN:22,(anonymous_3)
FN:30,(anonymous_4)
FN:38,(anonymous_5)
FN:46,(anonymous_6)
FN:50,(anonymous_7)
FN:54,(anonymous_8)
FNF:9
FNH:0
FNDA:0,(anonymous_0)
FNDA:0,(anonymous_1)
FNDA:0,(anonymous_2)
FNDA:0,(anonymous_3)
FNDA:0,(anonymous_4)
FNDA:0,(anonymous_5)
FNDA:0,(anonymous_6)
FNDA:0,(anonymous_7)
FNDA:0,(anonymous_8)
DA:5,1
DA:10,0
DA:12,0
DA:15,0
DA:16,0
DA:19,0
DA:20,0
DA:23,0
DA:24,0
DA:30,1
DA:34,0
DA:36,0
DA:39,0
DA:40,0
DA:42,0
DA:44,0
DA:47,0
DA:48,0
DA:51,0
DA:52,0
DA:55,0
DA:56,0
LF:22
LH:2
BRDA:39,0,0,0
BRDA:39,0,1,0
BRF:2
BRH:0
end_of_record
TN:
SF:src/hooks/usePushNotifications.ts
FN:12,(anonymous_0)
FN:23,(anonymous_1)
FN:24,(anonymous_2)
FN:31,(anonymous_3)
FN:50,(anonymous_4)
FN:62,(anonymous_5)
FN:80,(anonymous_6)
FN:94,(anonymous_7)
FN:110,(anonymous_8)
FN:151,(anonymous_9)
FN:168,(anonymous_10)
FN:183,(anonymous_11)
FN:197,(anonymous_12)
FNF:13
FNH:0
FNDA:0,(anonymous_0)
FNDA:0,(anonymous_1)
FNDA:0,(anonymous_2)
FNDA:0,(anonymous_3)
FNDA:0,(anonymous_4)
FNDA:0,(anonymous_5)
FNDA:0,(anonymous_6)
FNDA:0,(anonymous_7)
FNDA:0,(anonymous_8)
FNDA:0,(anonymous_9)
FNDA:0,(anonymous_10)
FNDA:0,(anonymous_11)
FNDA:0,(anonymous_12)
DA:3,1
DA:12,1
DA:13,0
DA:19,0
DA:20,0
DA:23,0
DA:24,0
DA:26,0
DA:30,0
DA:31,0
DA:32,0
DA:35,0
DA:38,0
DA:39,0
DA:40,0
DA:42,0
DA:49,0
DA:50,0
DA:58,0
DA:62,0
DA:63,0
DA:64,0
DA:67,0
DA:68,0
DA:71,0
DA:72,0
DA:74,0
DA:75,0
DA:80,0
DA:81,0
DA:85,0
DA:86,0
DA:89,0
DA:90,0
DA:94,0
DA:95,0
DA:96,0
DA:100,0
DA:101,0
DA:103,0
DA:104,0
DA:106,0
DA:110,0
DA:111,0
DA:112,0
DA:114,0
DA:116,0
DA:118,0
DA:119,0
DA:123,0
DA:124,0
DA:127,0
DA:129,0
DA:130,0
DA:134,0
DA:140,0
DA:147,0
DA:148,0
DA:151,0
DA:158,0
DA:160,0
DA:161,0
DA:163,0
DA:168,0
DA:169,0
DA:170,0
DA:172,0
DA:173,0
DA:174,0
DA:178,0
DA:183,0
DA:189,0
DA:190,0
DA:192,0
DA:197,0
DA:198,0
DA:199,0
DA:204,0
DA:205,0
DA:208,0
DA:210,0
DA:211,0
DA:215,0
LF:83
LH:2
BRDA:3,0,0,1
BRDA:3,0,1,1
BRDA:26,1,0,0
BRDA:26,1,1,0
BRDA:26,1,2,0
BRDA:30,2,0,0
BRDA:30,2,1,0
BRDA:63,3,0,0
BRDA:63,3,1,0
BRDA:85,4,0,0
BRDA:85,4,1,0
BRDA:118,5,0,0
BRDA:118,5,1,0
BRDA:129,6,0,0
BRDA:129,6,1,0
BRDA:147,7,0,0
BRDA:147,7,1,0
BRDA:173,8,0,0
BRDA:173,8,1,0
BRDA:204,9,0,0
BRDA:204,9,1,0
BRF:21
BRH:2
end_of_record
TN:
SF:src/hooks/useSearchContext.ts
FN:5,(anonymous_0)
FNF:1
FNH:1
FNDA:9,(anonymous_0)
DA:5,2
DA:6,9
DA:7,9
LF:3
LH:3
BRF:0
BRH:0
end_of_record
TN:
SF:src/layouts/Layout.tsx
FN:11,(anonymous_0)
FNF:1
FNH:1
FNDA:2,(anonymous_0)
DA:11,1
DA:12,2
DA:15,2
LF:3
LH:3
BRF:0
BRH:0
end_of_record
TN:
SF:src/lib/api-client.ts
FN:21,(anonymous_0)
FN:34,(anonymous_1)
FN:35,(anonymous_2)
FN:55,(anonymous_3)
FN:71,(anonymous_4)
FNF:5
FNH:1
FNDA:1,(anonymous_0)
FNDA:0,(anonymous_1)
FNDA:0,(anonymous_2)
FNDA:0,(anonymous_3)
FNDA:0,(anonymous_4)
DA:11,2
DA:21,2
DA:22,1
DA:23,1
DA:24,0
DA:27,1
DA:29,1
DA:33,2
DA:34,0
DA:36,0
DA:39,0
DA:44,0
DA:45,0
DA:46,0
DA:47,0
DA:48,0
DA:49,0
DA:53,0
DA:55,0
DA:57,0
DA:63,0
DA:64,0
DA:65,0
DA:66,0
DA:67,0
DA:68,0
DA:71,0
DA:73,0
DA:78,0
LF:29
LH:7
BRDA:23,0,0,0
BRDA:23,0,1,1
BRDA:39,1,0,0
BRDA:39,1,1,0
BRDA:44,2,0,0
BRDA:44,2,1,0
BRDA:44,3,0,0
BRDA:44,3,1,0
BRDA:46,4,0,0
BRDA:46,4,1,0
BRDA:46,5,0,0
BRDA:46,5,1,0
BRDA:48,6,0,0
BRDA:48,6,1,0
BRDA:63,7,0,0
BRDA:63,7,1,0
BRDA:63,8,0,0
BRDA:63,8,1,0
BRDA:65,9,0,0
BRDA:65,9,1,0
BRDA:65,10,0,0
BRDA:65,10,1,0
BRDA:67,11,0,0
BRDA:67,11,1,0
BRF:24
BRH:1
end_of_record
TN:
SF:src/lib/asgardeo-token-bridge.ts
FN:3,(anonymous_0)
FN:7,(anonymous_1)
FN:11,(anonymous_2)
FNF:3
FNH:3
FNDA:1,(anonymous_0)
FNDA:1,(anonymous_1)
FNDA:1,(anonymous_2)
DA:1,2
DA:3,2
DA:4,1
DA:7,2
DA:8,1
DA:11,2
DA:12,1
DA:13,1
DA:14,1
DA:16,0
DA:17,0
LF:11
LH:9
BRDA:12,0,0,0
BRDA:12,0,1,1
BRDA:16,1,0,0
BRDA:16,1,1,0
BRF:4
BRH:1
end_of_record
TN:
SF:src/lib/runtime-config.ts
FN:11,(anonymous_0)
FN:13,(anonymous_1)
FN:17,(anonymous_2)
FN:23,(anonymous_3)
FN:25,(anonymous_4)
FN:35,(anonymous_5)
FN:47,(anonymous_6)
FN:55,(anonymous_7)
FN:60,(anonymous_8)
FN:78,(anonymous_9)
FNF:10
FNH:10
FNDA:4,(anonymous_0)
FNDA:11,(anonymous_1)
FNDA:3,(anonymous_2)
FNDA:15,(anonymous_3)
FNDA:6,(anonymous_4)
FNDA:3,(anonymous_5)
FNDA:4,(anonymous_6)
FNDA:3,(anonymous_7)
FNDA:6,(anonymous_8)
FNDA:1,(anonymous_9)
DA:11,2
DA:12,4
DA:13,11
DA:17,2
DA:18,3
DA:19,3
DA:20,3
DA:23,15
DA:25,2
DA:26,6
DA:27,6
DA:28,6
DA:35,2
DA:36,3
DA:37,0
DA:40,3
DA:41,0
DA:44,3
DA:47,2
DA:48,4
DA:49,0
DA:52,4
DA:55,2
DA:56,3
DA:57,3
DA:58,3
DA:60,3
DA:61,6
DA:62,6
DA:64,6
DA:67,3
DA:72,3
DA:75,3
DA:78,2
DA:79,1
LF:35
LH:32
BRDA:13,0,0,11
BRDA:13,0,1,4
BRDA:13,0,2,4
BRDA:18,1,0,0
BRDA:18,1,1,3
BRDA:20,2,0,3
BRDA:20,2,1,0
BRDA:26,3,0,0
BRDA:26,3,1,6
BRDA:29,4,0,6
BRDA:29,4,1,0
BRDA:29,4,2,0
BRDA:36,5,0,0
BRDA:36,5,1,3
BRDA:40,6,0,0
BRDA:40,6,1,3
BRDA:48,7,0,0
BRDA:48,7,1,4
BRDA:52,8,0,4
BRDA:52,8,1,4
BRDA:61,9,0,0
BRDA:61,9,1,6
BRDA:62,10,0,0
BRDA:62,10,1,6
BRDA:67,11,0,3
BRDA:67,11,1,0
BRDA:72,12,0,3
BRDA:72,12,1,0
BRDA:72,13,0,0
BRDA:72,13,1,3
BRF:30
BRH:17
end_of_record
TN:
SF:src/lib/utils.ts
FN:4,cn
FNF:1
FNH:1
FNDA:3,cn
DA:5,3
LF:1
LH:1
BRF:0
BRH:0
end_of_record
TN:
SF:src/pages/AddHotel.tsx
FN:8,(anonymous_0)
FN:13,(anonymous_1)
FN:21,(anonymous_2)
FN:25,(anonymous_3)
FN:34,(anonymous_4)
FNF:5
FNH:0
FNDA:0,(anonymous_0)
FNDA:0,(anonymous_1)
FNDA:0,(anonymous_2)
FNDA:0,(anonymous_3)
FNDA:0,(anonymous_4)
DA:8,1
DA:9,0
DA:10,0
DA:12,0
DA:14,0
DA:21,0
DA:22,0
DA:26,0
DA:34,0
DA:35,0
LF:10
LH:1
BRF:0
BRH:0
end_of_record
TN:
SF:src/pages/AnalyticsDashboard.tsx
FN:119,(anonymous_0)
FN:173,(anonymous_1)
FN:180,(anonymous_2)
FN:203,(anonymous_3)
FN:227,(anonymous_4)
FN:243,(anonymous_5)
FN:248,(anonymous_6)
FN:362,(anonymous_7)
FN:368,(anonymous_8)
FN:395,(anonymous_9)
FN:562,(anonymous_10)
FN:568,(anonymous_11)
FN:609,(anonymous_12)
FN:615,(anonymous_13)
FNF:14
FNH:0
FNDA:0,(anonymous_0)
FNDA:0,(anonymous_1)
FNDA:0,(anonymous_2)
FNDA:0,(anonymous_3)
FNDA:0,(anonymous_4)
FNDA:0,(anonymous_5)
FNDA:0,(anonymous_6)
FNDA:0,(anonymous_7)
FNDA:0,(anonymous_8)
FNDA:0,(anonymous_9)
FNDA:0,(anonymous_10)
FNDA:0,(anonymous_11)
FNDA:0,(anonymous_12)
FNDA:0,(anonymous_13)
DA:119,1
DA:120,0
DA:129,0
DA:141,0
DA:143,0
DA:155,0
DA:157,0
DA:169,0
DA:171,0
DA:173,0
DA:174,0
DA:180,0
DA:181,0
DA:184,0
DA:195,0
DA:203,0
DA:227,0
DA:244,0
DA:248,0
DA:363,0
DA:369,0
DA:396,0
DA:563,0
DA:569,0
DA:610,0
DA:616,0
LF:26
LH:1
BRDA:184,0,0,0
BRDA:184,0,1,0
BRDA:195,1,0,0
BRDA:195,1,1,0
BRDA:250,2,0,0
BRDA:250,2,1,0
BRDA:337,3,0,0
BRDA:337,3,1,0
BRDA:396,4,0,0
BRDA:396,4,1,0
BRDA:529,5,0,0
BRDA:529,5,1,0
BRDA:573,6,0,0
BRDA:573,6,1,0
BRDA:790,7,0,0
BRDA:790,7,1,0
BRF:16
BRH:0
end_of_record
TN:
SF:src/pages/ApiDocs.tsx
FN:11,(anonymous_0)
FN:135,(anonymous_1)
FNF:2
FNH:0
FNDA:0,(anonymous_0)
FNDA:0,(anonymous_1)
DA:11,1
DA:12,0
DA:14,0
DA:135,0
DA:136,0
DA:138,0
DA:140,0
DA:142,0
DA:144,0
DA:146,0
LF:10
LH:1
BRDA:136,0,0,0
BRDA:136,0,1,0
BRDA:136,0,2,0
BRDA:136,0,3,0
BRDA:136,0,4,0
BRF:5
BRH:0
end_of_record
TN:
SF:src/pages/ApiStatus.tsx
FN:65,(anonymous_0)
FN:76,(anonymous_1)
FN:92,(anonymous_2)
FN:105,(anonymous_3)
FN:116,(anonymous_4)
FN:127,(anonymous_5)
FN:141,(anonymous_6)
FN:169,(anonymous_7)
FN:201,(anonymous_8)
FN:207,(anonymous_9)
FNF:10
FNH:0
FNDA:0,(anonymous_0)
FNDA:0,(anonymous_1)
FNDA:0,(anonymous_2)
FNDA:0,(anonymous_3)
FNDA:0,(anonymous_4)
FNDA:0,(anonymous_5)
FNDA:0,(anonymous_6)
FNDA:0,(anonymous_7)
FNDA:0,(anonymous_8)
FNDA:0,(anonymous_9)
DA:65,1
DA:66,0
DA:67,0
DA:74,0
DA:77,0
DA:78,0
DA:79,0
DA:81,0
DA:90,0
DA:93,0
DA:94,0
DA:95,0
DA:97,0
DA:105,0
DA:106,0
DA:116,0
DA:117,0
DA:119,0
DA:121,0
DA:123,0
DA:127,0
DA:128,0
DA:129,0
DA:130,0
DA:132,0
DA:133,0
DA:134,0
DA:135,0
DA:137,0
DA:141,0
DA:142,0
DA:143,0
DA:146,0
DA:157,0
DA:169,0
DA:201,0
DA:207,0
LF:37
LH:1
BRDA:78,0,0,0
BRDA:78,0,1,0
BRDA:94,1,0,0
BRDA:94,1,1,0
BRDA:101,2,0,0
BRDA:101,2,1,0
BRDA:117,3,0,0
BRDA:117,3,1,0
BRDA:117,3,2,0
BRDA:132,4,0,0
BRDA:132,4,1,0
BRDA:134,5,0,0
BRDA:134,5,1,0
BRDA:146,6,0,0
BRDA:146,6,1,0
BRDA:157,7,0,0
BRDA:157,7,1,0
BRDA:204,8,0,0
BRDA:204,8,1,0
BRDA:222,9,0,0
BRDA:222,9,1,0
BRDA:226,10,0,0
BRDA:226,10,1,0
BRDA:229,11,0,0
BRDA:229,11,1,0
BRDA:239,12,0,0
BRDA:239,12,1,0
BRDA:243,13,0,0
BRDA:243,13,1,0
BRDA:246,14,0,0
BRDA:246,14,1,0
BRDA:259,15,0,0
BRDA:259,15,1,0
BRDA:272,16,0,0
BRDA:272,16,1,0
BRDA:324,17,0,0
BRDA:324,17,1,0
BRDA:394,18,0,0
BRDA:394,18,1,0
BRF:39
BRH:0
end_of_record
TN:
SF:src/pages/AuthRedirect.tsx
FN:5,(anonymous_0)
FN:11,(anonymous_1)
FN:14,(anonymous_2)
FN:34,(anonymous_3)
FN:40,(anonymous_4)
FNF:5
FNH:0
FNDA:0,(anonymous_0)
FNDA:0,(anonymous_1)
FNDA:0,(anonymous_2)
FNDA:0,(anonymous_3)
FNDA:0,(anonymous_4)
DA:5,1
DA:6,0
DA:7,0
DA:8,0
DA:9,0
DA:11,0
DA:13,0
DA:14,0
DA:18,0
DA:34,0
DA:40,0
LF:11
LH:1
BRDA:13,0,0,0
BRDA:13,0,1,0
BRDA:13,1,0,0
BRDA:13,1,1,0
BRDA:13,1,2,0
BRDA:18,2,0,0
BRDA:18,2,1,0
BRDA:18,3,0,0
BRDA:18,3,1,0
BRDA:18,3,2,0
BRDA:53,4,0,0
BRDA:53,4,1,0
BRDA:56,5,0,0
BRDA:56,5,1,0
BRF:14
BRH:0
end_of_record
TN:
SF:src/pages/Booking.tsx
FN:19,(anonymous_0)
FN:26,(anonymous_1)
FN:38,(anonymous_2)
FN:52,(anonymous_3)
FNF:4
FNH:0
FNDA:0,(anonymous_0)
FNDA:0,(anonymous_1)
FNDA:0,(anonymous_2)
FNDA:0,(anonymous_3)
DA:19,1
DA:20,0
DA:21,0
DA:22,0
DA:24,0
DA:26,0
DA:27,0
DA:29,0
DA:32,0
DA:36,0
DA:39,0
DA:50,0
DA:52,0
DA:58,0
DA:63,0
DA:76,0
LF:16
LH:1
BRDA:27,0,0,0
BRDA:27,0,1,0
BRDA:27,1,0,0
BRDA:27,1,1,0
BRDA:42,2,0,0
BRDA:42,2,1,0
BRDA:46,3,0,0
BRDA:46,3,1,0
BRDA:46,3,2,0
BRDA:63,4,0,0
BRDA:63,4,1,0
BRDA:63,5,0,0
BRDA:63,5,1,0
BRDA:76,6,0,0
BRDA:76,6,1,0
BRDA:153,7,0,0
BRDA:153,7,1,0
BRDA:185,8,0,0
BRDA:185,8,1,0
BRF:19
BRH:0
end_of_record
TN:
SF:src/pages/Detail.tsx
FN:27,(anonymous_0)
FN:32,(anonymous_1)
FN:50,(anonymous_2)
FNF:3
FNH:0
FNDA:0,(anonymous_0)
FNDA:0,(anonymous_1)
FNDA:0,(anonymous_2)
DA:27,1
DA:28,0
DA:30,0
DA:32,0
DA:39,0
DA:50,0
DA:51,0
LF:7
LH:1
BRDA:32,0,0,0
BRDA:32,0,1,0
BRDA:39,1,0,0
BRDA:39,1,1,0
BRDA:98,2,0,0
BRDA:98,2,1,0
BRDA:104,3,0,0
BRDA:104,3,1,0
BRDA:106,4,0,0
BRDA:106,4,1,0
BRDA:120,5,0,0
BRDA:120,5,1,0
BRDA:177,6,0,0
BRDA:177,6,1,0
BRDA:184,7,0,0
BRDA:184,7,1,0
BRDA:247,8,0,0
BRDA:247,8,1,0
BRDA:264,9,0,0
BRDA:264,9,1,0
BRF:20
BRH:0
end_of_record
TN:
SF:src/pages/EditHotel.tsx
FN:7,(anonymous_0)
FN:14,(anonymous_1)
FN:21,(anonymous_2)
FN:29,(anonymous_3)
FN:33,(anonymous_4)
FN:43,(anonymous_5)
FNF:6
FNH:0
FNDA:0,(anonymous_0)
FNDA:0,(anonymous_1)
FNDA:0,(anonymous_2)
FNDA:0,(anonymous_3)
FNDA:0,(anonymous_4)
FNDA:0,(anonymous_5)
DA:7,1
DA:8,0
DA:9,0
DA:10,0
DA:12,0
DA:14,0
DA:20,0
DA:22,0
DA:29,0
DA:30,0
DA:34,0
DA:43,0
DA:44,0
LF:13
LH:1
BRDA:14,0,0,0
BRDA:14,0,1,0
BRF:2
BRH:0
end_of_record
TN:
SF:src/pages/Home.tsx
FN:82,(anonymous_0)
FN:89,(anonymous_1)
FN:95,(anonymous_2)
FN:99,(anonymous_3)
FN:111,(anonymous_4)
FN:114,(anonymous_5)
FN:278,(anonymous_6)
FNF:7
FNH:4
FNDA:2,(anonymous_0)
FNDA:1,(anonymous_1)
FNDA:0,(anonymous_2)
FNDA:1,(anonymous_3)
FNDA:1,(anonymous_4)
FNDA:0,(anonymous_5)
FNDA:0,(anonymous_6)
DA:10,1
DA:31,1
DA:58,1
DA:67,1
DA:82,1
DA:89,2
DA:92,2
DA:93,2
DA:95,2
DA:96,0
DA:99,2
DA:100,1
DA:101,0
DA:104,1
DA:105,0
DA:108,1
DA:111,2
DA:112,1
DA:113,1
DA:114,0
DA:115,0
DA:116,0
DA:117,0
DA:120,0
DA:278,0
LF:25
LH:16
BRDA:100,0,0,0
BRDA:100,0,1,1
BRDA:104,1,0,0
BRDA:104,1,1,1
BRDA:104,2,0,1
BRDA:104,2,1,0
BRDA:113,3,0,0
BRDA:113,3,1,1
BRDA:116,4,0,0
BRDA:116,4,1,0
BRDA:275,5,0,0
BRDA:275,5,1,0
BRF:12
BRH:4
end_of_record
TN:
SF:src/pages/MyBookings.tsx
FN:37,(anonymous_0)
FN:58,(anonymous_1)
FN:61,(anonymous_2)
FN:72,(anonymous_3)
FN:82,(anonymous_4)
FN:87,(anonymous_5)
FN:96,(anonymous_6)
FN:127,(anonymous_7)
FN:131,(anonymous_8)
FN:134,(anonymous_9)
FN:137,(anonymous_10)
FN:151,(anonymous_11)
FN:168,(anonymous_12)
FN:183,(anonymous_13)
FN:274,(anonymous_14)
FN:336,(anonymous_15)
FN:514,(anonymous_16)
FN:523,(anonymous_17)
FNF:18
FNH:0
FNDA:0,(anonymous_0)
FNDA:0,(anonymous_1)
FNDA:0,(anonymous_2)
FNDA:0,(anonymous_3)
FNDA:0,(anonymous_4)
FNDA:0,(anonymous_5)
FNDA:0,(anonymous_6)
FNDA:0,(anonymous_7)
FNDA:0,(anonymous_8)
FNDA:0,(anonymous_9)
FNDA:0,(anonymous_10)
FNDA:0,(anonymous_11)
FNDA:0,(anonymous_12)
FNDA:0,(anonymous_13)
FNDA:0,(anonymous_14)
FNDA:0,(anonymous_15)
FNDA:0,(anonymous_16)
FNDA:0,(anonymous_17)
DA:37,1
DA:38,0
DA:39,0
DA:41,0
DA:42,0
DA:47,0
DA:49,0
DA:57,0
DA:59,0
DA:62,0
DA:63,0
DA:68,0
DA:69,0
DA:70,0
DA:73,0
DA:82,0
DA:83,0
DA:84,0
DA:87,0
DA:88,0
DA:89,0
DA:96,0
DA:98,0
DA:99,0
DA:100,0
DA:104,0
DA:105,0
DA:106,0
DA:108,0
DA:111,0
DA:126,0
DA:127,0
DA:131,0
DA:132,0
DA:134,0
DA:135,0
DA:138,0
DA:139,0
DA:140,0
DA:147,0
DA:151,0
DA:152,0
DA:154,0
DA:156,0
DA:158,0
DA:160,0
DA:162,0
DA:164,0
DA:168,0
DA:169,0
DA:171,0
DA:173,0
DA:175,0
DA:177,0
DA:179,0
DA:183,0
DA:184,0
DA:275,0
DA:276,0
DA:277,0
DA:280,0
DA:287,0
DA:288,0
DA:337,0
DA:514,0
DA:524,0
DA:525,0
DA:526,0
LF:68
LH:1
BRDA:88,0,0,0
BRDA:88,0,1,0
BRDA:99,1,0,0
BRDA:99,1,1,0
BRDA:99,2,0,0
BRDA:99,2,1,0
BRDA:111,3,0,0
BRDA:111,3,1,0
BRDA:111,4,0,0
BRDA:111,4,1,0
BRDA:147,5,0,0
BRDA:147,5,1,0
BRDA:152,6,0,0
BRDA:152,6,1,0
BRDA:152,6,2,0
BRDA:152,6,3,0
BRDA:152,6,4,0
BRDA:152,6,5,0
BRDA:169,7,0,0
BRDA:169,7,1,0
BRDA:169,7,2,0
BRDA:169,7,3,0
BRDA:169,7,4,0
BRDA:264,8,0,0
BRDA:264,8,1,0
BRDA:278,9,0,0
BRDA:278,9,1,0
BRDA:287,10,0,0
BRDA:287,10,1,0
BRDA:300,11,0,0
BRDA:300,11,1,0
BRDA:303,12,0,0
BRDA:303,12,1,0
BRDA:317,13,0,0
BRDA:317,13,1,0
BRDA:320,14,0,0
BRDA:320,14,1,0
BRDA:322,15,0,0
BRDA:322,15,1,0
BRDA:327,16,0,0
BRDA:327,16,1,0
BRDA:330,17,0,0
BRDA:330,17,1,0
BRF:43
BRH:0
end_of_record
TN:
SF:src/pages/MyFacilityBookings.tsx
FN:44,(anonymous_0)
FN:58,(anonymous_1)
FN:61,(anonymous_2)
FN:72,(anonymous_3)
FN:82,(anonymous_4)
FN:87,(anonymous_5)
FN:96,(anonymous_6)
FN:107,(anonymous_7)
FN:122,(anonymous_8)
FN:166,(anonymous_9)
FN:167,(anonymous_10)
FN:202,(anonymous_11)
FN:314,(anonymous_12)
FN:360,(anonymous_13)
FN:369,(anonymous_14)
FNF:15
FNH:0
FNDA:0,(anonymous_0)
FNDA:0,(anonymous_1)
FNDA:0,(anonymous_2)
FNDA:0,(anonymous_3)
FNDA:0,(anonymous_4)
FNDA:0,(anonymous_5)
FNDA:0,(anonymous_6)
FNDA:0,(anonymous_7)
FNDA:0,(anonymous_8)
FNDA:0,(anonymous_9)
FNDA:0,(anonymous_10)
FNDA:0,(anonymous_11)
FNDA:0,(anonymous_12)
FNDA:0,(anonymous_13)
FNDA:0,(anonymous_14)
DA:35,1
DA:44,1
DA:45,0
DA:46,0
DA:48,0
DA:49,0
DA:50,0
DA:52,0
DA:57,0
DA:59,0
DA:62,0
DA:63,0
DA:68,0
DA:69,0
DA:70,0
DA:73,0
DA:82,0
DA:83,0
DA:84,0
DA:87,0
DA:88,0
DA:89,0
DA:96,0
DA:97,0
DA:98,0
DA:99,0
DA:101,0
DA:102,0
DA:103,0
DA:104,0
DA:107,0
DA:108,0
DA:110,0
DA:112,0
DA:114,0
DA:116,0
DA:118,0
DA:122,0
DA:123,0
DA:125,0
DA:127,0
DA:129,0
DA:131,0
DA:133,0
DA:137,0
DA:148,0
DA:165,0
DA:166,0
DA:167,0
DA:203,0
DA:204,0
DA:205,0
DA:206,0
DA:314,0
DA:360,0
DA:370,0
DA:371,0
DA:372,0
LF:58
LH:2
BRDA:88,0,0,0
BRDA:88,0,1,0
BRDA:98,1,0,0
BRDA:98,1,1,0
BRDA:108,2,0,0
BRDA:108,2,1,0
BRDA:108,2,2,0
BRDA:108,2,3,0
BRDA:108,2,4,0
BRDA:123,3,0,0
BRDA:123,3,1,0
BRDA:123,3,2,0
BRDA:123,3,3,0
BRDA:123,3,4,0
BRDA:137,4,0,0
BRDA:137,4,1,0
BRDA:148,5,0,0
BRDA:148,5,1,0
BRDA:148,6,0,0
BRDA:148,6,1,0
BRDA:166,7,0,0
BRDA:166,7,1,0
BRDA:206,8,0,0
BRDA:206,8,1,0
BRDA:274,9,0,0
BRDA:274,9,1,0
BRF:26
BRH:0
end_of_record
TN:
SF:src/pages/MyHotelRoomInstances.tsx
FN:19,(anonymous_0)
FN:30,(anonymous_1)
FN:37,(anonymous_2)
FN:39,(anonymous_3)
FN:43,(anonymous_4)
FN:49,(anonymous_5)
FN:53,(anonymous_6)
FN:84,(anonymous_7)
FN:98,(anonymous_8)
FN:104,(anonymous_9)
FN:126,(anonymous_10)
FNF:11
FNH:0
FNDA:0,(anonymous_0)
FNDA:0,(anonymous_1)
FNDA:0,(anonymous_2)
FNDA:0,(anonymous_3)
FNDA:0,(anonymous_4)
FNDA:0,(anonymous_5)
FNDA:0,(anonymous_6)
FNDA:0,(anonymous_7)
FNDA:0,(anonymous_8)
FNDA:0,(anonymous_9)
FNDA:0,(anonymous_10)
DA:19,1
DA:20,0
DA:21,0
DA:22,0
DA:24,0
DA:25,0
DA:26,0
DA:28,0
DA:30,0
DA:36,0
DA:37,0
DA:40,0
DA:41,0
DA:44,0
DA:49,0
DA:50,0
DA:53,0
DA:54,0
DA:55,0
DA:58,0
DA:84,0
DA:98,0
DA:104,0
DA:126,0
LF:24
LH:1
BRDA:30,0,0,0
BRDA:30,0,1,0
BRDA:30,1,0,0
BRDA:30,1,1,0
BRDA:32,2,0,0
BRDA:32,2,1,0
BRDA:37,3,0,0
BRDA:37,3,1,0
BRDA:58,4,0,0
BRDA:58,4,1,0
BRDA:82,5,0,0
BRDA:82,5,1,0
BRDA:83,6,0,0
BRDA:83,6,1,0
BRDA:94,7,0,0
BRDA:94,7,1,0
BRDA:108,8,0,0
BRDA:108,8,1,0
BRDA:124,9,0,0
BRDA:124,9,1,0
BRF:20
BRH:0
end_of_record
TN:
SF:src/pages/MyHotelRooms.tsx
FN:19,(anonymous_0)
FN:32,(anonymous_1)
FN:39,(anonymous_2)
FN:41,(anonymous_3)
FN:45,(anonymous_4)
FN:51,(anonymous_5)
FN:55,(anonymous_6)
FN:85,(anonymous_7)
FN:109,(anonymous_8)
FN:115,(anonymous_9)
FN:137,(anonymous_10)
FNF:11
FNH:0
FNDA:0,(anonymous_0)
FNDA:0,(anonymous_1)
FNDA:0,(anonymous_2)
FNDA:0,(anonymous_3)
FNDA:0,(anonymous_4)
FNDA:0,(anonymous_5)
FNDA:0,(anonymous_6)
FNDA:0,(anonymous_7)
FNDA:0,(anonymous_8)
FNDA:0,(anonymous_9)
FNDA:0,(anonymous_10)
DA:19,1
DA:20,0
DA:21,0
DA:22,0
DA:24,0
DA:25,0
DA:26,0
DA:30,0
DA:32,0
DA:38,0
DA:39,0
DA:42,0
DA:43,0
DA:46,0
DA:51,0
DA:52,0
DA:55,0
DA:56,0
DA:57,0
DA:60,0
DA:85,0
DA:109,0
DA:115,0
DA:137,0
LF:24
LH:1
BRDA:32,0,0,0
BRDA:32,0,1,0
BRDA:39,1,0,0
BRDA:39,1,1,0
BRDA:60,2,0,0
BRDA:60,2,1,0
BRDA:84,3,0,0
BRDA:84,3,1,0
BRDA:119,4,0,0
BRDA:119,4,1,0
BRDA:135,5,0,0
BRDA:135,5,1,0
BRF:12
BRH:0
end_of_record
TN:
SF:src/pages/MyHotels.tsx
FN:20,(anonymous_0)
FN:31,(anonymous_1)
FN:36,(anonymous_2)
FN:41,(anonymous_3)
FN:117,(anonymous_4)
FN:135,(anonymous_5)
FN:153,(anonymous_6)
FN:224,(anonymous_7)
FN:294,(anonymous_8)
FNF:9
FNH:0
FNDA:0,(anonymous_0)
FNDA:0,(anonymous_1)
FNDA:0,(anonymous_2)
FNDA:0,(anonymous_3)
FNDA:0,(anonymous_4)
FNDA:0,(anonymous_5)
FNDA:0,(anonymous_6)
FNDA:0,(anonymous_7)
FNDA:0,(anonymous_8)
DA:20,1
DA:21,0
DA:25,0
DA:27,0
DA:36,0
DA:37,0
DA:38,0
DA:41,0
DA:42,0
DA:43,0
DA:46,0
DA:117,0
DA:135,0
DA:153,0
DA:224,0
DA:294,0
LF:16
LH:1
BRDA:46,0,0,0
BRDA:46,0,1,0
BRDA:117,1,0,0
BRDA:117,1,1,0
BRDA:135,2,0,0
BRDA:135,2,1,0
BRDA:150,3,0,0
BRDA:150,3,1,0
BRDA:153,4,0,0
BRDA:153,4,1,0
BRDA:187,5,0,0
BRDA:187,5,1,0
BRDA:245,6,0,0
BRDA:245,6,1,0
BRDA:250,7,0,0
BRDA:250,7,1,0
BRDA:250,8,0,0
BRDA:250,8,1,0
BRDA:259,9,0,0
BRDA:259,9,1,0
BRDA:265,10,0,0
BRDA:265,10,1,0
BRDA:271,11,0,0
BRDA:271,11,1,0
BRF:24
BRH:0
end_of_record
TN:
SF:src/pages/Search.tsx
FN:14,(anonymous_0)
FN:29,(anonymous_1)
FN:49,(anonymous_2)
FN:53,(anonymous_3)
FN:55,(anonymous_4)
FN:58,(anonymous_5)
FN:62,(anonymous_6)
FN:64,(anonymous_7)
FN:67,(anonymous_8)
FN:71,(anonymous_9)
FN:73,(anonymous_10)
FN:76,(anonymous_11)
FN:108,(anonymous_12)
FN:123,(anonymous_13)
FN:139,(anonymous_14)
FNF:15
FNH:3
FNDA:7,(anonymous_0)
FNDA:4,(anonymous_1)
FNDA:2,(anonymous_2)
FNDA:0,(anonymous_3)
FNDA:0,(anonymous_4)
FNDA:0,(anonymous_5)
FNDA:0,(anonymous_6)
FNDA:0,(anonymous_7)
FNDA:0,(anonymous_8)
FNDA:0,(anonymous_9)
FNDA:0,(anonymous_10)
FNDA:0,(anonymous_11)
FNDA:0,(anonymous_12)
FNDA:0,(anonymous_13)
FNDA:0,(anonymous_14)
DA:14,2
DA:15,7
DA:16,7
DA:18,7
DA:19,7
DA:20,7
DA:21,7
DA:22,7
DA:23,7
DA:25,7
DA:26,7
DA:29,7
DA:30,4
DA:31,2
DA:35,7
DA:49,7
DA:50,2
DA:53,7
DA:54,0
DA:55,0
DA:56,0
DA:58,0
DA:62,7
DA:63,0
DA:64,0
DA:65,0
DA:67,0
DA:71,7
DA:72,0
DA:73,0
DA:74,0
DA:76,0
DA:108,0
DA:123,0
DA:139,0
LF:35
LH:20
BRDA:26,0,0,7
BRDA:26,0,1,0
BRDA:26,0,2,0
BRDA:30,1,0,2
BRDA:30,1,1,2
BRDA:30,2,0,4
BRDA:30,2,1,4
BRDA:36,3,0,7
BRDA:36,3,1,0
BRDA:37,4,0,7
BRDA:37,4,1,6
BRDA:38,5,0,7
BRDA:38,5,1,6
BRDA:39,6,0,7
BRDA:39,6,1,6
BRDA:40,7,0,7
BRDA:40,7,1,6
BRDA:56,8,0,0
BRDA:56,8,1,0
BRDA:65,9,0,0
BRDA:65,9,1,0
BRDA:74,10,0,0
BRDA:74,10,1,0
BRDA:116,11,0,6
BRDA:116,11,1,0
BRDA:137,12,0,7
BRDA:137,12,1,4
BRDA:138,13,0,7
BRDA:138,13,1,4
BRF:29
BRH:19
end_of_record
TN:
SF:src/pages/StaffDashboard.tsx
FN:61,(anonymous_0)
FN:83,(anonymous_1)
FN:93,(anonymous_2)
FN:101,(anonymous_3)
FN:115,(anonymous_4)
FN:123,(anonymous_5)
FN:135,(anonymous_6)
FN:149,(anonymous_7)
FN:164,(anonymous_8)
FN:180,(anonymous_9)
FN:218,(anonymous_10)
FN:221,(anonymous_11)
FN:224,(anonymous_12)
FN:229,(anonymous_13)
FN:234,(anonymous_14)
FN:245,(anonymous_15)
FN:250,(anonymous_16)
FN:255,(anonymous_17)
FN:266,(anonymous_18)
FN:294,(anonymous_19)
FN:301,(anonymous_20)
FN:381,(anonymous_21)
FN:388,(anonymous_22)
FN:444,(anonymous_23)
FN:509,(anonymous_24)
FN:521,(anonymous_25)
FN:570,(anonymous_26)
FN:618,(anonymous_27)
FN:659,(anonymous_28)
FN:668,(anonymous_29)
FN:678,(anonymous_30)
FN:687,(anonymous_31)
FN:696,(anonymous_32)
FN:711,(anonymous_33)
FN:717,(anonymous_34)
FNF:35
FNH:0
FNDA:0,(anonymous_0)
FNDA:0,(anonymous_1)
FNDA:0,(anonymous_2)
FNDA:0,(anonymous_3)
FNDA:0,(anonymous_4)
FNDA:0,(anonymous_5)
FNDA:0,(anonymous_6)
FNDA:0,(anonymous_7)
FNDA:0,(anonymous_8)
FNDA:0,(anonymous_9)
FNDA:0,(anonymous_10)
FNDA:0,(anonymous_11)
FNDA:0,(anonymous_12)
FNDA:0,(anonymous_13)
FNDA:0,(anonymous_14)
FNDA:0,(anonymous_15)
FNDA:0,(anonymous_16)
FNDA:0,(anonymous_17)
FNDA:0,(anonymous_18)
FNDA:0,(anonymous_19)
FNDA:0,(anonymous_20)
FNDA:0,(anonymous_21)
FNDA:0,(anonymous_22)
FNDA:0,(anonymous_23)
FNDA:0,(anonymous_24)
FNDA:0,(anonymous_25)
FNDA:0,(anonymous_26)
FNDA:0,(anonymous_27)
FNDA:0,(anonymous_28)
FNDA:0,(anonymous_29)
FNDA:0,(anonymous_30)
FNDA:0,(anonymous_31)
FNDA:0,(anonymous_32)
FNDA:0,(anonymous_33)
FNDA:0,(anonymous_34)
DA:61,1
DA:62,0
DA:63,0
DA:65,0
DA:66,0
DA:67,0
DA:68,0
DA:69,0
DA:70,0
DA:71,0
DA:72,0
DA:81,0
DA:85,0
DA:88,0
DA:89,0
DA:100,0
DA:102,0
DA:111,0
DA:112,0
DA:116,0
DA:117,0
DA:124,0
DA:134,0
DA:136,0
DA:145,0
DA:146,0
DA:150,0
DA:155,0
DA:156,0
DA:165,0
DA:175,0
DA:176,0
DA:177,0
DA:178,0
DA:180,0
DA:181,0
DA:182,0
DA:185,0
DA:186,0
DA:188,0
DA:192,0
DA:196,0
DA:197,0
DA:201,0
DA:203,0
DA:205,0
DA:207,0
DA:209,0
DA:212,0
DA:217,0
DA:219,0
DA:222,0
DA:225,0
DA:226,0
DA:227,0
DA:230,0
DA:234,0
DA:235,0
DA:242,0
DA:245,0
DA:246,0
DA:247,0
DA:250,0
DA:251,0
DA:252,0
DA:255,0
DA:256,0
DA:257,0
DA:261,0
DA:262,0
DA:266,0
DA:267,0
DA:268,0
DA:272,0
DA:273,0
DA:294,0
DA:301,0
DA:381,0
DA:388,0
DA:445,0
DA:446,0
DA:447,0
DA:448,0
DA:509,0
DA:521,0
DA:570,0
DA:618,0
DA:659,0
DA:668,0
DA:678,0
DA:687,0
DA:696,0
DA:711,0
DA:717,0
LF:94
LH:1
BRDA:88,0,0,0
BRDA:88,0,1,0
BRDA:111,1,0,0
BRDA:111,1,1,0
BRDA:145,2,0,0
BRDA:145,2,1,0
BRDA:180,3,0,0
BRDA:180,3,1,0
BRDA:185,4,0,0
BRDA:185,4,1,0
BRDA:188,5,0,0
BRDA:188,5,1,0
BRDA:188,5,2,0
BRDA:188,5,3,0
BRDA:192,6,0,0
BRDA:192,6,1,0
BRDA:196,7,0,0
BRDA:196,7,1,0
BRDA:196,8,0,0
BRDA:196,8,1,0
BRDA:201,9,0,0
BRDA:201,9,1,0
BRDA:201,9,2,0
BRDA:201,9,3,0
BRDA:201,9,4,0
BRDA:201,9,5,0
BRDA:203,10,0,0
BRDA:203,10,1,0
BRDA:218,11,0,0
BRDA:218,11,1,0
BRDA:221,12,0,0
BRDA:221,12,1,0
BRDA:224,13,0,0
BRDA:224,13,1,0
BRDA:227,14,0,0
BRDA:227,14,1,0
BRDA:227,14,2,0
BRDA:229,15,0,0
BRDA:229,15,1,0
BRDA:242,16,0,0
BRDA:242,16,1,0
BRDA:256,17,0,0
BRDA:256,17,1,0
BRDA:267,18,0,0
BRDA:267,18,1,0
BRDA:563,19,0,0
BRDA:563,19,1,0
BRDA:611,20,0,0
BRDA:611,20,1,0
BRF:49
BRH:0
end_of_record
TN:
SF:src/pages/UserProfile.tsx
FN:45,(anonymous_0)
FN:58,(anonymous_1)
FN:84,(anonymous_2)
FN:162,(anonymous_3)
FN:186,(anonymous_4)
FN:197,(anonymous_5)
FN:206,(anonymous_6)
FN:215,(anonymous_7)
FN:219,(anonymous_8)
FN:228,(anonymous_9)
FN:247,(anonymous_10)
FN:352,(anonymous_11)
FN:362,(anonymous_12)
FN:390,(anonymous_13)
FN:405,(anonymous_14)
FN:428,(anonymous_15)
FN:628,(anonymous_16)
FN:668,(anonymous_17)
FN:742,(anonymous_18)
FNF:19
FNH:0
FNDA:0,(anonymous_0)
FNDA:0,(anonymous_1)
FNDA:0,(anonymous_2)
FNDA:0,(anonymous_3)
FNDA:0,(anonymous_4)
FNDA:0,(anonymous_5)
FNDA:0,(anonymous_6)
FNDA:0,(anonymous_7)
FNDA:0,(anonymous_8)
FNDA:0,(anonymous_9)
FNDA:0,(anonymous_10)
FNDA:0,(anonymous_11)
FNDA:0,(anonymous_12)
FNDA:0,(anonymous_13)
FNDA:0,(anonymous_14)
FNDA:0,(anonymous_15)
FNDA:0,(anonymous_16)
FNDA:0,(anonymous_17)
FNDA:0,(anonymous_18)
DA:37,1
DA:45,1
DA:55,0
DA:56,0
DA:58,0
DA:59,0
DA:60,0
DA:61,0
DA:62,0
DA:68,0
DA:69,0
DA:76,0
DA:84,0
DA:85,0
DA:86,0
DA:87,0
DA:93,0
DA:101,0
DA:162,1
DA:163,0
DA:164,0
DA:165,0
DA:167,0
DA:168,0
DA:174,0
DA:182,0
DA:187,0
DA:196,0
DA:198,0
DA:199,0
DA:204,0
DA:207,0
DA:215,0
DA:216,0
DA:219,0
DA:220,0
DA:221,0
DA:222,0
DA:225,0
DA:228,0
DA:229,0
DA:230,0
DA:231,0
DA:234,0
DA:238,0
DA:239,0
DA:240,0
DA:241,0
DA:245,0
DA:247,0
DA:248,0
DA:249,0
DA:253,0
DA:352,0
DA:362,0
DA:390,0
DA:405,0
DA:428,0
DA:629,0
DA:669,0
DA:742,0
LF:61
LH:3
BRDA:60,0,0,0
BRDA:60,0,1,0
BRDA:78,1,0,0
BRDA:78,1,1,0
BRDA:86,2,0,0
BRDA:86,2,1,0
BRDA:101,3,0,0
BRDA:101,3,1,0
BRDA:121,4,0,0
BRDA:121,4,1,0
BRDA:122,5,0,0
BRDA:122,5,1,0
BRDA:141,6,0,0
BRDA:141,6,1,0
BRDA:188,7,0,0
BRDA:188,7,1,0
BRDA:189,8,0,0
BRDA:189,8,1,0
BRDA:190,9,0,0
BRDA:190,9,1,0
BRDA:221,10,0,0
BRDA:221,10,1,0
BRDA:230,11,0,0
BRDA:230,11,1,0
BRDA:238,12,0,0
BRDA:238,12,1,0
BRDA:241,13,0,0
BRDA:241,13,1,0
BRDA:248,14,0,0
BRDA:248,14,1,0
BRDA:253,15,0,0
BRDA:253,15,1,0
BRDA:395,16,0,0
BRDA:395,16,1,0
BRDA:410,17,0,0
BRDA:410,17,1,0
BRDA:434,18,0,0
BRDA:434,18,1,0
BRDA:449,19,0,0
BRDA:449,19,1,0
BRDA:459,20,0,0
BRDA:459,20,1,0
BRDA:534,21,0,0
BRDA:534,21,1,0
BRF:44
BRH:0
end_of_record
